 ALAI   VAL    PRO    PHE    VAL    GLU    ASP    TRP    ASP    LEU  
 VAL    GLN    THR    LEU    GLY    GLU    GLU    VAL    GLN    LEU  
 ALA    VAL    ASN    ARG    VAL    THR    GLU    GLU    ALA    VAL  
 ALA    VAL    LYS    ILE    VAL    ASP    ASN    ILE    LYS    LYS  
 GLU    ILE    CYSH   ILE    ASN    LYS    MET    LEU    ASN    HISE 
 GLU    ASN    VAL    VAL    LYS    PHE    TYR    GLY    HISD   ARG  
 ARG    GLU    ILE    GLN    TYR    LEU    PHE    LEU    GLU    TYR  
 CYSH   SER    GLY    GLY    GLU    LEU    PHE    ASP    ARG    ILE  
 GLU    PRO    ASP    ILE    GLY    MET    PRO    GLU    PRO    ASP  
 ALA    GLN    ARG    PHE    PHE    HISE   GLN    LEU    MET    ALA  
 GLY    VAL    VAL    TYR    LEU    HISP   GLY    ILE    GLY    ILE  
 THR    HISE   ARG    ASP    ILE    LYS    PRO    GLU    ASN    LEU  
 LEU    LEU    ASP    GLU    ARG    ASP    ASN    LEU    LYS    ILE  
 SER    ASP    PHE    GLY    LEU    ALA    THR    VAL    PHE    ARG  
 TYR    ASN    ASN    ARG    GLU    ARG    LEU    LEU    ASN    LYS  
 MET    CYSH   GLY    THR    LEU    PRO    TYR    VAL    ALA    PRO  
 GLU    LEU    LEU    LYS    ARG    ARG    GLU    PHE    HISD   ALA  
 GLU    PRO    VAL    ASP    VAL    TRP    SER    CYSH   GLY    ILE  
 VAL    LEU    THR    ALA    MET    LEU    ALA    GLY    GLU    LEU  
 PRO    TRP    ASP    GLN    PRO    SER    ASP    SER    CYSH   GLN  
 GLU    TYR    SER    ASP    TRP    LYS    GLU    LYS    LYS    THR  
 TYR    LEU    ASN    PRO    TRP    LYS    LYS    ILE    ASP    SER  
 ALA    PRO    LEU    ALA    LEU    LEU    HISD   LYS    ILE    LEU  
 VAL    GLU    ASN    PRO    SER    ALA    ARG    ILE    THR    ILE  
 PRO    ASP    ILE    LYS    LYS    ASP    ARG    TRP    TYR    ASN  
 LYS    PRO    LEU    LYS    LYS    GLYT 

NUMERO DE AMINOACIDOS DA CADEIA : 256

RECONSTRUCAO  DO ATOMO   339  CG  DO AMINOACIDO    37 ASN  
RECONSTRUCAO  DO ATOMO   340  OD1 DO AMINOACIDO    37 ASN  
RECONSTRUCAO  DO ATOMO   341  ND2 DO AMINOACIDO    37 ASN  

NUMERO DE ATOMOS DA CADEIA :  2548

FORAM RECONSTRUIDOS     1 ATOMOS DE HIDROGENIO
