 PROI   TYR    THR    VAL    VAL    TYR    PHE    PRO    VAL    ARG  
 GLY    ARG    CYSH   ALA    ALA    LEU    ARG    MET    LEU    LEU  
 ALA    ASP    GLN    GLY    GLN    SER    TRP    LYS    GLU    GLU  
 VAL    VAL    THR    VAL    GLU    THR    TRP    GLN    GLU    GLY  
 SER    LEU    LYS    ALA    SER    CYSH   LEU    TYR    GLY    GLN  
 LEU    PRO    LYS    PHE    GLN    ASP    GLY    ASP    LEU    THR  
 LEU    TYR    GLN    SER    ASN    THR    ILE    LEU    ARG    HISP 
 LEU    GLY    ARG    THR    LEU    GLY    LEU    TYR    GLY    LYS  
 ASP    GLN    GLN    GLU    ALA    ALA    LEU    VAL    ASP    MET  
 VAL    ASN    ASPN2  GLY    VAL    GLU    ASPN2  LEU    ARG    CYSH 
 LYS    TYR    ILE    SER    LEU    ILE    TYR    THR    ASN    TYR  
 GLU    ALA    GLY    LYS    ASP    ASP    TYR    VAL    LYS    ALA  
 LEU    PRO    GLY    GLN    LEU    LYS    PRO    PHE    GLU    THR  
 LEU    LEU    SER    GLN    ASN    GLN    GLY    GLY    LYS    THR  
 PHE    ILE    VAL    GLY    ASP    GLN    ILE    SER    PHE    ALA  
 ASP    TYR    ASN    LEU    LEU    ASP    LEU    LEU    LEU    ILE  
 HISD   GLU    VAL    LEU    ALA    PRO    GLY    CYSH   LEU    ASP  
 ALA    PHE    PRO    LEU    LEU    SER    ALA    TYR    VAL    GLY  
 ARG    LEU    SER    ALA    ARG    PRO    LYS    LEU    LYS    ALA  
 PHE    LEU    ALA    SER    PRO    GLU    TYR    VAL    ASN    LEU  
 PRO    ILE    ASN    GLY    ASN    GLY    LYS    GLNT 

NUMERO DE AMINOACIDOS DA CADEIA : 208


NUMERO DE ATOMOS DA CADEIA :  1989

 PROI   TYR    THR    VAL    VAL    TYR    PHE    PRO    VAL    ARG  
 GLY    ARG    CYSH   ALA    ALA    LEU    ARG    MET    LEU    LEU  
 ALA    ASP    GLN    GLY    GLN    SER    TRP    LYS    GLU    GLU  
 VAL    VAL    THR    VAL    GLU    THR    TRP    GLN    GLU    GLY  
 SER    LEU    LYS    ALA    SER    CYSH   LEU    TYR    GLY    GLN  
 LEU    PRO    LYS    PHE    GLN    ASP    GLY    ASP    LEU    THR  
 LEU    TYR    GLN    SER    ASN    THR    ILE    LEU    ARG    HISP 
 LEU    GLY    ARG    THR    LEU    GLY    LEU    TYR    GLY    LYS  
 ASP    GLN    GLN    GLU    ALA    ALA    LEU    VAL    ASP    MET  
 VAL    ASN    ASPN2  GLY    VAL    GLU    ASPN2  LEU    ARG    CYSH 
 LYS    TYR    ILE    SER    LEU    ILE    TYR    THR    ASN    TYR  
 GLU    ALA    GLY    LYS    ASP    ASP    TYR    VAL    LYS    ALA  
 LEU    PRO    GLY    GLN    LEU    LYS    PRO    PHE    GLU    THR  
 LEU    LEU    SER    GLN    ASN    GLN    GLY    GLY    LYS    THR  
 PHE    ILE    VAL    GLY    ASP    GLN    ILE    SER    PHE    ALA  
 ASP    TYR    ASN    LEU    LEU    ASP    LEU    LEU    LEU    ILE  
 HISD   GLU    VAL    LEU    ALA    PRO    GLY    CYSH   LEU    ASP  
 ALA    PHE    PRO    LEU    LEU    SER    ALA    TYR    VAL    GLY  
 ARG    LEU    SER    ALA    ARG    PRO    LYS    LEU    LYS    ALA  
 PHE    LEU    ALA    SER    PRO    GLU    TYR    VAL    ASN    LEU  
 PRO    ILE    ASN    GLY    ASN    GLY    LYS    GLNT 

NUMERO DE AMINOACIDOS DA CADEIA : 208


NUMERO DE ATOMOS DA CADEIA :  1990

