 LYSI   ARG    GLN    TRP    ALA    LEU    GLU    ASP    PHE    GLU  
 ILE    GLY    ARG    PRO    LEU    GLY    LYS    GLY    LYS    PHE  
 GLY    ASN    VAL    TYR    LEU    ALA    ARG    GLU    LYS    GLN  
 SER    LYS    PHE    ILE    LEU    ALA    LEU    LYS    VAL    LEU  
 PHE    LYS    ALA    GLN    LEU    GLU    LYS    ALA    GLY    VAL  
 GLU    HISE   GLN    LEU    ARG    ARG    GLU    VAL    GLU    ILE  
 GLN    SER    HISP   LEU    ARG    HISE   PRO    ASN    ILE    LEU  
 ARG    LEU    TYR    GLY    TYR    PHE    HISD   ASP    ALA    THR  
 ARG    VAL    TYR    LEU    ILE    LEU    GLU    TYR    ALA    PRO  
 ARG    GLY    GLU    VAL    TYR    LYS    GLU    LEU    GLN    LYS  
 LEU    SER    LYS    PHE    ASP    GLU    GLN    ARG    THR    ALA  
 THR    TYR    ILE    THR    GLU    LEU    ALA    ASN    ALA    LEU  
 SER    TYR    CYSH   HISE   SER    LYS    ARG    VAL    ILE    HISD 
 ARG    ASP    ILE    LYS    PRO    GLU    ASN    LEU    LEU    LEU  
 GLY    SER    ALA    GLY    GLU    LEU    LYS    ILE    ALA    ASPN2
 PHE    GLY    TRP    SER    VAL    HISE   ALA    PRO    SER    SER  
 ARG    ARG    THR    THR    LEU    GLY    THR    LEU    ASPN2  TYR  
 LEU    PRO    PRO    GLU    MET    ILE    GLU    GLY    ARG    MET  
 HISD   ASP    GLU    LYS    VAL    ASP    LEU    TRP    SER    LEU  
 GLY    VAL    LEU    CYSH   TYR    GLU    PHE    LEU    VAL    GLY  
 LYS    PRO    PRO    PHE    GLU    ALA    ASN    THR    TYR    GLN  
 GLU    THR    TYR    LYS    ARG    ILE    SER    ARG    VAL    GLU  
 PHE    THR    PHE    PRO    ASP    PHE    VAL    THR    GLU    GLY  
 ALA    ARG    ASP    LEU    ILE    SER    ARG    LEU    LEU    LYS  
 HISP   ASN    PRO    SER    GLN    ARG    PRO    MET    LEU    ARG  
 GLU    VAL    LEU    GLU    HISE   PRO    TRP    ILE    THR    ALA  
 ASN    SER    SER    LYSNT

NUMERO DE AMINOACIDOS DA CADEIA : 264

RECONSTRUCAO  DO ATOMO   330  CD  DO AMINOACIDO    32 LYS  
RECONSTRUCAO  DO ATOMO   331  CE  DO AMINOACIDO    32 LYS  
RECONSTRUCAO  DO ATOMO   332  NZ  DO AMINOACIDO    32 LYS  
RECONSTRUCAO  DO ATOMO  2025  CD  DO AMINOACIDO   201 LYS  
RECONSTRUCAO  DO ATOMO  2026  CE  DO AMINOACIDO   201 LYS  
RECONSTRUCAO  DO ATOMO  2027  NZ  DO AMINOACIDO   201 LYS  
RECONSTRUCAO  DO ATOMO  2532  CG  DO AMINOACIDO   250 ARG  
RECONSTRUCAO  DO ATOMO  2533  CD  DO AMINOACIDO   250 ARG  
RECONSTRUCAO  DO ATOMO  2534  NE  DO AMINOACIDO   250 ARG  
RECONSTRUCAO  DO ATOMO  2535  CZ  DO AMINOACIDO   250 ARG  
RECONSTRUCAO  DO ATOMO  2537  NH1 DO AMINOACIDO   250 ARG  
RECONSTRUCAO  DO ATOMO  2540  NH2 DO AMINOACIDO   250 ARG  
RECONSTRUCAO  DO ATOMO  2680  OXT DO AMINOACIDO   264 LYSNT

NUMERO DE ATOMOS DA CADEIA :  2680

FORAM RECONSTRUIDOS    11 ATOMOS DE HIDROGENIO
