 ALAI   VAL    PRO    PHE    VAL    GLU    ASP    TRP    ASP    LEU  
 VAL    GLN    THR    LEU    GLY    GLU    GLY    ALA    TYR    GLY  
 GLU    VAL    GLN    LEU    ALA    VAL    ASN    ARG    VAL    THR  
 GLU    GLU    ALA    VAL    ALA    VAL    LYS    ILE    VAL    ASP  
 MET    LYS    ARG    CYSH   PRO    GLU    ASN    ILE    LYS    LYS  
 GLU    ILE    CYSH   ILE    ASN    LYS    MET    LEU    ASN    HISE 
 GLU    ASN    VAL    VAL    LYS    PHE    TYR    GLY    HISD   ARG  
 ARG    GLU    GLY    ASN    ILE    GLN    TYR    LEU    PHE    LEU  
 GLU    TYR    CYSH   SER    GLY    GLY    GLU    LEU    PHE    ASP  
 ARG    ILE    GLU    PRO    ASP    ILE    GLY    MET    PRO    GLU  
 PRO    ASP    ALA    GLN    ARG    PHE    PHE    HISE   GLN    LEU  
 MET    ALA    GLY    VAL    VAL    TYR    LEU    HISP   GLY    ILE  
 GLY    ILE    THR    HISE   ARG    ASP    ILE    LYS    PRO    GLU  
 ASN    LEU    LEU    LEU    ASP    GLU    ARG    ASP    ASN    LEU  
 LYS    ILE    SER    ASP    PHE    GLY    LEU    ALA    THR    VAL  
 PHE    ARG    TYR    ASN    ASN    ARG    GLU    ARG    LEU    LEU  
 ASN    LYS    MET    CYSH   GLY    THR    LEU    PRO    TYR    VAL  
 ALA    PRO    GLU    LEU    LEU    LYS    ARG    ARG    GLU    PHE  
 HISD   ALA    GLU    PRO    VAL    ASP    VAL    TRP    SER    CYSH 
 GLY    ILE    VAL    LEU    THR    ALA    MET    LEU    ALA    GLY  
 GLU    LEU    PRO    TRP    ASP    GLN    PRO    SER    ASP    SER  
 CYSH   GLN    GLU    TYR    SER    ASP    TRP    LYS    GLU    LYS  
 LYS    THR    TYR    LEU    ASN    PRO    TRP    LYS    LYS    ILE  
 ASP    SER    ALA    PRO    LEU    ALA    LEU    LEU    HISD   LYS  
 ILE    LEU    VAL    GLU    ASN    PRO    SER    ALA    ARG    ILE  
 THR    ILE    PRO    ASP    ILE    LYS    LYS    ASP    ARG    TRP  
 TYR    ASN    LYS    PRO    LEU    LYS    LYS    GLY    ALA    LYS  
 ARG    PROT 

NUMERO DE AMINOACIDOS DA CADEIA : 272

RECONSTRUCAO  DO ATOMO   378  CG  DO AMINOACIDO    42 LYS  
RECONSTRUCAO  DO ATOMO   379  CD  DO AMINOACIDO    42 LYS  
RECONSTRUCAO  DO ATOMO   380  CE  DO AMINOACIDO    42 LYS  
RECONSTRUCAO  DO ATOMO   381  NZ  DO AMINOACIDO    42 LYS  
RECONSTRUCAO  DO ATOMO   391  CG  DO AMINOACIDO    43 ARG  
RECONSTRUCAO  DO ATOMO   392  CD  DO AMINOACIDO    43 ARG  
RECONSTRUCAO  DO ATOMO   393  NE  DO AMINOACIDO    43 ARG  
RECONSTRUCAO  DO ATOMO   394  CZ  DO AMINOACIDO    43 ARG  
RECONSTRUCAO  DO ATOMO   396  NH1 DO AMINOACIDO    43 ARG  
RECONSTRUCAO  DO ATOMO   399  NH2 DO AMINOACIDO    43 ARG  
RECONSTRUCAO  DO ATOMO   433  CG  DO AMINOACIDO    47 ASN  
RECONSTRUCAO  DO ATOMO   434  OD1 DO AMINOACIDO    47 ASN  
RECONSTRUCAO  DO ATOMO   435  ND2 DO AMINOACIDO    47 ASN  
RECONSTRUCAO  DO ATOMO  2668  CG  DO AMINOACIDO   270 LYS  
RECONSTRUCAO  DO ATOMO  2669  CD  DO AMINOACIDO   270 LYS  
RECONSTRUCAO  DO ATOMO  2670  CE  DO AMINOACIDO   270 LYS  
RECONSTRUCAO  DO ATOMO  2671  NZ  DO AMINOACIDO   270 LYS  
RECONSTRUCAO  DO ATOMO  2681  CG  DO AMINOACIDO   271 ARG  
RECONSTRUCAO  DO ATOMO  2682  CD  DO AMINOACIDO   271 ARG  
RECONSTRUCAO  DO ATOMO  2683  NE  DO AMINOACIDO   271 ARG  
RECONSTRUCAO  DO ATOMO  2684  CZ  DO AMINOACIDO   271 ARG  
RECONSTRUCAO  DO ATOMO  2686  NH1 DO AMINOACIDO   271 ARG  
RECONSTRUCAO  DO ATOMO  2689  NH2 DO AMINOACIDO   271 ARG  
RECONSTRUCAO  DO ATOMO  2697  CG  DO AMINOACIDO   272 PROT 
RECONSTRUCAO  DO ATOMO  2698  CD  DO AMINOACIDO   272 PROT 
RECONSTRUCAO  DO ATOMO  2701  OXT DO AMINOACIDO   272 PROT 

NUMERO DE ATOMOS DA CADEIA :  2701

FORAM RECONSTRUIDOS    18 ATOMOS DE HIDROGENIO
