 CYSHI  PRO    LEU    MET    VAL    LYS    VAL    LEU    ASP    ALA  
 VAL    ARG    GLY    SER    PRO    ALA    ILE    ASN    VAL    ALA  
 VAL    HISD   VAL    PHE    ARG    LYS    ALA    ALA    ASP    ASP  
 THR    TRP    GLU    PRO    PHE    ALA    SER    GLY    LYS    THR  
 SER    GLU    SER    GLY    GLU    LEU    HISP   GLY    LEU    THR  
 THR    GLU    GLU    GLU    PHE    VAL    GLU    GLY    ILE    TYR  
 LYS    VAL    GLU    ILE    ASP    THR    LYS    SER    TYR    TRP  
 LYS    ALA    LEU    GLY    ILE    SER    PRO    PHE    HISE   GLU  
 HISE   ALA    GLU    VAL    VAL    PHE    THR    ALA    ASN    ASP  
 SER    GLY    PRO    ARG    ARG    TYR    THR    ILE    ALA    ALA  
 LEU    LEU    SER    PRO    TYR    SER    TYR    SER    THR    THR  
 ALA    VAL    VAL    THR    ASNT        

NUMERO DE AMINOACIDOS DA CADEIA : 116

RECONSTRUCAO  DO ATOMO   886  NE  DO AMINOACIDO    95 ARG  
RECONSTRUCAO  DO ATOMO   887  CZ  DO AMINOACIDO    95 ARG  
RECONSTRUCAO  DO ATOMO   889  NH1 DO AMINOACIDO    95 ARG  
RECONSTRUCAO  DO ATOMO   892  NH2 DO AMINOACIDO    95 ARG  
RECONSTRUCAO  DO ATOMO  1084  O   DO AMINOACIDO   116 PROT 
RECONSTRUCAO  DO ATOMO  1085  OXT DO AMINOACIDO   116 PROT 

NUMERO DE ATOMOS DA CADEIA :  1085

FORAM RECONSTRUIDOS     5 ATOMOS DE HIDROGENIO
 CYSHI  PRO    LEU    MET    VAL    LYS    VAL    LEU    ASP    ALA  
 VAL    ARG    GLY    SER    PRO    ALA    ILE    ASN    VAL    ALA  
 VAL    HISD   VAL    PHE    ARG    LYS    ALA    ALA    ASP    ASP  
 THR    TRP    GLU    PRO    PHE    ALA    SER    GLY    LYS    THR  
 SER    GLU    SER    GLY    GLU    LEU    HISP   GLY    LEU    THR  
 THR    GLU    GLU    GLU    PHE    VAL    GLU    GLY    ILE    TYR  
 LYS    VAL    GLU    ILE    ASP    THR    LYS    SER    TYR    TRP  
 LYS    ALA    LEU    GLY    ILE    SER    PRO    PHE    HISE   GLU  
 HISE   ALA    GLU    VAL    VAL    PHE    THR    ALA    ASN    ASP  
 SER    GLY    PRO    ARG    ARG    TYR    THR    ILE    ALA    ALA  
 LEU    LEU    SER    PRO    TYR    SER    TYR    SER    THR    THR  
 ALA    VAL    VAL    THR    ASNT 

NUMERO DE AMINOACIDOS DA CADEIA : 115

RECONSTRUCAO  DO ATOMO   867  CG  DO AMINOACIDO    94 ARG  
RECONSTRUCAO  DO ATOMO   868  CD  DO AMINOACIDO    94 ARG  
RECONSTRUCAO  DO ATOMO   869  NE  DO AMINOACIDO    94 ARG  
RECONSTRUCAO  DO ATOMO   870  CZ  DO AMINOACIDO    94 ARG  
RECONSTRUCAO  DO ATOMO   872  NH1 DO AMINOACIDO    94 ARG  
RECONSTRUCAO  DO ATOMO   875  NH2 DO AMINOACIDO    94 ARG  
RECONSTRUCAO  DO ATOMO   886  NE  DO AMINOACIDO    95 ARG  
RECONSTRUCAO  DO ATOMO   887  CZ  DO AMINOACIDO    95 ARG  
RECONSTRUCAO  DO ATOMO   889  NH1 DO AMINOACIDO    95 ARG  
RECONSTRUCAO  DO ATOMO   892  NH2 DO AMINOACIDO    95 ARG  
RECONSTRUCAO  DO ATOMO  1078  OXT DO AMINOACIDO   115 ASNT 

NUMERO DE ATOMOS DA CADEIA :  1078

FORAM RECONSTRUIDOS    10 ATOMOS DE HIDROGENIO
 CYSHI  PRO    LEU    MET    VAL    LYS    VAL    LEU    ASP    ALA  
 VAL    ARG    GLY    SER    PRO    ALA    ILE    ASN    VAL    ALA  
 VAL    HISD   VAL    PHE    ARG    LYS    ALA    ALA    ASP    ASP  
 THR    TRP    GLU    PRO    PHE    ALA    SER    GLY    LYS    THR  
 SER    GLU    SER    GLY    GLU    LEU    HISP   GLY    LEU    THR  
 THR    GLU    GLU    GLU    PHE    VAL    GLU    GLY    ILE    TYR  
 LYS    VAL    GLU    ILE    ASP    THR    LYS    SER    TYR    TRP  
 LYS    ALA    LEU    GLY    ILE    SER    PRO    PHE    HISE   GLU  
 HISE   ALA    GLU    VAL    VAL    PHE    THR    ALA    ASN    ASP  
 SER    GLY    PRO    ARG    ARG    TYR    THR    ILE    ALA    ALA  
 LEU    LEU    SER    PRO    TYR    SER    TYR    SER    THR    THR  
 ALA    VAL    VAL    THR    ASNT        

NUMERO DE AMINOACIDOS DA CADEIA : 116

RECONSTRUCAO  DO ATOMO   886  NE  DO AMINOACIDO    95 ARG  
RECONSTRUCAO  DO ATOMO   887  CZ  DO AMINOACIDO    95 ARG  
RECONSTRUCAO  DO ATOMO   889  NH1 DO AMINOACIDO    95 ARG  
RECONSTRUCAO  DO ATOMO   892  NH2 DO AMINOACIDO    95 ARG  
RECONSTRUCAO  DO ATOMO  1084  O   DO AMINOACIDO   116 PROT 
RECONSTRUCAO  DO ATOMO  1085  OXT DO AMINOACIDO   116 PROT 

NUMERO DE ATOMOS DA CADEIA :  1085

FORAM RECONSTRUIDOS     5 ATOMOS DE HIDROGENIO
 CYSHI  PRO    LEU    MET    VAL    LYS    VAL    LEU    ASP    ALA  
 VAL    ARG    GLY    SER    PRO    ALA    ILE    ASN    VAL    ALA  
 VAL    HISD   VAL    PHE    ARG    LYS    ALA    ALA    ASP    ASP  
 THR    TRP    GLU    PRO    PHE    ALA    SER    GLY    LYS    THR  
 SER    GLU    SER    GLY    GLU    LEU    HISP   GLY    LEU    THR  
 THR    GLU    GLU    GLU    PHE    VAL    GLU    GLY    ILE    TYR  
 LYS    VAL    GLU    ILE    ASP    THR    LYS    SER    TYR    TRP  
 LYS    ALA    LEU    GLY    ILE    SER    PRO    PHE    HISE   GLU  
 HISE   ALA    GLU    VAL    VAL    PHE    THR    ALA    ASN    ASP  
 SER    GLY    PRO    ARG    ARG    TYR    THR    ILE    ALA    ALA  
 LEU    LEU    SER    PRO    TYR    SER    TYR    SER    THR    THR  
 ALA    VAL    VAL    THR    ASNT 

NUMERO DE AMINOACIDOS DA CADEIA : 115

RECONSTRUCAO  DO ATOMO   867  CG  DO AMINOACIDO    94 ARG  
RECONSTRUCAO  DO ATOMO   868  CD  DO AMINOACIDO    94 ARG  
RECONSTRUCAO  DO ATOMO   869  NE  DO AMINOACIDO    94 ARG  
RECONSTRUCAO  DO ATOMO   870  CZ  DO AMINOACIDO    94 ARG  
RECONSTRUCAO  DO ATOMO   872  NH1 DO AMINOACIDO    94 ARG  
RECONSTRUCAO  DO ATOMO   875  NH2 DO AMINOACIDO    94 ARG  
RECONSTRUCAO  DO ATOMO   886  NE  DO AMINOACIDO    95 ARG  
RECONSTRUCAO  DO ATOMO   887  CZ  DO AMINOACIDO    95 ARG  
RECONSTRUCAO  DO ATOMO   889  NH1 DO AMINOACIDO    95 ARG  
RECONSTRUCAO  DO ATOMO   892  NH2 DO AMINOACIDO    95 ARG  
RECONSTRUCAO  DO ATOMO  1078  OXT DO AMINOACIDO   115 ASNT 

NUMERO DE ATOMOS DA CADEIA :  1078

FORAM RECONSTRUIDOS    10 ATOMOS DE HIDROGENIO
