 METI   GLU    ASN    PHE    GLN    LYSN   VAL    GLU    LYS    ILE  
 GLY    GLU    GLY    THR    TYR    GLY    VAL    VAL    TYR    LYS  
 ALA    ARG    ASN    LYS    LEU    THR    GLY    GLU    VAL    VAL  
 ALA    LEU    LYS    LYS    ILE    ARG    LEU    ARG    GLU    ILE  
 SER    LEU    LEU    LYS    GLU    LEU    ASN    HISE   PRO    ASN  
 ILE    VAL    LYS    LEU    LEU    ASP    VAL    ILE    HISD   THR  
 GLU    ASN    LYS    LEU    TYR    LEU    VAL    PHE    GLU    PHE  
 LEU    HISE   GLN    ASP    LEU    LYS    LYS    PHE    MET    ASP  
 ALA    SER    ALA    LEU    THR    GLY    ILE    PRO    LEU    PRO  
 LEU    ILE    LYS    SER    TYR    LEU    PHE    GLN    LEU    LEU  
 GLN    GLY    LEU    ALA    PHE    CYSH   HISE   SER    HISD   ARG  
 VAL    LEU    HISE   ARG    ASP    LEU    LYS    PRO    GLN    ASN  
 LEU    LEU    ILE    ASN    THR    GLU    GLY    ALA    ILE    LYS  
 LEU    ALA    ASP    PHE    GLY    LEU    ALA    PHE    GLY    VAL  
 PRO    VAL    ARG    THR    TYR    THR    HISE   GLU    VAL    VAL  
 THR    LEU    TRP    TYR    ARG    ALA    PRO    GLU    ILE    LEU  
 LEU    GLY    CYSH   LYS    TYR    TYR    SER    THR    ALA    VAL  
 ASP    ILE    TRP    SER    LEU    GLY    CYSH   ILE    PHE    ALA  
 GLU    MET    VAL    THR    ARG    ARG    ALA    LEU    PHE    PRO  
 GLY    ASP    SER    GLU    ILE    ASP    GLN    LEU    PHE    ARG  
 ILE    PHE    ARG    THR    LEU    GLY    THR    PRO    ASP    GLU  
 VAL    VAL    TRP    PRO    GLY    VAL    THR    SER    MET    PRO  
 ASP    TYR    LYS    PRO    SER    PHE    PRO    LYS    TRP    ALA  
 ARG    GLN    ASP    PHE    SER    LYS    VAL    VAL    PRO    PRO  
 LEU    ASP    GLU    ASP    GLY    ARG    SER    LEU    LEU    SER  
 GLN    MET    LEU    HISD   TYR    ASP    PRO    ASN    LYS    ARG  
 ILE    SER    ALA    LYS    ALA    ALA    LEU    ALA    HISE   PRO  
 PHE    PHE    GLN    ASP    VAL    THR    LYS    PRO    VAL    PRO  
 HISD   LEU    ARG    LEUT 

NUMERO DE AMINOACIDOS DA CADEIA : 284

RECONSTRUCAO  DO ATOMO   376  CG  DO AMINOACIDO    38 ARG  
RECONSTRUCAO  DO ATOMO   377  CD  DO AMINOACIDO    38 ARG  
RECONSTRUCAO  DO ATOMO   378  NE  DO AMINOACIDO    38 ARG  
RECONSTRUCAO  DO ATOMO   379  CZ  DO AMINOACIDO    38 ARG  
RECONSTRUCAO  DO ATOMO   381  NH1 DO AMINOACIDO    38 ARG  
RECONSTRUCAO  DO ATOMO   384  NH2 DO AMINOACIDO    38 ARG  

NUMERO DE ATOMOS DA CADEIA :  2791

FORAM RECONSTRUIDOS     4 ATOMOS DE HIDROGENIO
