 GLUI   MET    LYS    PRO    HISE   PRO    TRP    PHE    PHE    GLY  
 LYS    ILE    PRO    ARG    ALA    LYS    ALA    GLU    GLU    MET  
 LEU    SER    LYS    GLN    ARG    HISD   ASP    GLY    ALA    PHE  
 LEU    ILE    ARG    GLU    SER    GLU    SER    ALA    PRO    GLY  
 ASP    PHE    SER    LEU    SER    VAL    LYS    PHE    GLY    ASN  
 ASP    VAL    GLN    HISE   PHE    LYS    VAL    LEU    ARG    ASP  
 GLY    ALA    GLY    LYS    TYR    PHE    LEU    TRP    VAL    VAL  
 LYS    PHE    ASN    SER    LEU    ASN    GLU    LEU    VAL    ASP  
 TYR    HISD   ARG    SER    THR    SER    VAL    SER    ARG    ASN  
 GLN    GLN    ILE    PHE    LEU    ARG    ASP    ILE    GLU    GLN  
 VALT 

NUMERO DE AMINOACIDOS DA CADEIA : 101

RECONSTRUCAO  DO ATOMO     1  N   DO AMINOACIDO     1 GLUI 
RECONSTRUCAO  DO ATOMO     4  CG  DO AMINOACIDO     1 GLUI 
RECONSTRUCAO  DO ATOMO     5  CD  DO AMINOACIDO     1 GLUI 
RECONSTRUCAO  DO ATOMO     6  OE1 DO AMINOACIDO     1 GLUI 
RECONSTRUCAO  DO ATOMO     7  OE2 DO AMINOACIDO     1 GLUI 
RECONSTRUCAO  DO ATOMO  1029  OXT DO AMINOACIDO   101 VALT 

NUMERO DE ATOMOS DA CADEIA :  1029

FORAM RECONSTRUIDOS     3 ATOMOS DE HIDROGENIO
