 CYSHI  PRO    LEU    MET    VAL    LYS    VAL    LEU    ASP    ALA  
 VAL    ARG    GLY    SER    PRO    ALA    ILE    ASN    VAL    ALA  
 VAL    HISD   VAL    PHE    ARG    LYS    ALA    ALA    ASP    ASP  
 THR    TRP    GLU    PRO    PHE    ALA    SER    GLY    LYS    THR  
 SER    GLU    SER    GLY    GLU    LEU    HISE   GLY    LEU    THR  
 THR    GLU    GLU    GLU    PHE    VAL    GLU    GLY    ILE    TYR  
 LYS    VAL    GLU    ILE    ASP    THR    LYS    SER    TYR    TRP  
 LYS    ALA    LEU    GLY    ILE    SER    PRO    PHE    HISE   GLU  
 HISP   ALA    GLUN2  VAL    VAL    PHE    THR    ALA    ASN    ASP  
 PRO    ARG    ARG    TYR    THR    ILE    ALA    ALA    LEU    LEU  
 SER    PRO    TYR    SER    TYR    SER    THR    THR    ALA    VAL  
 VAL    THR    ASNT                      

NUMERO DE AMINOACIDOS DA CADEIA : 116

RECONSTRUCAO  DO ATOMO  1084  OXT DO AMINOACIDO   116 PROT 

NUMERO DE ATOMOS DA CADEIA :  1084

FORAM RECONSTRUIDOS     0 ATOMOS DE HIDROGENIO
 CYSHI  PRO    LEU    MET    VAL    LYS    VAL    LEU    ASP    ALA  
 VAL    ARG    GLY    SER    PRO    ALA    ILE    ASN    VAL    ALA  
 VAL    HISD   VAL    PHE    ARG    LYS    ALA    ALA    ASP    ASP  
 THR    TRP    GLU    PRO    PHE    ALA    SER    GLY    LYS    THR  
 SER    GLU    SER    GLY    GLU    LEU    HISE   GLY    LEU    THR  
 THR    GLU    GLU    GLU    PHE    VAL    GLU    GLY    ILE    TYR  
 LYS    VAL    GLU    ILE    ASP    THR    LYS    SER    TYR    TRP  
 LYS    ALA    LEU    GLY    ILE    SER    PRO    PHE    HISE   GLU  
 HISP   ALA    GLUN2  VAL    VAL    PHE    THR    ALA    ASN    ASP  
 PRO    ARG    ARG    TYR    THR    ILE    ALA    ALA    LEU    LEU  
 SER    PRO    TYR    SER    TYR    SER    THR    THR    ALA    VAL  
 VAL    THR    ASNT 

NUMERO DE AMINOACIDOS DA CADEIA : 113

RECONSTRUCAO  DO ATOMO  1066  OXT DO AMINOACIDO   113 ASNT 

NUMERO DE ATOMOS DA CADEIA :  1066

FORAM RECONSTRUIDOS     0 ATOMOS DE HIDROGENIO
 CYSHI  PRO    LEU    MET    VAL    LYS    VAL    LEU    ASP    ALA  
 VAL    ARG    GLY    SER    PRO    ALA    ILE    ASN    VAL    ALA  
 VAL    HISD   VAL    PHE    ARG    LYS    ALA    ALA    ASP    ASP  
 THR    TRP    GLU    PRO    PHE    ALA    SER    GLY    LYS    THR  
 SER    GLU    SER    GLY    GLU    LEU    HISE   GLY    LEU    THR  
 THR    GLU    GLU    GLU    PHE    VAL    GLU    GLY    ILE    TYR  
 LYS    VAL    GLU    ILE    ASP    THR    LYS    SER    TYR    TRP  
 LYS    ALA    LEU    GLY    ILE    SER    PRO    PHE    HISE   GLU  
 HISP   ALA    GLUN2  VAL    VAL    PHE    THR    ALA    ASN    ASP  
 PRO    ARG    ARG    TYR    THR    ILE    ALA    ALA    LEU    LEU  
 SER    PRO    TYR    SER    TYR    SER    THR    THR    ALA    VAL  
 VAL    THR    ASNT                      

NUMERO DE AMINOACIDOS DA CADEIA : 116

RECONSTRUCAO  DO ATOMO  1084  OXT DO AMINOACIDO   116 PROT 

NUMERO DE ATOMOS DA CADEIA :  1084

FORAM RECONSTRUIDOS     0 ATOMOS DE HIDROGENIO
 CYSHI  PRO    LEU    MET    VAL    LYS    VAL    LEU    ASP    ALA  
 VAL    ARG    GLY    SER    PRO    ALA    ILE    ASN    VAL    ALA  
 VAL    HISD   VAL    PHE    ARG    LYS    ALA    ALA    ASP    ASP  
 THR    TRP    GLU    PRO    PHE    ALA    SER    GLY    LYS    THR  
 SER    GLU    SER    GLY    GLU    LEU    HISE   GLY    LEU    THR  
 THR    GLU    GLU    GLU    PHE    VAL    GLU    GLY    ILE    TYR  
 LYS    VAL    GLU    ILE    ASP    THR    LYS    SER    TYR    TRP  
 LYS    ALA    LEU    GLY    ILE    SER    PRO    PHE    HISE   GLU  
 HISP   ALA    GLUN2  VAL    VAL    PHE    THR    ALA    ASN    ASP  
 PRO    ARG    ARG    TYR    THR    ILE    ALA    ALA    LEU    LEU  
 SER    PRO    TYR    SER    TYR    SER    THR    THR    ALA    VAL  
 VAL    THR    ASNT 

NUMERO DE AMINOACIDOS DA CADEIA : 113

RECONSTRUCAO  DO ATOMO  1066  OXT DO AMINOACIDO   113 ASNT 

NUMERO DE ATOMOS DA CADEIA :  1066

FORAM RECONSTRUIDOS     0 ATOMOS DE HIDROGENIO
