 ARGI   PRO    THR    PHE    TYR    ARG    GLN    GLU    LEU    ASN  
 LYS    THR    ILE    TRP    GLU    VAL    PRO    GLU    ARG    TYR  
 GLN    ASN    LEU    SER    PRO    VAL    GLY    TYR    GLY    SER  
 VAL    CYSH   ALA    ALA    PHE    ASP    THR    LYS    THR    GLY  
 LEU    ARG    VAL    ALA    VAL    LYS    LYS    LEU    SER    ARG  
 PRO    PHE    GLN    SER    ILE    ILE    HISP   ALA    LYS    ARG  
 THR    TYR    ARG    GLU    LEU    ARG    LEU    LEU    LYS    HISD 
 MET    LYS    HISE   GLU    ASN    VAL    ILE    GLY    LEU    LEU  
 ASP    VAL    PHE    THR    PRO    ALA    ARG    SER    LEU    GLU  
 GLU    PHE    ASN    ASP    VAL    TYR    LEU    VAL    THR    HISE 
 LEU    MET    GLY    ALA    ASP    LEU    ASN    ASN    ILE    VAL  
 LYS    SER    GLN    LYS    LEU    THR    ASP    ASP    HISD   VAL  
 GLN    PHE    LEU    ILE    TYR    GLN    ILE    LEU    ARG    GLY  
 LEU    LYS    TYR    ILE    HISP   SER    ALA    ASP    ILE    ILE  
 HISE   ARG    ASP    LEU    LYS    PRO    SER    ASN    LEU    ALA  
 VAL    ASN    GLU    ASP    SER    GLU    LEU    LYS    ILE    LEU  
 ASP    PHE    GLY    THR    ARG    TRP    TYR    ARG    ALA    PRO  
 GLU    ILE    MET    LEU    ASN    TRP    MET    HISE   TYR    ASN  
 GLN    THR    VAL    ASP    ILE    TRP    SER    VAL    GLY    CYSH 
 ILE    MET    ALA    GLU    LEU    LEU    THR    GLY    ARG    THR  
 LEU    PHE    PRO    GLY    THR    ASP    HISP   ILE    ASP    GLN  
 LEU    LYS    LEU    ILE    LEU    ARG    LEU    VAL    GLY    THR  
 PRO    GLY    ALA    GLU    LEU    LEU    LYS    LYS    ILE    SER  
 SER    GLU    SER    ALA    ARG    ASN    TYR    ILE    GLN    SER  
 LEU    THR    GLN    MET    PRO    LYS    MET    ASN    PHE    ALA  
 ASN    VAL    PHE    ILE    GLY    ALA    ASN    PRO    LEU    ALA  
 VAL    ASP    LEU    LEU    GLU    LYS    MET    LEU    VAL    LEU  
 ASP    SER    ASP    LYS    ARG    ILE    THR    ALA    ALA    GLN  
 ALA    LEU    ALA    HISE   ALA    TYR    PHE    ALA    GLN    TYR  
 HISP   ASP    PRO    ASP    ASP    GLU    PRO    VAL    ALA    ASP  
 PRO    TYR    ASP    GLN    SER    LEU    GLU    SER    ARG    ASP  
 LEU    LEU    ILE    ASP    GLU    TRP    LYS    SER    LEU    THR  
 TYR    ASP    GLU    VAL    ILE    SER    PHE    VAL    PRO    PRO  
 PROT 

NUMERO DE AMINOACIDOS DA CADEIA : 331

RECONSTRUCAO  DO ATOMO   298  CG  DO AMINOACIDO    28 TYR  
RECONSTRUCAO  DO ATOMO   299  CD1 DO AMINOACIDO    28 TYR  
RECONSTRUCAO  DO ATOMO   300  CE1 DO AMINOACIDO    28 TYR  
RECONSTRUCAO  DO ATOMO   301  CZ  DO AMINOACIDO    28 TYR  
RECONSTRUCAO  DO ATOMO   302  CE2 DO AMINOACIDO    28 TYR  
RECONSTRUCAO  DO ATOMO   303  CD2 DO AMINOACIDO    28 TYR  
RECONSTRUCAO  DO ATOMO   304  OH  DO AMINOACIDO    28 TYR  
RECONSTRUCAO  DO ATOMO  1803  CG  DO AMINOACIDO   177 MET  
RECONSTRUCAO  DO ATOMO  1804  SD  DO AMINOACIDO   177 MET  
RECONSTRUCAO  DO ATOMO  1805  CE  DO AMINOACIDO   177 MET  
RECONSTRUCAO  DO ATOMO  3271  OXT DO AMINOACIDO   331 PROT 

NUMERO DE ATOMOS DA CADEIA :  3271

FORAM RECONSTRUIDOS     0 ATOMOS DE HIDROGENIO
