 GLYI   SER    PHE    VAL    GLU    MET    VAL    ASP    ASN    LEU  
 ARG    GLY    LYS    SER    GLY    GLN    GLY    TYR    TYR    VAL  
 GLU    MET    THR    VAL    GLY    SER    PRO    PRO    GLN    THR  
 LEU    ASN    ILE    LEU    VAL    ASP    THR    GLY    SER    SER  
 ASN    PHE    ALA    VAL    GLY    ALA    ALA    PRO    HISE   PRO  
 PHE    LEU    HISD   ARG    TYR    TYR    GLN    ARG    GLN    LEU  
 SER    SER    THR    TYR    ARG    ASP    LEU    ARG    LYS    GLY  
 VAL    TYR    VAL    PRO    TYR    THR    GLN    GLY    LYS    TRP  
 GLU    GLY    GLU    LEU    GLY    THR    ASP    LEU    VAL    SER  
 ILE    PRO    HISD   GLY    PRO    ASN    VAL    THR    VAL    ARG  
 ALA    ASN    ILE    ALA    ALA    ILE    THR    GLU    SER    ASP  
 LYS    PHE    PHE    ILE    ASN    GLY    SER    ASN    TRP    GLU  
 GLY    ILE    LEU    GLY    LEU    ALA    TYR    ALA    GLU    ILE  
 ALA    ARG    PRO    ASP    ASP    SER    LEU    GLU    PRO    PHE  
 PHE    ASP    SER    LEU    VAL    LYS    GLN    THR    HISE   VAL  
 PRO    ASN    LEU    PHE    SER    LEU    GLN    LEU    CYSS   GLY  
 ALA    GLY    PHE    PRO    LEU    ASN    GLN    SER    GLU    VAL  
 LEU    ALA    SER    VAL    GLY    GLY    SER    MET    ILE    ILE  
 GLY    GLY    ILE    ASP    HISE   SER    LEU    TYR    THR    GLY  
 SER    LEU    TRP    TYR    THR    PRO    ILE    ARG    ARG    GLU  
 TRP    TYR    TYR    GLU    VAL    ILE    ILE    VAL    ARG    VAL  
 GLU    ILE    ASN    GLY    GLN    ASP    LEU    LYS    MET    ASP  
 CYSS   LYS    GLU    TYR    ASN    TYR    ASP    LYS    SER    ILE  
 VAL    ASP    SER    GLY    THR    THR    ASN    LEU    ARG    LEU  
 PRO    LYS    LYS    VAL    PHE    GLU    ALA    ALA    VAL    LYS  
 SER    ILE    LYS    ALA    ALA    SER    SER    THR    GLU    LYS  
 PHE    PRO    ASP    GLY    PHE    TRP    LEU    GLY    GLU    GLN  
 LEU    VAL    CYSS   TRP    GLN    ALA    GLY    THR    THR    PRO  
 TRP    ASN    ILE    PHE    PRO    VAL    ILE    SER    LEU    TYR  
 LEU    MET    GLY    GLU    VAL    THR    ASN    GLN    SER    PHE  
 ARG    ILE    THR    ILE    LEU    PRO    GLN    GLN    TYR    LEU  
 ARG    PRO    VAL    GLU    ASP    VAL    ALA    THR    SER    GLN  
 ASP    ASP    CYSS   TYR    LYS    PHE    ALA    ILE    SER    GLN  
 SER    SER    THR    GLY    THR    VAL    MET    GLY    ALA    VAL  
 ILE    MET    GLU    GLY    PHE    TYR    VAL    VAL    PHE    ASP  
 ARG    ALA    ARG    LYS    ARG    ILE    GLY    PHE    ALA    VAL  
 SER    ALA    CYSS   HISD   VAL    HISD   ASP    GLU    PHE    ARG  
 THR    ALA    ALA    VAL    GLU    GLY    PRO    PHE    VAL    THR  
 LEU    ASP    MET    GLU    ASP    CYSS   GLY    TYR    ASN    ILET 


NUMERO DE AMINOACIDOS DA CADEIA : 390

RECONSTRUCAO  DO ATOMO  3712  OXT DO AMINOACIDO   390 ILET 

NUMERO DE ATOMOS DA CADEIA :  3712

FORAM RECONSTRUIDOS     0 ATOMOS DE HIDROGENIO
