 THRI   SER    ALA    VAL    GLN    GLN    LYS    LEU    ALA    ALA  
 LEU    GLU    LYS    SER    SER    GLY    GLY    ARG    LEU    GLY  
 VAL    ALA    LEU    ILE    ASP    THR    ALA    ASP    ASN    THR  
 GLN    VAL    LEU    TYR    ARG    GLY    ASP    GLU    ARG    PHE  
 PRO    MET    CYSH   SER    THR    SER    LYS    VAL    MET    ALA  
 ALA    ALA    ALA    VAL    LEU    LYS    GLN    SER    GLU    THR  
 GLN    LYS    GLN    LEU    LEU    ASN    GLN    PRO    VAL    GLU  
 ILE    LYS    PRO    ALA    ASP    LEU    VAL    ASN    TYR    ASN  
 PRO    ILE    ALA    GLU    LYS    HISD   VAL    ASN    GLY    THR  
 MET    THR    LEU    ALA    GLU    LEU    SER    ALA    ALA    ALA  
 LEU    GLN    TYR    SER    ASP    ASN    THR    ALA    MET    ASN  
 LYS    LEU    ILE    ALA    GLN    LEU    GLY    GLY    PRO    GLY  
 GLY    VAL    THR    ALA    PHE    ALA    ARG    ALA    ILE    GLY  
 ASP    GLU    THR    PHE    ARG    LEU    ASP    ARG    THR    GLU  
 PRO    THR    LEU    ASN    THR    ALA    ILE    PRO    GLY    ASP  
 PRO    ARG    ASP    THR    THR    THR    PRO    ARG    ALA    MET  
 ALA    GLN    THR    LEU    ARG    GLN    LEU    THR    LEU    GLY  
 HISD   ALA    LEU    GLY    GLU    THR    GLN    ARG    ALA    GLN  
 LEU    VAL    THR    TRP    LEU    LYS    GLY    ASN    THR    THR  
 GLY    ALA    ALA    SER    ILE    ARG    ALA    GLY    LEU    PRO  
 THR    SER    TRP    THR    ALA    GLY    ASP    LYSN   THR    GLY  
 SER    GLY    ASP    TYR    GLY    THR    THR    ASN    ASPN2  ILE  
 ALA    VAL    ILE    TRP    PRO    GLN    GLY    ARG    ALA    PRO  
 LEU    VAL    LEU    VAL    THR    TYR    PHE    THR    GLN    PRO  
 GLN    GLN    ASN    ALA    GLU    SER    ARG    ARG    ASP    VAL  
 LEU    ALA    SER    ALA    ALA    ARG    ILE    ILE    ALA    GLU  
 GLY    LEUT 

NUMERO DE AMINOACIDOS DA CADEIA : 262


NUMERO DE ATOMOS DA CADEIA :  2419

