 CYSHI  PRO    LEU    MET    VAL    LYS    VAL    LEU    ASP    ALA  
 VAL    ARG    GLY    SER    PRO    ALA    ILE    ASN    VAL    ALA  
 VAL    HISD   VAL    PHE    ARG    LYS    ALA    ALA    ASP    ASP  
 THR    TRP    GLU    PRO    PHE    ALA    SER    GLY    LYS    THR  
 SER    GLU    SER    GLY    GLU    LEU    HISP   GLY    LEU    THR  
 THR    GLU    GLU    GLU    PHE    VAL    GLU    GLY    ILE    TYR  
 LYS    VAL    GLU    ILE    ASP    THR    LYS    SER    TYR    TRP  
 LYS    ALA    LEU    GLY    ILE    SER    PRO    PHE    HISE   GLU  
 HISP   ALA    GLU    VAL    VAL    PHE    THR    ALA    ASN    ASP  
 SER    GLY    PRO    ARG    ARG    TYR    THR    ILE    ALA    ALA  
 LEU    LEU    SER    PRO    TYR    SER    TYR    SER    THR    THR  
 ALA    VAL    VAL    THR    ASNT        

NUMERO DE AMINOACIDOS DA CADEIA : 116

RECONSTRUCAO  DO ATOMO  1086  OXT DO AMINOACIDO   116 PROT 

NUMERO DE ATOMOS DA CADEIA :  1086

FORAM RECONSTRUIDOS     0 ATOMOS DE HIDROGENIO
 CYSHI  PRO    LEU    MET    VAL    LYS    VAL    LEU    ASP    ALA  
 VAL    ARG    GLY    SER    PRO    ALA    ILE    ASN    VAL    ALA  
 VAL    HISD   VAL    PHE    ARG    LYS    ALA    ALA    ASP    ASP  
 THR    TRP    GLU    PRO    PHE    ALA    SER    GLY    LYS    THR  
 SER    GLU    SER    GLY    GLU    LEU    HISP   GLY    LEU    THR  
 THR    GLU    GLU    GLU    PHE    VAL    GLU    GLY    ILE    TYR  
 LYS    VAL    GLU    ILE    ASP    THR    LYS    SER    TYR    TRP  
 LYS    ALA    LEU    GLY    ILE    SER    PRO    PHE    HISE   GLU  
 HISP   ALA    GLU    VAL    VAL    PHE    THR    ALA    ASN    ASP  
 SER    GLY    PRO    ARG    ARG    TYR    THR    ILE    ALA    ALA  
 LEU    LEU    SER    PRO    TYR    SER    TYR    SER    THR    THR  
 ALA    VAL    VAL    THR    ASNT 

NUMERO DE AMINOACIDOS DA CADEIA : 115

RECONSTRUCAO  DO ATOMO  1079  OXT DO AMINOACIDO   115 ASNT 

NUMERO DE ATOMOS DA CADEIA :  1079

FORAM RECONSTRUIDOS     0 ATOMOS DE HIDROGENIO
 CYSHI  PRO    LEU    MET    VAL    LYS    VAL    LEU    ASP    ALA  
 VAL    ARG    GLY    SER    PRO    ALA    ILE    ASN    VAL    ALA  
 VAL    HISD   VAL    PHE    ARG    LYS    ALA    ALA    ASP    ASP  
 THR    TRP    GLU    PRO    PHE    ALA    SER    GLY    LYS    THR  
 SER    GLU    SER    GLY    GLU    LEU    HISP   GLY    LEU    THR  
 THR    GLU    GLU    GLU    PHE    VAL    GLU    GLY    ILE    TYR  
 LYS    VAL    GLU    ILE    ASP    THR    LYS    SER    TYR    TRP  
 LYS    ALA    LEU    GLY    ILE    SER    PRO    PHE    HISE   GLU  
 HISP   ALA    GLU    VAL    VAL    PHE    THR    ALA    ASN    ASP  
 SER    GLY    PRO    ARG    ARG    TYR    THR    ILE    ALA    ALA  
 LEU    LEU    SER    PRO    TYR    SER    TYR    SER    THR    THR  
 ALA    VAL    VAL    THR    ASNT        

NUMERO DE AMINOACIDOS DA CADEIA : 116

RECONSTRUCAO  DO ATOMO  1086  OXT DO AMINOACIDO   116 PROT 

NUMERO DE ATOMOS DA CADEIA :  1086

FORAM RECONSTRUIDOS     0 ATOMOS DE HIDROGENIO
 CYSHI  PRO    LEU    MET    VAL    LYS    VAL    LEU    ASP    ALA  
 VAL    ARG    GLY    SER    PRO    ALA    ILE    ASN    VAL    ALA  
 VAL    HISD   VAL    PHE    ARG    LYS    ALA    ALA    ASP    ASP  
 THR    TRP    GLU    PRO    PHE    ALA    SER    GLY    LYS    THR  
 SER    GLU    SER    GLY    GLU    LEU    HISP   GLY    LEU    THR  
 THR    GLU    GLU    GLU    PHE    VAL    GLU    GLY    ILE    TYR  
 LYS    VAL    GLU    ILE    ASP    THR    LYS    SER    TYR    TRP  
 LYS    ALA    LEU    GLY    ILE    SER    PRO    PHE    HISE   GLU  
 HISP   ALA    GLU    VAL    VAL    PHE    THR    ALA    ASN    ASP  
 SER    GLY    PRO    ARG    ARG    TYR    THR    ILE    ALA    ALA  
 LEU    LEU    SER    PRO    TYR    SER    TYR    SER    THR    THR  
 ALA    VAL    VAL    THR    ASNT 

NUMERO DE AMINOACIDOS DA CADEIA : 115

RECONSTRUCAO  DO ATOMO  1079  OXT DO AMINOACIDO   115 ASNT 

NUMERO DE ATOMOS DA CADEIA :  1079

FORAM RECONSTRUIDOS     0 ATOMOS DE HIDROGENIO
