 LYSI   LYS    ARG    GLN    TRP    ALA    LEU    GLU    ASP    PHE  
 GLU    ILE    GLY    ARG    PRO    LEU    GLY    LYS    GLY    LYS  
 PHE    GLY    ASN    VAL    TYR    LEU    ALA    ARG    GLU    LYS  
 GLN    SER    LYS    PHE    ILE    LEU    ALA    LEU    LYS    VAL  
 LEU    PHE    LYS    ALA    GLN    LEU    GLU    LYS    ALA    GLY  
 VAL    GLU    HISE   GLN    LEU    ARG    ARG    GLU    VAL    GLU  
 ILE    GLN    SER    HISD   LEU    ARG    HISE   PRO    ASN    ILE  
 LEU    ARG    LEU    TYR    GLY    TYR    PHE    HISD   ASP    ALA  
 THR    ARG    VAL    TYR    LEU    ILE    LEU    GLU    TYR    ALA  
 PRO    LEU    GLY    THR    VAL    TYR    ARG    GLU    LEU    GLN  
 LYS    LEU    SER    LYS    PHE    ASP    GLU    GLN    ARG    THR  
 ALA    THR    TYR    ILE    THR    GLU    LEU    ALA    ASN    ALA  
 LEU    SER    TYR    CYSH   HISE   SER    LYS    ARG    VAL    ILE  
 HISE   ARG    ASP    ILE    LYS    PRO    GLU    ASN    LEU    LEU  
 LEU    GLY    SER    ALA    GLY    GLU    LEU    LYS    ILE    ALA  
 ASP    PHE    GLY    TRP    SER    VAL    HISD   ALA    PRO    SER  
 SER    ARG    ARG    ASP    THR    LEU    CYSH   GLY    THR    LEU  
 ASP    TYR    LEU    PRO    PRO    GLU    MET    ILE    GLU    GLY  
 ARG    MET    HISD   ASP    GLU    LYS    VAL    ASP    LEU    TRP  
 SER    LEU    GLY    VAL    LEU    CYSH   TYR    GLU    PHE    LEU  
 VAL    GLY    LYS    PRO    PRO    PHE    GLU    ALA    ASN    THR  
 TYR    GLN    GLU    THR    TYR    LYS    ARG    ILE    SER    ARG  
 VAL    GLU    PHE    THR    PHE    PRO    ASP    PHE    VAL    THR  
 GLU    GLY    ALA    ARG    ASP    LEU    ILE    SER    ARG    LEU  
 LEU    LYS    HISD   ASN    PRO    SER    GLN    ARG    PRO    MET  
 LEU    ARG    GLU    VAL    LEU    GLU    HISE   PRO    TRP    ILE  
 THR    ALA    ASN    SER    SER    LYSNT

NUMERO DE AMINOACIDOS DA CADEIA : 266

RECONSTRUCAO  DO ATOMO  2692  OXT DO AMINOACIDO   266 LYSNT

NUMERO DE ATOMOS DA CADEIA :  2692

FORAM RECONSTRUIDOS     0 ATOMOS DE HIDROGENIO
