 GLNI   ALA    ALA    VAL    ALA    SER    ALA    TYR    GLN    ARG  
 PHE    GLU    PRO    ARG    ALA    TYR    LEU    ARG    ASN    ASN  
 TYR    ALA    PRO    PRO    ARG    GLY    ASP    LEU    CYSH   ASN  
 PRO    ASN    GLY    VAL    GLY    PRO    TRP    LYS    LEU    ARG  
 CYSH   LEU    ALA    GLN    THR    PHE    ALA    THR    GLY    GLU  
 VAL    SER    GLY    ARG    THR    LEU    ILE    ASPN2  ILE    GLY  
 SER    GLY    PRO    THR    VAL    TYR    GLN    LEU    LEU    SER  
 ALA    CYSH   SER    HISE   PHE    GLU    ASP    ILE    THR    MET  
 THR    ASPN2  PHE    LEU    GLU    VAL    ASN    ARG    GLN    GLU  
 LEU    GLY    ARG    TRP    LEU    GLN    GLU    GLU    PRO    GLY  
 ALA    PHE    ASN    TRP    SER    MET    TYR    SER    GLN    HISP 
 ALA    CYSH   LEU    ILE    GLU    GLY    LYS    GLY    GLU    CYSH 
 TRP    GLN    ASP    LYS    GLUN2  ARG    GLN    LEU    ARG    ALA  
 ARG    VAL    LYS    ARG    VAL    LEU    PRO    ILE    ASP    VAL  
 HISP   GLN    PRO    GLN    PRO    LEU    GLY    ALA    GLY    SER  
 PRO    ALA    PRO    LEU    PRO    ALA    ASP    ALA    LEU    VAL  
 SER    ALA    PHE    CYSH   LEU    GLU    ALA    VAL    SER    PRO  
 ASP    LEU    ALA    SER    PHE    GLN    ARG    ALA    LEU    ASP  
 HISP   ILE    THR    THR    LEU    LEU    ARG    PRO    GLY    GLY  
 HISE   LEU    LEU    LEU    ILE    GLY    ALA    LEU    GLU    GLU  
 SER    TRP    TYR    LEU    ALA    GLY    GLU    ALA    ARG    LEU  
 THR    VAL    VAL    PRO    VAL    SER    GLU    GLU    GLU    VAL  
 ARG    GLU    ALA    LEU    VAL    ARG    SER    GLY    TYR    LYS  
 VAL    ARG    ASP    LEU    ARG    THR    TYR    ILE    MET    PRO  
 ALA    HISP   LEU    GLN    THR    GLY    VAL    ASP    ASP    VAL  
 LYS    GLY    VAL    PHE    PHE    ALA    TRP    ALA    GLN    LYS  
 VALT 

NUMERO DE AMINOACIDOS DA CADEIA : 261

RECONSTRUCAO  DO ATOMO  2503  OXT DO AMINOACIDO   261 VALT 

NUMERO DE ATOMOS DA CADEIA :  2503

FORAM RECONSTRUIDOS     0 ATOMOS DE HIDROGENIO
