 LEUI   ILE    VAL    ASN    VAL    ILE    ASN    GLY    PRO    ASN  
 LEU    GLY    ARG    LEU    GLY    ARG    ARG    GLU    PRO    ALA  
 VAL    TYR    GLY    GLY    THR    THR    HISD   ASP    GLU    LEU  
 VAL    ALA    LEU    ILE    GLU    ARG    GLU    ALA    ALA    GLU  
 LEU    GLY    LEU    LYS    ALA    VAL    VAL    ARG    GLN    SER  
 ASP    SER    GLU    ALA    GLN    LEU    LEU    ASP    TRP    ILE  
 HISE   GLN    ALA    ALA    ASP    ALA    ALA    GLU    PRO    VAL  
 ILE    LEU    ASN    ALA    GLY    GLY    LEU    THR    HISD   THR  
 SER    VAL    ALA    LEU    ARG    ASP    ALA    CYSH   ALA    GLU  
 LEU    SER    ALA    PRO    LEU    ILE    GLU    VAL    HISE   ILE  
 SER    ASN    VAL    HISE   ALA    ARG    GLU    GLU    PHE    ARG  
 ARG    HISD   SER    TYR    LEU    SER    PRO    ILE    ALA    THR  
 GLY    VAL    ILE    VAL    GLY    LEU    GLY    ILE    GLN    GLY  
 TYR    LEU    LEU    ALA    LEU    ARG    TYR    LEU    ALA    GLU  
 HISE 

NUMERO DE AMINOACIDOS DA CADEIA : 141


NUMERO DE ATOMOS DA CADEIA :  1306

 LEUI   ILE    VAL    ASN    VAL    ILE    ASN    GLY    PRO    ASN  
 LEU    GLY    ARG    LEU    GLY    ARG    ARG    GLU    PRO    ALA  
 VAL    TYR    GLY    GLY    THR    THR    HISD   ASP    GLU    LEU  
 VAL    ALA    LEU    ILE    GLU    ARG    GLU    ALA    ALA    GLU  
 LEU    GLY    LEU    LYS    ALA    VAL    VAL    ARG    GLN    SER  
 ASP    SER    GLU    ALA    GLN    LEU    LEU    ASP    TRP    ILE  
 HISE   GLN    ALA    ALA    ASP    ALA    ALA    GLU    PRO    VAL  
 ILE    LEU    ASN    ALA    GLY    GLY    LEU    THR    HISD   THR  
 SER    VAL    ALA    LEU    ARG    ASP    ALA    CYSH   ALA    GLU  
 LEU    SER    ALA    PRO    LEU    ILE    GLU    VAL    HISE   ILE  
 SER    ASN    VAL    HISE   ALA    ARG    GLU    GLU    PHE    ARG  
 ARG    HISD   SER    TYR    LEU    SER    PRO    ILE    ALA    THR  
 GLY    VAL    ILE    VAL    GLY    LEU    GLY    ILE    GLN    GLY  
 TYR    LEU    LEU    ALA    LEU    ARG    TYR    LEU    ALA    GLU  
 HISE 

NUMERO DE AMINOACIDOS DA CADEIA : 141


NUMERO DE ATOMOS DA CADEIA :  1305

 LEUI   ILE    VAL    ASN    VAL    ILE    ASN    GLY    PRO    ASN  
 LEU    GLY    ARG    LEU    GLY    ARG    ARG    GLU    PRO    ALA  
 VAL    TYR    GLY    GLY    THR    THR    HISD   ASP    GLU    LEU  
 VAL    ALA    LEU    ILE    GLU    ARG    GLU    ALA    ALA    GLU  
 LEU    GLY    LEU    LYS    ALA    VAL    VAL    ARG    GLN    SER  
 ASP    SER    GLU    ALA    GLN    LEU    LEU    ASP    TRP    ILE  
 HISE   GLN    ALA    ALA    ASP    ALA    ALA    GLU    PRO    VAL  
 ILE    LEU    ASN    ALA    GLY    GLY    LEU    THR    HISD   THR  
 SER    VAL    ALA    LEU    ARG    ASP    ALA    CYSH   ALA    GLU  
 LEU    SER    ALA    PRO    LEU    ILE    GLU    VAL    HISE   ILE  
 SER    ASN    VAL    HISE   ALA    ARG    GLU    GLU    PHE    ARG  
 ARG    HISD   SER    TYR    LEU    SER    PRO    ILE    ALA    THR  
 GLY    VAL    ILE    VAL    GLY    LEU    GLY    ILE    GLN    GLY  
 TYR    LEU    LEU    ALA    LEU    ARG    TYR    LEU    ALA    GLU  
 HISE 

NUMERO DE AMINOACIDOS DA CADEIA : 141


NUMERO DE ATOMOS DA CADEIA :  1305

 LEUI   ILE    VAL    ASN    VAL    ILE    ASN    GLY    PRO    ASN  
 LEU    GLY    ARG    LEU    GLY    ARG    ARG    GLU    PRO    ALA  
 VAL    TYR    GLY    GLY    THR    THR    HISD   ASP    GLU    LEU  
 VAL    ALA    LEU    ILE    GLU    ARG    GLU    ALA    ALA    GLU  
 LEU    GLY    LEU    LYS    ALA    VAL    VAL    ARG    GLN    SER  
 ASP    SER    GLU    ALA    GLN    LEU    LEU    ASP    TRP    ILE  
 HISE   GLN    ALA    ALA    ASP    ALA    ALA    GLU    PRO    VAL  
 ILE    LEU    ASN    ALA    GLY    GLY    LEU    THR    HISD   THR  
 SER    VAL    ALA    LEU    ARG    ASP    ALA    CYSH   ALA    GLU  
 LEU    SER    ALA    PRO    LEU    ILE    GLU    VAL    HISE   ILE  
 SER    ASN    VAL    HISE   ALA    ARG    GLU    GLU    PHE    ARG  
 ARG    HISD   SER    TYR    LEU    SER    PRO    ILE    ALA    THR  
 GLY    VAL    ILE    VAL    GLY    LEU    GLY    ILE    GLN    GLY  
 TYR    LEU    LEU    ALA    LEU    ARG    TYR    LEU    ALA    GLU  
 HISE 

NUMERO DE AMINOACIDOS DA CADEIA : 141


NUMERO DE ATOMOS DA CADEIA :  1305

 LEUI   ILE    VAL    ASN    VAL    ILE    ASN    GLY    PRO    ASN  
 LEU    GLY    ARG    LEU    GLY    ARG    ARG    GLU    PRO    ALA  
 VAL    TYR    GLY    GLY    THR    THR    HISD   ASP    GLU    LEU  
 VAL    ALA    LEU    ILE    GLU    ARG    GLU    ALA    ALA    GLU  
 LEU    GLY    LEU    LYS    ALA    VAL    VAL    ARG    GLN    SER  
 ASP    SER    GLU    ALA    GLN    LEU    LEU    ASP    TRP    ILE  
 HISE   GLN    ALA    ALA    ASP    ALA    ALA    GLU    PRO    VAL  
 ILE    LEU    ASN    ALA    GLY    GLY    LEU    THR    HISD   THR  
 SER    VAL    ALA    LEU    ARG    ASP    ALA    CYSH   ALA    GLU  
 LEU    SER    ALA    PRO    LEU    ILE    GLU    VAL    HISE   ILE  
 SER    ASN    VAL    HISE   ALA    ARG    GLU    GLU    PHE    ARG  
 ARG    HISD   SER    TYR    LEU    SER    PRO    ILE    ALA    THR  
 GLY    VAL    ILE    VAL    GLY    LEU    GLY    ILE    GLN    GLY  
 TYR    LEU    LEU    ALA    LEU    ARG    TYR    LEU    ALA    GLU  
 HISE 

NUMERO DE AMINOACIDOS DA CADEIA : 141


NUMERO DE ATOMOS DA CADEIA :  1305

 LEUI   ILE    VAL    ASN    VAL    ILE    ASN    GLY    PRO    ASN  
 LEU    GLY    ARG    LEU    GLY    ARG    ARG    GLU    PRO    ALA  
 VAL    TYR    GLY    GLY    THR    THR    HISD   ASP    GLU    LEU  
 VAL    ALA    LEU    ILE    GLU    ARG    GLU    ALA    ALA    GLU  
 LEU    GLY    LEU    LYS    ALA    VAL    VAL    ARG    GLN    SER  
 ASP    SER    GLU    ALA    GLN    LEU    LEU    ASP    TRP    ILE  
 HISE   GLN    ALA    ALA    ASP    ALA    ALA    GLU    PRO    VAL  
 ILE    LEU    ASN    ALA    GLY    GLY    LEU    THR    HISD   THR  
 SER    VAL    ALA    LEU    ARG    ASP    ALA    CYSH   ALA    GLU  
 LEU    SER    ALA    PRO    LEU    ILE    GLU    VAL    HISE   ILE  
 SER    ASN    VAL    HISE   ALA    ARG    GLU    GLU    PHE    ARG  
 ARG    HISD   SER    TYR    LEU    SER    PRO    ILE    ALA    THR  
 GLY    VAL    ILE    VAL    GLY    LEU    GLY    ILE    GLN    GLY  
 TYR    LEU    LEU    ALA    LEU    ARG    TYR    LEU    ALA    GLU  
 HISE 

NUMERO DE AMINOACIDOS DA CADEIA : 141

RECONSTRUCAO  DO ATOMO   140  CG  DO AMINOACIDO    16 ARG  
RECONSTRUCAO  DO ATOMO   141  CD  DO AMINOACIDO    16 ARG  
RECONSTRUCAO  DO ATOMO   142  NE  DO AMINOACIDO    16 ARG  
RECONSTRUCAO  DO ATOMO   143  CZ  DO AMINOACIDO    16 ARG  
RECONSTRUCAO  DO ATOMO   145  NH1 DO AMINOACIDO    16 ARG  
RECONSTRUCAO  DO ATOMO   148  NH2 DO AMINOACIDO    16 ARG  

NUMERO DE ATOMOS DA CADEIA :  1305

FORAM RECONSTRUIDOS     5 ATOMOS DE HIDROGENIO
 LEUI   ILE    VAL    ASN    VAL    ILE    ASN    GLY    PRO    ASN  
 LEU    GLY    ARG    LEU    GLY    ARG    ARG    GLU    PRO    ALA  
 VAL    TYR    GLY    GLY    THR    THR    HISD   ASP    GLU    LEU  
 VAL    ALA    LEU    ILE    GLU    ARG    GLU    ALA    ALA    GLU  
 LEU    GLY    LEU    LYS    ALA    VAL    VAL    ARG    GLN    SER  
 ASP    SER    GLU    ALA    GLN    LEU    LEU    ASP    TRP    ILE  
 HISE   GLN    ALA    ALA    ASP    ALA    ALA    GLU    PRO    VAL  
 ILE    LEU    ASN    ALA    GLY    GLY    LEU    THR    HISD   THR  
 SER    VAL    ALA    LEU    ARG    ASP    ALA    CYSH   ALA    GLU  
 LEU    SER    ALA    PRO    LEU    ILE    GLU    VAL    HISE   ILE  
 SER    ASN    VAL    HISE   ALA    ARG    GLU    GLU    PHE    ARG  
 ARG    HISD   SER    TYR    LEU    SER    PRO    ILE    ALA    THR  
 GLY    VAL    ILE    VAL    GLY    LEU    GLY    ILE    GLN    GLY  
 TYR    LEU    LEU    ALA    LEU    ARG    TYR    LEU    ALA    GLU  
 HISE 

NUMERO DE AMINOACIDOS DA CADEIA : 141


NUMERO DE ATOMOS DA CADEIA :  1305

 LEUI   ILE    VAL    ASN    VAL    ILE    ASN    GLY    PRO    ASN  
 LEU    GLY    ARG    LEU    GLY    ARG    ARG    GLU    PRO    ALA  
 VAL    TYR    GLY    GLY    THR    THR    HISD   ASP    GLU    LEU  
 VAL    ALA    LEU    ILE    GLU    ARG    GLU    ALA    ALA    GLU  
 LEU    GLY    LEU    LYS    ALA    VAL    VAL    ARG    GLN    SER  
 ASP    SER    GLU    ALA    GLN    LEU    LEU    ASP    TRP    ILE  
 HISE   GLN    ALA    ALA    ASP    ALA    ALA    GLU    PRO    VAL  
 ILE    LEU    ASN    ALA    GLY    GLY    LEU    THR    HISD   THR  
 SER    VAL    ALA    LEU    ARG    ASP    ALA    CYSH   ALA    GLU  
 LEU    SER    ALA    PRO    LEU    ILE    GLU    VAL    HISE   ILE  
 SER    ASN    VAL    HISE   ALA    ARG    GLU    GLU    PHE    ARG  
 ARG    HISD   SER    TYR    LEU    SER    PRO    ILE    ALA    THR  
 GLY    VAL    ILE    VAL    GLY    LEU    GLY    ILE    GLN    GLY  
 TYR    LEU    LEU    ALA    LEU    ARG    TYR    LEU    ALA    GLU  
 HISE 

NUMERO DE AMINOACIDOS DA CADEIA : 141


NUMERO DE ATOMOS DA CADEIA :  1305

 LEUI   ILE    VAL    ASN    VAL    ILE    ASN    GLY    PRO    ASN  
 LEU    GLY    ARG    LEU    GLY    ARG    ARG    GLU    PRO    ALA  
 VAL    TYR    GLY    GLY    THR    THR    HISD   ASP    GLU    LEU  
 VAL    ALA    LEU    ILE    GLU    ARG    GLU    ALA    ALA    GLU  
 LEU    GLY    LEU    LYS    ALA    VAL    VAL    ARG    GLN    SER  
 ASP    SER    GLU    ALA    GLN    LEU    LEU    ASP    TRP    ILE  
 HISE   GLN    ALA    ALA    ASP    ALA    ALA    GLU    PRO    VAL  
 ILE    LEU    ASN    ALA    GLY    GLY    LEU    THR    HISD   THR  
 SER    VAL    ALA    LEU    ARG    ASP    ALA    CYSH   ALA    GLU  
 LEU    SER    ALA    PRO    LEU    ILE    GLU    VAL    HISE   ILE  
 SER    ASN    VAL    HISE   ALA    ARG    GLU    GLU    PHE    ARG  
 ARG    HISD   SER    TYR    LEU    SER    PRO    ILE    ALA    THR  
 GLY    VAL    ILE    VAL    GLY    LEU    GLY    ILE    GLN    GLY  
 TYR    LEU    LEU    ALA    LEU    ARG    TYR    LEU    ALA    GLU  
 HISE 

NUMERO DE AMINOACIDOS DA CADEIA : 141


NUMERO DE ATOMOS DA CADEIA :  1305

 LEUI   ILE    VAL    ASN    VAL    ILE    ASN    GLY    PRO    ASN  
 LEU    GLY    ARG    LEU    GLY    ARG    ARG    GLU    PRO    ALA  
 VAL    TYR    GLY    GLY    THR    THR    HISD   ASP    GLU    LEU  
 VAL    ALA    LEU    ILE    GLU    ARG    GLU    ALA    ALA    GLU  
 LEU    GLY    LEU    LYS    ALA    VAL    VAL    ARG    GLN    SER  
 ASP    SER    GLU    ALA    GLN    LEU    LEU    ASP    TRP    ILE  
 HISE   GLN    ALA    ALA    ASP    ALA    ALA    GLU    PRO    VAL  
 ILE    LEU    ASN    ALA    GLY    GLY    LEU    THR    HISD   THR  
 SER    VAL    ALA    LEU    ARG    ASP    ALA    CYSH   ALA    GLU  
 LEU    SER    ALA    PRO    LEU    ILE    GLU    VAL    HISE   ILE  
 SER    ASN    VAL    HISE   ALA    ARG    GLU    GLU    PHE    ARG  
 ARG    HISD   SER    TYR    LEU    SER    PRO    ILE    ALA    THR  
 GLY    VAL    ILE    VAL    GLY    LEU    GLY    ILE    GLN    GLY  
 TYR    LEU    LEU    ALA    LEU    ARG    TYR    LEU    ALA    GLU  
 HISE               

NUMERO DE AMINOACIDOS DA CADEIA : 143


NUMERO DE ATOMOS DA CADEIA :  1323

 LEUI   ILE    VAL    ASN    VAL    ILE    ASN    GLY    PRO    ASN  
 LEU    GLY    ARG    LEU    GLY    ARG    ARG    GLU    PRO    ALA  
 VAL    TYR    GLY    GLY    THR    THR    HISD   ASP    GLU    LEU  
 VAL    ALA    LEU    ILE    GLU    ARG    GLU    ALA    ALA    GLU  
 LEU    GLY    LEU    LYS    ALA    VAL    VAL    ARG    GLN    SER  
 ASP    SER    GLU    ALA    GLN    LEU    LEU    ASP    TRP    ILE  
 HISE   GLN    ALA    ALA    ASP    ALA    ALA    GLU    PRO    VAL  
 ILE    LEU    ASN    ALA    GLY    GLY    LEU    THR    HISD   THR  
 SER    VAL    ALA    LEU    ARG    ASP    ALA    CYSH   ALA    GLU  
 LEU    SER    ALA    PRO    LEU    ILE    GLU    VAL    HISE   ILE  
 SER    ASN    VAL    HISE   ALA    ARG    GLU    GLU    PHE    ARG  
 ARG    HISD   SER    TYR    LEU    SER    PRO    ILE    ALA    THR  
 GLY    VAL    ILE    VAL    GLY    LEU    GLY    ILE    GLN    GLY  
 TYR    LEU    LEU    ALA    LEU    ARG    TYR    LEU    ALA    GLU  
 HISE        

NUMERO DE AMINOACIDOS DA CADEIA : 142


NUMERO DE ATOMOS DA CADEIA :  1315

 LEUI   ILE    VAL    ASN    VAL    ILE    ASN    GLY    PRO    ASN  
 LEU    GLY    ARG    LEU    GLY    ARG    ARG    GLU    PRO    ALA  
 VAL    TYR    GLY    GLY    THR    THR    HISD   ASP    GLU    LEU  
 VAL    ALA    LEU    ILE    GLU    ARG    GLU    ALA    ALA    GLU  
 LEU    GLY    LEU    LYS    ALA    VAL    VAL    ARG    GLN    SER  
 ASP    SER    GLU    ALA    GLN    LEU    LEU    ASP    TRP    ILE  
 HISE   GLN    ALA    ALA    ASP    ALA    ALA    GLU    PRO    VAL  
 ILE    LEU    ASN    ALA    GLY    GLY    LEU    THR    HISD   THR  
 SER    VAL    ALA    LEU    ARG    ASP    ALA    CYSH   ALA    GLU  
 LEU    SER    ALA    PRO    LEU    ILE    GLU    VAL    HISE   ILE  
 SER    ASN    VAL    HISE   ALA    ARG    GLU    GLU    PHE    ARG  
 ARG    HISD   SER    TYR    LEU    SER    PRO    ILE    ALA    THR  
 GLY    VAL    ILE    VAL    GLY    LEU    GLY    ILE    GLN    GLY  
 TYR    LEU    LEU    ALA    LEU    ARG    TYR    LEU    ALA    GLU  
 HISE 

NUMERO DE AMINOACIDOS DA CADEIA : 141


NUMERO DE ATOMOS DA CADEIA :  1305

