 ALAI   VAL    ALA    SER    ALA    TYR    GLN    ARG    PHE    GLU  
 PRO    ARG    ALA    TYR    LEU    ARG    ASN    ASN    TYR    ALA  
 PRO    PRO    ARG    GLY    ASP    LEU    CYSH   ASN    PRO    ASN  
 GLY    VAL    GLY    PRO    TRP    LYS    LEU    ARG    CYSH   LEU  
 ALA    GLN    THR    PHE    ALA    THR    GLY    GLU    VAL    SER  
 GLY    ARG    THR    LEU    ILE    ASP    ILE    GLY    SER    GLY  
 PRO    THR    VAL    TYR    GLN    LEU    LEU    SER    ALA    CYSH 
 SER    HISE   PHE    GLU    ASP    ILE    THR    MET    THR    ASP  
 PHE    LEU    GLU    VAL    ASN    ARG    GLN    GLU    LEU    GLY  
 ARG    TRP    LEU    GLN    GLU    GLU    PRO    GLY    ALA    PHE  
 ASN    TRP    SER    MET    TYR    SER    GLN    HISD   ALA    CYSH 
 LEU    ILE    GLU    GLY    LYS    GLY    GLU    CYSH   TRP    GLN  
 ASP    LYS    GLU    ARG    GLN    LEU    ARG    ALA    ARG    VAL  
 LYS    ARG    VAL    LEU    PRO    ILE    ASP    VAL    HISE   GLN  
 PRO    GLN    PRO    LEU    GLY    ALA    GLY    SER    PRO    ALA  
 PRO    LEU    PRO    ALA    ASP    ALA    LEU    VAL    SER    ALA  
 PHE    CYSH   LEU    GLU    ALA    VAL    SER    PRO    ASP    LEU  
 ALA    SER    PHE    GLN    ARG    ALA    LEU    ASP    HISD   ILE  
 THR    THR    LEU    LEU    ARG    PRO    GLY    GLY    HISE   LEU  
 LEU    LEU    ILE    GLY    ALA    LEU    GLU    GLU    SER    TRP  
 TYR    LEU    ALA    GLY    GLU    ALA    ARG    LEU    THR    VAL  
 VAL    PRO    VAL    SER    GLU    GLU    GLU    VAL    ARG    GLU  
 ALA    LEU    VAL    ARG    SER    GLY    TYR    LYS    VAL    ARG  
 ASP    LEU    ARG    THR    TYR    ILE    MET    PRO    ALA    HISE 
 LEU    GLN    THR    GLY    VAL    ASP    ASP    VAL    LYS    GLY  
 VAL    PHE    PHE    ALA    TRP    ALA    GLN    LYS    VAL    GLY  
 LEUT 

NUMERO DE AMINOACIDOS DA CADEIA : 261

RECONSTRUCAO  DO ATOMO   113  CG  DO AMINOACIDO    12 ARG  
RECONSTRUCAO  DO ATOMO   114  CD  DO AMINOACIDO    12 ARG  
RECONSTRUCAO  DO ATOMO   115  NE  DO AMINOACIDO    12 ARG  
RECONSTRUCAO  DO ATOMO   116  CZ  DO AMINOACIDO    12 ARG  
RECONSTRUCAO  DO ATOMO   118  NH1 DO AMINOACIDO    12 ARG  
RECONSTRUCAO  DO ATOMO   121  NH2 DO AMINOACIDO    12 ARG  
RECONSTRUCAO  DO ATOMO  1106  CG  DO AMINOACIDO   115 LYS  
RECONSTRUCAO  DO ATOMO  1107  CD  DO AMINOACIDO   115 LYS  
RECONSTRUCAO  DO ATOMO  1108  CE  DO AMINOACIDO   115 LYS  
RECONSTRUCAO  DO ATOMO  1109  NZ  DO AMINOACIDO   115 LYS  
RECONSTRUCAO  DO ATOMO  1202  CG  DO AMINOACIDO   124 ARG  
RECONSTRUCAO  DO ATOMO  1203  CD  DO AMINOACIDO   124 ARG  
RECONSTRUCAO  DO ATOMO  1204  NE  DO AMINOACIDO   124 ARG  
RECONSTRUCAO  DO ATOMO  1205  CZ  DO AMINOACIDO   124 ARG  
RECONSTRUCAO  DO ATOMO  1207  NH1 DO AMINOACIDO   124 ARG  
RECONSTRUCAO  DO ATOMO  1210  NH2 DO AMINOACIDO   124 ARG  
RECONSTRUCAO  DO ATOMO  1399  CG  DO AMINOACIDO   142 GLN  
RECONSTRUCAO  DO ATOMO  1400  CD  DO AMINOACIDO   142 GLN  
RECONSTRUCAO  DO ATOMO  1401  OE1 DO AMINOACIDO   142 GLN  
RECONSTRUCAO  DO ATOMO  1402  NE2 DO AMINOACIDO   142 GLN  
RECONSTRUCAO  DO ATOMO  2086  CG  DO AMINOACIDO   220 GLU  
RECONSTRUCAO  DO ATOMO  2087  CD  DO AMINOACIDO   220 GLU  
RECONSTRUCAO  DO ATOMO  2088  OE1 DO AMINOACIDO   220 GLU  
RECONSTRUCAO  DO ATOMO  2089  OE2 DO AMINOACIDO   220 GLU  
RECONSTRUCAO  DO ATOMO  2119  CG  DO AMINOACIDO   224 ARG  
RECONSTRUCAO  DO ATOMO  2120  CD  DO AMINOACIDO   224 ARG  
RECONSTRUCAO  DO ATOMO  2121  NE  DO AMINOACIDO   224 ARG  
RECONSTRUCAO  DO ATOMO  2122  CZ  DO AMINOACIDO   224 ARG  
RECONSTRUCAO  DO ATOMO  2124  NH1 DO AMINOACIDO   224 ARG  
RECONSTRUCAO  DO ATOMO  2127  NH2 DO AMINOACIDO   224 ARG  
RECONSTRUCAO  DO ATOMO  2487  CG  DO AMINOACIDO   261 LEUT 
RECONSTRUCAO  DO ATOMO  2488  CD1 DO AMINOACIDO   261 LEUT 
RECONSTRUCAO  DO ATOMO  2489  CD2 DO AMINOACIDO   261 LEUT 
RECONSTRUCAO  DO ATOMO  2492  OXT DO AMINOACIDO   261 LEUT 

NUMERO DE ATOMOS DA CADEIA :  2492

FORAM RECONSTRUIDOS    20 ATOMOS DE HIDROGENIO
