 LYSI   LEU    CYSS   SER    LEU    ASP    ASN    GLY    ASP    CYSS 
 ASP    GLN    PHE    CYSS   HISP   GLU    GLU    GLN    ASN    SER  
 VAL    VAL    CYSS   SER    CYSH   ALA    ARG    GLY    TYR    THR  
 LEU    ALA    ASP    ASN    GLY    LYS    ALA    CYSH   ILE    PRO  
 THR    GLY    PRO    TYR    PRO    CYSH   GLY    LYS    GLN    THR  
 LEU    GLU    ARG    ARGT                                           
                                                                     
                                                                     
                                                                     
                                                                     
                                                                     
                                                                     
                                                                     
                                                                     
                                                                     
                                                                     
                                                                     
                                                                     
                                                                     
                                                                     
                                                                     
                                                                     
                                                

NUMERO DE AMINOACIDOS DA CADEIA : 227

RECONSTRUCAO  DO ATOMO  2214  CA  DO AMINOACIDO   227 THRT 
RECONSTRUCAO  DO ATOMO  2215  CB  DO AMINOACIDO   227 THRT 
RECONSTRUCAO  DO ATOMO  2216  OG1 DO AMINOACIDO   227 THRT 
RECONSTRUCAO  DO ATOMO  2218  CG2 DO AMINOACIDO   227 THRT 
RECONSTRUCAO  DO ATOMO  2219  C   DO AMINOACIDO   227 THRT 
RECONSTRUCAO  DO ATOMO  2220  O   DO AMINOACIDO   227 THRT 
RECONSTRUCAO  DO ATOMO  2221  OXT DO AMINOACIDO   227 THRT 

NUMERO DE ATOMOS DA CADEIA :  2221

FORAM RECONSTRUIDOS     1 ATOMOS DE HIDROGENIO
 LYSI   LEU    CYSS   SER    LEU    ASP    ASN    GLY    ASP    CYSS 
 ASP    GLN    PHE    CYSS   HISP   GLU    GLU    GLN    ASN    SER  
 VAL    VAL    CYSS   SER    CYSH   ALA    ARG    GLY    TYR    THR  
 LEU    ALA    ASP    ASN    GLY    LYS    ALA    CYSH   ILE    PRO  
 THR    GLY    PRO    TYR    PRO    CYSH   GLY    LYS    GLN    THR  
 LEU    GLU    ARG    ARGT 

NUMERO DE AMINOACIDOS DA CADEIA :  54


NUMERO DE ATOMOS DA CADEIA :   509

FORAM RECONSTRUIDOS     3 ATOMOS DE HIDROGENIO
