 VALI   PRO    PHE    VAL    GLU    ASP    TRP    ASP    LEU    VAL  
 GLN    THR    LEU    GLY    GLU    GLY    ALA    TYR    GLY    GLU  
 VAL    GLN    LEU    ALA    VAL    ASN    ARG    VAL    THR    GLU  
 GLU    ALA    VAL    ALA    VAL    LYS    ILE    VAL    ASP    MET  
 LYS    ASN    ILE    LYS    LYS    GLU    ILE    CYSH   ILE    ASN  
 LYS    MET    LEU    ASN    HISE   GLU    ASN    VAL    VAL    LYS  
 PHE    TYR    GLY    HISD   ARG    ARG    GLU    GLY    ASN    ILE  
 GLN    TYR    LEU    PHE    LEU    GLU    TYR    CYSH   SER    GLY  
 GLY    GLU    LEU    PHE    ASP    ARG    ILE    GLU    PRO    ASP  
 ILE    GLY    MET    PRO    GLU    PRO    ASP    ALA    GLN    ARG  
 PHE    PHE    HISE   GLN    LEU    MET    ALA    GLY    VAL    VAL  
 TYR    LEU    HISE   GLY    ILE    GLY    ILE    THR    HISE   ARG  
 ASP    ILE    LYS    PRO    GLU    ASN    LEU    LEU    LEU    ASP  
 GLU    ARG    ASP    ASN    LEU    LYS    ILE    SER    ASP    PHE  
 GLY    LEU    ALA    THR    VAL    PHE    ARG    TYR    ASN    ASN  
 ARG    GLU    ARG    LEU    LEU    ASN    LYS    MET    CYSH   GLY  
 THR    LEU    PRO    TYR    VAL    ALA    PRO    GLU    LEU    LEU  
 LYS    ARG    ARG    GLU    PHE    HISD   ALA    GLU    PRO    VAL  
 ASP    VAL    TRP    SER    CYSH   GLY    ILE    VAL    LEU    THR  
 ALA    MET    LEU    ALA    GLY    GLU    LEU    PRO    TRP    ASP  
 GLN    PRO    SER    ASP    SER    CYSH   GLN    GLU    TYR    SER  
 ASP    TRP    LYS    GLU    LYS    LYS    THR    TYR    LEU    ASN  
 PRO    TRP    LYS    LYS    ILE    ASP    SER    ALA    PRO    LEU  
 ALA    LEU    LEU    HISD   LYS    ILE    LEU    VAL    GLU    ASN  
 PRO    SER    ALA    ARG    ILE    THR    ILE    PRO    ASP    ILE  
 LYS    LYS    ASP    ARG    TRP    TYR    ASN    LYS    PRO    LEU  
 LYS    LYS    GLY    ALAT 

NUMERO DE AMINOACIDOS DA CADEIA : 264

RECONSTRUCAO  DO ATOMO   478  CG  DO AMINOACIDO    51 LYS  
RECONSTRUCAO  DO ATOMO   479  CD  DO AMINOACIDO    51 LYS  
RECONSTRUCAO  DO ATOMO   480  CE  DO AMINOACIDO    51 LYS  
RECONSTRUCAO  DO ATOMO   481  NZ  DO AMINOACIDO    51 LYS  
RECONSTRUCAO  DO ATOMO  2615  OXT DO AMINOACIDO   264 ALAT 

NUMERO DE ATOMOS DA CADEIA :  2615

FORAM RECONSTRUIDOS     3 ATOMOS DE HIDROGENIO
