 ILEI   ILE    GLY    GLY    GLUN2  PHE    THR    THR    ILE    GLU  
 ASN    GLN    PRO    TRP    PHE    ALA    ALA    ILE    TYR    ARG  
 ARG    HISE   VAL    THR    TYR    VAL    CYSS   GLY    GLY    SER  
 LEU    ILE    SER    PRO    CYSS   TRP    VAL    ILE    SER    ALA  
 THR    HISP   CYSS   PHE    ILE    LYS    LYS    ASP    TYR    ILE  
 VAL    TYR    LEU    GLY    ARG    SER    ARG    LEU    ASN    SER  
 ASN    THR    GLN    GLY    GLU    MET    LYS    PHE    GLU    VAL  
 GLU    ASN    LEU    ILE    LEU    HISE   LYS    ASP    TYR    SER  
 ALA    ASP    ALA    HISP   HISP   ASN    ASP    ILE    ALA    LEU  
 LEU    LYS    ILE    ARG    SER    CYSS   ALA    GLN    PRO    SER  
 ARG    THR    ILE    GLN    THR    ILE    ALA    LEU    PRO    SER  
 MET    TYR    ASN    ASP    PRO    GLN    PHE    GLY    THR    SER  
 CYSS   GLUN2  ILE    THR    GLY    PHE    GLY    LYS    GLU    GLN  
 SER    THR    ASP    TYR    LEU    TYR    PRO    GLU    GLN    LEU  
 LYS    MET    THR    VAL    VAL    LYS    LEU    ILE    SER    HISP 
 ARG    GLU    CYSS   GLN    GLN    TYR    TYR    GLY    SER    GLU  
 VAL    THR    THR    LYS    MET    LEU    CYSS   ALA    ALA    ASP  
 TRP    LYS    THR    ASP    SER    CYSS   GLN    GLY    ASP    SER  
 GLY    GLY    PRO    LEU    VAL    CYSS   SER    LEU    GLN    GLY  
 ARG    MET    THR    LEU    THR    GLY    ILE    VAL    SER    TRP  
 GLY    ARG    GLY    CYSS   ALA    LEU    LYS    LYS    PRO    GLY  
 VAL    TYR    THR    ARG    VAL    SER    HISD   PHE    LEU    PRO  
 TRP    ILE    ARG    SER    HISP   THRT 

NUMERO DE AMINOACIDOS DA CADEIA : 226

RECONSTRUCAO  DO ATOMO  2196  OXT DO AMINOACIDO   226 THRT 

NUMERO DE ATOMOS DA CADEIA :  2196

FORAM RECONSTRUIDOS     0 ATOMOS DE HIDROGENIO
