 ALAI   ASN    ARG    THR    LEU    ILE    VAL    THR    THR    ILE  
 LEU    GLU    GLU    PRO    TYR    VAL    MET    TYR    ARG    LYS  
 SER    ASP    LYS    PRO    LEU    TYR    GLY    ASN    ASP    ARG  
 PHE    GLU    GLY    TYR    CYSH   LEU    ASP    LEU    LEU    LYS  
 GLU    LEU    SER    ASN    ILE    LEU    GLY    PHE    ILE    TYR  
 ASP    VAL    LYS    LEU    VAL    PRO    ASP    GLY    LYS    TYR  
 GLY    ALA    GLN    ASN    ASP    LYS    GLY    GLU    TRP    ASN  
 GLY    MET    VAL    LYS    GLU    LEU    ILE    ASP    HISP   ARG  
 ALA    ASP    LEU    ALA    VAL    ALA    PRO    LEU    THR    ILE  
 THR    TYR    VAL    ARG    GLU    LYS    VAL    ILE    ASP    PHE  
 SER    LYS    PRO    PHE    MET    THR    LEU    GLY    ILE    SER  
 ILE    LEU    TYR    ARG    LYS    GLY    THR    PRO    ILE    ASP  
 SER    ALA    ASP    ASP    LEU    ALA    LYS    GLN    THR    LYS  
 ILE    GLU    TYR    GLY    ALA    VAL    ARG    ASP    GLY    SER  
 THR    MET    THR    PHE    PHE    LYS    LYS    SER    LYS    ILE  
 SER    THR    TYR    GLU    LYS    MET    TRP    ALA    PHE    MET  
 SER    SER    ARG    GLN    GLN    THR    ALA    LEU    VAL    ARG  
 ASN    SER    ASP    GLU    GLY    ILE    GLN    ARG    VAL    LEU  
 THR    THR    ASP    TYR    ALA    LEU    LEU    MET    GLU    SER  
 THR    SER    ILE    GLU    TYR    VAL    THR    GLN    ARG    ASN  
 CYSS   ASN    LEU    THR    GLN    ILE    GLY    GLY    LEU    ILE  
 ASP    SER    LYS    GLY    TYR    GLY    VAL    GLY    THR    PRO  
 ILE    GLY    SER    PRO    TYR    ARG    ASP    LYS    ILE    THR  
 ILE    ALA    ILE    LEU    GLN    LEU    GLN    GLU    GLU    GLY  
 LYS    LEU    HISP   MET    MET    LYS    GLU    LYS    TRP    TRP  
 ARG    GLY    ASN    GLY    CYSS   PROT 

NUMERO DE AMINOACIDOS DA CADEIA : 256

RECONSTRUCAO  DO ATOMO  2463  CG  DO AMINOACIDO   251 ARG  
RECONSTRUCAO  DO ATOMO  2464  CD  DO AMINOACIDO   251 ARG  
RECONSTRUCAO  DO ATOMO  2465  NE  DO AMINOACIDO   251 ARG  
RECONSTRUCAO  DO ATOMO  2466  CZ  DO AMINOACIDO   251 ARG  
RECONSTRUCAO  DO ATOMO  2468  NH1 DO AMINOACIDO   251 ARG  
RECONSTRUCAO  DO ATOMO  2471  NH2 DO AMINOACIDO   251 ARG  
RECONSTRUCAO  DO ATOMO  2485  CG  DO AMINOACIDO   253 ASN  
RECONSTRUCAO  DO ATOMO  2486  OD1 DO AMINOACIDO   253 ASN  
RECONSTRUCAO  DO ATOMO  2487  ND2 DO AMINOACIDO   253 ASN  

NUMERO DE ATOMOS DA CADEIA :  2511

FORAM RECONSTRUIDOS     7 ATOMOS DE HIDROGENIO
