 LEUI   ILE    VAL    ASN    VAL    ILE    ASN    GLY    PRO    ASN  
 LEU    GLY    ARG    LEU    GLY    ARG    ARG    GLU    PRO    ALA  
 VAL    TYR    GLY    GLY    THR    THR    HISD   ASP    GLU    LEU  
 VAL    ALA    LEU    ILE    GLU    ARG    GLU    ALA    ALA    GLU  
 LEU    GLY    LEU    LYS    ALA    VAL    VAL    ARG    GLN    SER  
 ASP    SER    GLU    ALA    GLN    LEU    LEU    ASP    TRP    ILE  
 HISE   GLN    ALA    ALA    ASP    ALA    ALA    GLU    PRO    VAL  
 ILE    LEU    ASN    ALA    GLY    GLY    LEU    THR    HISD   THR  
 SER    VAL    ALA    LEU    ARG    ASP    ALA    CYSH   ALA    GLU  
 LEU    SER    ALA    PRO    LEU    ILE    GLU    VAL    HISE   ILE  
 SER    ASN    VAL    HISE   ALA    ARG    GLU    GLU    PHE    ARG  
 ARG    HISD   SER    TYR    LEU    SER    PRO    ILE    ALA    THR  
 GLY    VAL    ILE    VAL    GLY    LEU    GLY    ILE    GLN    GLY  
 TYR    LEU    LEU    ALA    LEU    ARG    TYR    LEU    ALA    GLU  
 HISE 

NUMERO DE AMINOACIDOS DA CADEIA : 141

RECONSTRUCAO  DO ATOMO   174  CG  DO AMINOACIDO    18 GLU  
RECONSTRUCAO  DO ATOMO   175  CD  DO AMINOACIDO    18 GLU  
RECONSTRUCAO  DO ATOMO   176  OE1 DO AMINOACIDO    18 GLU  
RECONSTRUCAO  DO ATOMO   177  OE2 DO AMINOACIDO    18 GLU  

NUMERO DE ATOMOS DA CADEIA :  1306

FORAM RECONSTRUIDOS     0 ATOMOS DE HIDROGENIO
 LEUI   ILE    VAL    ASN    VAL    ILE    ASN    GLY    PRO    ASN  
 LEU    GLY    ARG    LEU    GLY    ARG    ARG    GLU    PRO    ALA  
 VAL    TYR    GLY    GLY    THR    THR    HISD   ASP    GLU    LEU  
 VAL    ALA    LEU    ILE    GLU    ARG    GLU    ALA    ALA    GLU  
 LEU    GLY    LEU    LYS    ALA    VAL    VAL    ARG    GLN    SER  
 ASP    SER    GLU    ALA    GLN    LEU    LEU    ASP    TRP    ILE  
 HISE   GLN    ALA    ALA    ASP    ALA    ALA    GLU    PRO    VAL  
 ILE    LEU    ASN    ALA    GLY    GLY    LEU    THR    HISD   THR  
 SER    VAL    ALA    LEU    ARG    ASP    ALA    CYSH   ALA    GLU  
 LEU    SER    ALA    PRO    LEU    ILE    GLU    VAL    HISE   ILE  
 SER    ASN    VAL    HISE   ALA    ARG    GLU    GLU    PHE    ARG  
 ARG    HISD   SER    TYR    LEU    SER    PRO    ILE    ALA    THR  
 GLY    VAL    ILE    VAL    GLY    LEU    GLY    ILE    GLN    GLY  
 TYR    LEU    LEU    ALA    LEU    ARG    TYR    LEU    ALA    GLU  
 HISE 

NUMERO DE AMINOACIDOS DA CADEIA : 141


NUMERO DE ATOMOS DA CADEIA :  1305

 LEUI   ILE    VAL    ASN    VAL    ILE    ASN    GLY    PRO    ASN  
 LEU    GLY    ARG    LEU    GLY    ARG    ARG    GLU    PRO    ALA  
 VAL    TYR    GLY    GLY    THR    THR    HISD   ASP    GLU    LEU  
 VAL    ALA    LEU    ILE    GLU    ARG    GLU    ALA    ALA    GLU  
 LEU    GLY    LEU    LYS    ALA    VAL    VAL    ARG    GLN    SER  
 ASP    SER    GLU    ALA    GLN    LEU    LEU    ASP    TRP    ILE  
 HISE   GLN    ALA    ALA    ASP    ALA    ALA    GLU    PRO    VAL  
 ILE    LEU    ASN    ALA    GLY    GLY    LEU    THR    HISD   THR  
 SER    VAL    ALA    LEU    ARG    ASP    ALA    CYSH   ALA    GLU  
 LEU    SER    ALA    PRO    LEU    ILE    GLU    VAL    HISE   ILE  
 SER    ASN    VAL    HISE   ALA    ARG    GLU    GLU    PHE    ARG  
 ARG    HISD   SER    TYR    LEU    SER    PRO    ILE    ALA    THR  
 GLY    VAL    ILE    VAL    GLY    LEU    GLY    ILE    GLN    GLY  
 TYR    LEU    LEU    ALA    LEU    ARG    TYR    LEU    ALA  

NUMERO DE AMINOACIDOS DA CADEIA : 139

RECONSTRUCAO  DO ATOMO   174  CG  DO AMINOACIDO    18 GLU  
RECONSTRUCAO  DO ATOMO   175  CD  DO AMINOACIDO    18 GLU  
RECONSTRUCAO  DO ATOMO   176  OE1 DO AMINOACIDO    18 GLU  
RECONSTRUCAO  DO ATOMO   177  OE2 DO AMINOACIDO    18 GLU  

NUMERO DE ATOMOS DA CADEIA :  1292

FORAM RECONSTRUIDOS     0 ATOMOS DE HIDROGENIO
 LEUI   ILE    VAL    ASN    VAL    ILE    ASN    GLY    PRO    ASN  
 LEU    GLY    ARG    LEU    GLY    ARG    ARG    GLU    PRO    ALA  
 VAL    TYR    GLY    GLY    THR    THR    HISD   ASP    GLU    LEU  
 VAL    ALA    LEU    ILE    GLU    ARG    GLU    ALA    ALA    GLU  
 LEU    GLY    LEU    LYS    ALA    VAL    VAL    ARG    GLN    SER  
 ASP    SER    GLU    ALA    GLN    LEU    LEU    ASP    TRP    ILE  
 HISE   GLN    ALA    ALA    ASP    ALA    ALA    GLU    PRO    VAL  
 ILE    LEU    ASN    ALA    GLY    GLY    LEU    THR    HISD   THR  
 SER    VAL    ALA    LEU    ARG    ASP    ALA    CYSH   ALA    GLU  
 LEU    SER    ALA    PRO    LEU    ILE    GLU    VAL    HISE   ILE  
 SER    ASN    VAL    HISE   ALA    ARG    GLU    GLU    PHE    ARG  
 ARG    HISD   SER    TYR    LEU    SER    PRO    ILE    ALA    THR  
 GLY    VAL    ILE    VAL    GLY    LEU    GLY    ILE    GLN    GLY  
 TYR    LEU    LEU    ALA    LEU    ARG    TYR    LEU    ALA    GLU  
 HISE 

NUMERO DE AMINOACIDOS DA CADEIA : 141


NUMERO DE ATOMOS DA CADEIA :  1305

 LEUI   ILE    VAL    ASN    VAL    ILE    ASN    GLY    PRO    ASN  
 LEU    GLY    ARG    LEU    GLY    ARG    ARG    GLU    PRO    ALA  
 VAL    TYR    GLY    GLY    THR    THR    HISD   ASP    GLU    LEU  
 VAL    ALA    LEU    ILE    GLU    ARG    GLU    ALA    ALA    GLU  
 LEU    GLY    LEU    LYS    ALA    VAL    VAL    ARG    GLN    SER  
 ASP    SER    GLU    ALA    GLN    LEU    LEU    ASP    TRP    ILE  
 HISE   GLN    ALA    ALA    ASP    ALA    ALA    GLU    PRO    VAL  
 ILE    LEU    ASN    ALA    GLY    GLY    LEU    THR    HISD   THR  
 SER    VAL    ALA    LEU    ARG    ASP    ALA    CYSH   ALA    GLU  
 LEU    SER    ALA    PRO    LEU    ILE    GLU    VAL    HISE   ILE  
 SER    ASN    VAL    HISE   ALA    ARG    GLU    GLU    PHE    ARG  
 ARG    HISD   SER    TYR    LEU    SER    PRO    ILE    ALA    THR  
 GLY    VAL    ILE    VAL    GLY    LEU    GLY    ILE    GLN    GLY  
 TYR    LEU    LEU    ALA    LEU    ARG    TYR    LEU    ALA    GLU  
 HISE 

NUMERO DE AMINOACIDOS DA CADEIA : 141


NUMERO DE ATOMOS DA CADEIA :  1305

 LEUI   ILE    VAL    ASN    VAL    ILE    ASN    GLY    PRO    ASN  
 LEU    GLY    ARG    LEU    GLY    ARG    ARG    GLU    PRO    ALA  
 VAL    TYR    GLY    GLY    THR    THR    HISD   ASP    GLU    LEU  
 VAL    ALA    LEU    ILE    GLU    ARG    GLU    ALA    ALA    GLU  
 LEU    GLY    LEU    LYS    ALA    VAL    VAL    ARG    GLN    SER  
 ASP    SER    GLU    ALA    GLN    LEU    LEU    ASP    TRP    ILE  
 HISE   GLN    ALA    ALA    ASP    ALA    ALA    GLU    PRO    VAL  
 ILE    LEU    ASN    ALA    GLY    GLY    LEU    THR    HISD   THR  
 SER    VAL    ALA    LEU    ARG    ASP    ALA    CYSH   ALA    GLU  
 LEU    SER    ALA    PRO    LEU    ILE    GLU    VAL    HISE   ILE  
 SER    ASN    VAL    HISE   ALA    ARG    GLU    GLU    PHE    ARG  
 ARG    HISD   SER    TYR    LEU    SER    PRO    ILE    ALA    THR  
 GLY    VAL    ILE    VAL    GLY    LEU    GLY    ILE    GLN    GLY  
 TYR    LEU    LEU    ALA    LEU    ARG    TYR  

NUMERO DE AMINOACIDOS DA CADEIA : 137

RECONSTRUCAO  DO ATOMO   174  CG  DO AMINOACIDO    18 GLU  
RECONSTRUCAO  DO ATOMO   175  CD  DO AMINOACIDO    18 GLU  
RECONSTRUCAO  DO ATOMO   176  OE1 DO AMINOACIDO    18 GLU  
RECONSTRUCAO  DO ATOMO   177  OE2 DO AMINOACIDO    18 GLU  

NUMERO DE ATOMOS DA CADEIA :  1270

FORAM RECONSTRUIDOS     0 ATOMOS DE HIDROGENIO
 LEUI   ILE    VAL    ASN    VAL    ILE    ASN    GLY    PRO    ASN  
 LEU    GLY    ARG    LEU    GLY    ARG    ARG    GLU    PRO    ALA  
 VAL    TYR    GLY    GLY    THR    THR    HISD   ASP    GLU    LEU  
 VAL    ALA    LEU    ILE    GLU    ARG    GLU    ALA    ALA    GLU  
 LEU    GLY    LEU    LYS    ALA    VAL    VAL    ARG    GLN    SER  
 ASP    SER    GLU    ALA    GLN    LEU    LEU    ASP    TRP    ILE  
 HISE   GLN    ALA    ALA    ASP    ALA    ALA    GLU    PRO    VAL  
 ILE    LEU    ASN    ALA    GLY    GLY    LEU    THR    HISD   THR  
 SER    VAL    ALA    LEU    ARG    ASP    ALA    CYSH   ALA    GLU  
 LEU    SER    ALA    PRO    LEU    ILE    GLU    VAL    HISE   ILE  
 SER    ASN    VAL    HISE   ALA    ARG    GLU    GLU    PHE    ARG  
 ARG    HISD   SER    TYR    LEU    SER    PRO    ILE    ALA    THR  
 GLY    VAL    ILE    VAL    GLY    LEU    GLY    ILE    GLN    GLY  
 TYR    LEU    LEU    ALA    LEU    ARG    TYR    LEU    ALA    GLU  
 HISE 

NUMERO DE AMINOACIDOS DA CADEIA : 141


NUMERO DE ATOMOS DA CADEIA :  1305

 LEUI   ILE    VAL    ASN    VAL    ILE    ASN    GLY    PRO    ASN  
 LEU    GLY    ARG    LEU    GLY    ARG    ARG    GLU    PRO    ALA  
 VAL    TYR    GLY    GLY    THR    THR    HISD   ASP    GLU    LEU  
 VAL    ALA    LEU    ILE    GLU    ARG    GLU    ALA    ALA    GLU  
 LEU    GLY    LEU    LYS    ALA    VAL    VAL    ARG    GLN    SER  
 ASP    SER    GLU    ALA    GLN    LEU    LEU    ASP    TRP    ILE  
 HISE   GLN    ALA    ALA    ASP    ALA    ALA    GLU    PRO    VAL  
 ILE    LEU    ASN    ALA    GLY    GLY    LEU    THR    HISD   THR  
 SER    VAL    ALA    LEU    ARG    ASP    ALA    CYSH   ALA    GLU  
 LEU    SER    ALA    PRO    LEU    ILE    GLU    VAL    HISE   ILE  
 SER    ASN    VAL    HISE   ALA    ARG    GLU    GLU    PHE    ARG  
 ARG    HISD   SER    TYR    LEU    SER    PRO    ILE    ALA    THR  
 GLY    VAL    ILE    VAL    GLY    LEU    GLY    ILE    GLN    GLY  
 TYR    LEU    LEU    ALA    LEU    ARG    TYR    LEU    ALA    GLU  
 HISE 

NUMERO DE AMINOACIDOS DA CADEIA : 141


NUMERO DE ATOMOS DA CADEIA :  1305

 LEUI   ILE    VAL    ASN    VAL    ILE    ASN    GLY    PRO    ASN  
 LEU    GLY    ARG    LEU    GLY    ARG    ARG    GLU    PRO    ALA  
 VAL    TYR    GLY    GLY    THR    THR    HISD   ASP    GLU    LEU  
 VAL    ALA    LEU    ILE    GLU    ARG    GLU    ALA    ALA    GLU  
 LEU    GLY    LEU    LYS    ALA    VAL    VAL    ARG    GLN    SER  
 ASP    SER    GLU    ALA    GLN    LEU    LEU    ASP    TRP    ILE  
 HISE   GLN    ALA    ALA    ASP    ALA    ALA    GLU    PRO    VAL  
 ILE    LEU    ASN    ALA    GLY    GLY    LEU    THR    HISD   THR  
 SER    VAL    ALA    LEU    ARG    ASP    ALA    CYSH   ALA    GLU  
 LEU    SER    ALA    PRO    LEU    ILE    GLU    VAL    HISE   ILE  
 SER    ASN    VAL    HISE   ALA    ARG    GLU    GLU    PHE    ARG  
 ARG    HISD   SER    TYR    LEU    SER    PRO    ILE    ALA    THR  
 GLY    VAL    ILE    VAL    GLY    LEU    GLY    ILE    GLN    GLY  
 TYR    LEU    LEU    ALA    LEU    ARG    TYR    LEU    ALA    GLU  
 HISE 

NUMERO DE AMINOACIDOS DA CADEIA : 141

RECONSTRUCAO  DO ATOMO   174  CG  DO AMINOACIDO    18 GLU  
RECONSTRUCAO  DO ATOMO   175  CD  DO AMINOACIDO    18 GLU  
RECONSTRUCAO  DO ATOMO   176  OE1 DO AMINOACIDO    18 GLU  
RECONSTRUCAO  DO ATOMO   177  OE2 DO AMINOACIDO    18 GLU  

NUMERO DE ATOMOS DA CADEIA :  1305

FORAM RECONSTRUIDOS     0 ATOMOS DE HIDROGENIO
 LEUI   ILE    VAL    ASN    VAL    ILE    ASN    GLY    PRO    ASN  
 LEU    GLY    ARG    LEU    GLY    ARG    ARG    GLU    PRO    ALA  
 VAL    TYR    GLY    GLY    THR    THR    HISD   ASP    GLU    LEU  
 VAL    ALA    LEU    ILE    GLU    ARG    GLU    ALA    ALA    GLU  
 LEU    GLY    LEU    LYS    ALA    VAL    VAL    ARG    GLN    SER  
 ASP    SER    GLU    ALA    GLN    LEU    LEU    ASP    TRP    ILE  
 HISE   GLN    ALA    ALA    ASP    ALA    ALA    GLU    PRO    VAL  
 ILE    LEU    ASN    ALA    GLY    GLY    LEU    THR    HISD   THR  
 SER    VAL    ALA    LEU    ARG    ASP    ALA    CYSH   ALA    GLU  
 LEU    SER    ALA    PRO    LEU    ILE    GLU    VAL    HISE   ILE  
 SER    ASN    VAL    HISE   ALA    ARG    GLU    GLU    PHE    ARG  
 ARG    HISD   SER    TYR    LEU    SER    PRO    ILE    ALA    THR  
 GLY    VAL    ILE    VAL    GLY    LEU    GLY    ILE    GLN    GLY  
 TYR    LEU    LEU    ALA    LEU    ARG    TYR    LEU    ALA    GLU  
 HISE 

NUMERO DE AMINOACIDOS DA CADEIA : 141

RECONSTRUCAO  DO ATOMO   174  CG  DO AMINOACIDO    18 GLU  
RECONSTRUCAO  DO ATOMO   175  CD  DO AMINOACIDO    18 GLU  
RECONSTRUCAO  DO ATOMO   176  OE1 DO AMINOACIDO    18 GLU  
RECONSTRUCAO  DO ATOMO   177  OE2 DO AMINOACIDO    18 GLU  

NUMERO DE ATOMOS DA CADEIA :  1305

FORAM RECONSTRUIDOS     0 ATOMOS DE HIDROGENIO
 LEUI   ILE    VAL    ASN    VAL    ILE    ASN    GLY    PRO    ASN  
 LEU    GLY    ARG    LEU    GLY    ARG    ARG    GLU    PRO    ALA  
 VAL    TYR    GLY    GLY    THR    THR    HISD   ASP    GLU    LEU  
 VAL    ALA    LEU    ILE    GLU    ARG    GLU    ALA    ALA    GLU  
 LEU    GLY    LEU    LYS    ALA    VAL    VAL    ARG    GLN    SER  
 ASP    SER    GLU    ALA    GLN    LEU    LEU    ASP    TRP    ILE  
 HISE   GLN    ALA    ALA    ASP    ALA    ALA    GLU    PRO    VAL  
 ILE    LEU    ASN    ALA    GLY    GLY    LEU    THR    HISD   THR  
 SER    VAL    ALA    LEU    ARG    ASP    ALA    CYSH   ALA    GLU  
 LEU    SER    ALA    PRO    LEU    ILE    GLU    VAL    HISE   ILE  
 SER    ASN    VAL    HISE   ALA    ARG    GLU    GLU    PHE    ARG  
 ARG    HISD   SER    TYR    LEU    SER    PRO    ILE    ALA    THR  
 GLY    VAL    ILE    VAL    GLY    LEU    GLY    ILE    GLN    GLY  
 TYR    LEU    LEU    ALA    LEU    ARG    TYR    LEU    ALA    GLU  
 HISE 

NUMERO DE AMINOACIDOS DA CADEIA : 141


NUMERO DE ATOMOS DA CADEIA :  1305

 LEUI   ILE    VAL    ASN    VAL    ILE    ASN    GLY    PRO    ASN  
 LEU    GLY    ARG    LEU    GLY    ARG    ARG    GLU    PRO    ALA  
 VAL    TYR    GLY    GLY    THR    THR    HISD   ASP    GLU    LEU  
 VAL    ALA    LEU    ILE    GLU    ARG    GLU    ALA    ALA    GLU  
 LEU    GLY    LEU    LYS    ALA    VAL    VAL    ARG    GLN    SER  
 ASP    SER    GLU    ALA    GLN    LEU    LEU    ASP    TRP    ILE  
 HISE   GLN    ALA    ALA    ASP    ALA    ALA    GLU    PRO    VAL  
 ILE    LEU    ASN    ALA    GLY    GLY    LEU    THR    HISD   THR  
 SER    VAL    ALA    LEU    ARG    ASP    ALA    CYSH   ALA    GLU  
 LEU    SER    ALA    PRO    LEU    ILE    GLU    VAL    HISE   ILE  
 SER    ASN    VAL    HISE   ALA    ARG    GLU    GLU    PHE    ARG  
 ARG    HISD   SER    TYR    LEU    SER    PRO    ILE    ALA    THR  
 GLY    VAL    ILE    VAL    GLY    LEU    GLY    ILE    GLN    GLY  
 TYR    LEU    LEU    ALA    LEU    ARG    TYR    LEU    ALA    GLU  
 HISE 

NUMERO DE AMINOACIDOS DA CADEIA : 141


NUMERO DE ATOMOS DA CADEIA :  1305

