 ASNI   ARG    THR    LEU    ILE    VAL    THR    THR    ILE    LEU  
 GLUN2  GLUN2  PRO    TYR    VAL    MET    TYR    ARG    LYS    SER  
 ASP    LYS    PRO    LEU    TYR    GLY    ASN    ASP    ARG    PHE  
 GLU    GLY    TYR    CYSH   LEU    ASP    LEU    LEU    LYS    GLU  
 LEU    SER    ASN    ILE    LEU    GLY    PHE    LEU    TYR    ASP  
 VAL    LYS    LEU    VAL    PRO    ASP    GLY    LYS    TYR    GLY  
 ALA    GLN    ASN    ASP    LYS    GLY    GLU    TRP    ASN    GLY  
 MET    VAL    LYS    GLU    LEU    ILE    ASP    HISP   ARG    ALA  
 ASP    LEU    ALA    VAL    ALA    PRO    LEU    THR    ILE    THR  
 TYR    VAL    ARG    GLU    LYS    VAL    ILE    ASP    PHE    SER  
 LYS    PRO    PHE    MET    THR    LEU    GLY    ILE    SER    ILE  
 LEU    TYR    ARG    LYS    GLY    THR    PRO    ILE    ASP    SER  
 ALA    ASP    ASP    LEU    ALA    LYS    GLN    THR    LYS    ILE  
 GLU    TYR    GLY    ALA    VAL    ARG    ASP    GLY    SER    THR  
 MET    THR    PHE    PHE    LYS    LYS    SER    LYS    ILE    SER  
 THR    TYR    GLUN2  LYS    MET    TRP    ALA    PHE    MET    SER  
 SER    ARG    GLN    GLN    SER    ALA    LEU    VAL    LYS    ASN  
 SER    ASP    GLU    GLY    ILE    GLN    ARG    VAL    LEU    THR  
 THR    ASP    TYR    ALA    LEU    LEU    MET    GLU    SER    THR  
 SER    ILE    GLU    TYR    VAL    THR    GLN    ARG    ASN    CYSS 
 ASN    LEU    THR    GLN    ILE    GLY    GLY    LEU    ILE    ASP  
 SER    LYS    GLY    TYR    GLY    VAL    GLY    THR    PRO    ILE  
 GLY    SER    PRO    TYR    ARG    ASP    LYS    ILE    THR    ILE  
 ALA    ILE    LEU    GLN    LEU    GLN    GLU    GLUN2  GLY    LYS  
 LEU    HISP   MET    MET    LYS    GLU    LYS    TRP    TRP    ARG  
 GLY    ASN    GLY    CYSS   PROT 

NUMERO DE AMINOACIDOS DA CADEIA : 255


NUMERO DE ATOMOS DA CADEIA :  2504

