 METI   ASP    PRO    SER    TYR    ASP    LYS    TRP    GLU    MET  
 GLU    ARG    THR    ASP    ILE    THR    MET    LYS    HISE   LYS  
 LEU    GLY    GLY    GLY    GLN    TYR    GLY    GLU    VAL    TYR  
 GLU    GLY    VAL    TRP    LYS    LYS    TYR    SER    LEU    THR  
 VAL    ALA    VAL    LYS    THR    LEU    VAL    GLU    GLU    PHE  
 LEU    LYS    GLU    ALA    ALA    VAL    MET    LYS    GLU    ILE  
 LYS    HISE   PRO    ASN    LEU    VAL    GLN    LEU    LEU    GLY  
 VAL    CYSH   THR    ARG    GLU    PRO    PRO    PHE    TYR    ILE  
 ILE    THR    GLU    PHE    MET    THR    TYR    GLY    ASN    LEU  
 LEU    ASP    TYR    LEU    ARG    GLU    CYSH   ASN    ARG    GLN  
 GLU    VAL    SER    ALA    VAL    VAL    LEU    LEU    TYR    MET  
 ALA    THR    GLN    ILE    SER    SER    ALA    MET    GLU    TYR  
 LEU    GLU    LYS    LYS    ASN    PHE    ILE    HISE   ARG    ASP  
 LEU    ALA    ALA    ARG    ASN    CYSH   LEU    VAL    GLY    GLU  
 ASN    HISP   LEU    VAL    LYS    VAL    ALA    ASP    PHE    GLY  
 LEU    SER    ARG    LEU    MET    GLY    ASP    THR    TYR    THR  
 ALA    HISD   ALA    GLY    ALA    LYS    PHE    PRO    ILE    LYS  
 TRP    THR    ALA    PRO    GLU    SER    LEU    ALA    TYR    ASN  
 LYS    PHE    SER    ILE    LYS    SER    ASP    VAL    TRP    ALA  
 PHE    GLY    VAL    LEU    LEU    TRP    GLU    ILE    ALA    THR  
 TYR    GLY    MET    SER    PRO    TYR    PRO    GLY    ILE    ASP  
 LEU    SER    GLN    VAL    TYR    GLU    LEU    LEU    GLU    LYS  
 ASP    TYR    ARG    MET    GLU    ARG    PRO    GLU    GLY    CYSH 
 PRO    GLU    LYS    VAL    TYR    GLU    LEU    MET    ARG    ALA  
 CYSH   TRP    GLN    TRP    ASN    PRO    SER    ASP    ARG    PRO  
 SER    PHE    ALA    GLU    ILE    HISP   GLN    ALA    PHE    GLU  
 THR    MET    PHE    GLNT 

NUMERO DE AMINOACIDOS DA CADEIA : 264

RECONSTRUCAO  DO ATOMO  2609  OXT DO AMINOACIDO   264 GLNT 

NUMERO DE ATOMOS DA CADEIA :  2609

FORAM RECONSTRUIDOS     0 ATOMOS DE HIDROGENIO
