 SERI   GLU    LEU    LEU    VAL    ASN    THR    LYS    SER    GLY  
 LYS    VAL    MET    GLY    THR    ARG    VAL    PRO    VAL    LEU  
 SER    SER    HISD   ILE    SER    ALA    PHE    LEU    GLY    ILE  
 PRO    PHE    ALA    GLU    PRO    PRO    VAL    GLY    ASN    MET  
 ARG    PHE    ARG    ARG    PRO    GLU    PRO    LYS    LYS    PRO  
 TRP    SER    GLY    VAL    TRP    ASN    ALA    SER    THR    TYR  
 PRO    ASN    ASN    CYSS   GLN    GLN    TYR    VAL    ASP    GLU  
 GLN    PHE    PRO    GLY    PHE    SER    GLY    SER    GLU    MET  
 TRP    ASN    PRO    ASN    ARG    GLU    MET    SER    GLU    ASP  
 CYSS   LEU    TYR    LEU    ASN    ILE    TRP    VAL    PRO    SER  
 PRO    ARG    PRO    LYS    SER    THR    THR    VAL    MET    VAL  
 TRP    ILE    TYR    GLY    GLY    GLY    PHE    TYR    SER    GLY  
 SER    SER    THR    LEU    ASP    VAL    TYR    ASN    GLY    LYS  
 TYR    LEU    ALA    TYR    THR    GLU    GLU    VAL    VAL    LEU  
 VAL    SER    LEU    SER    TYR    ARG    VAL    GLY    ALA    PHE  
 GLY    PHE    LEU    ALA    LEU    HISE   GLY    SER    GLN    GLU  
 ALA    PRO    GLY    ASN    VAL    GLY    LEU    LEU    ASP    GLN  
 ARG    MET    ALA    LEU    GLN    TRP    VAL    HISD   ASP    ASN  
 ILE    GLN    PHE    PHE    GLY    GLY    ASP    PRO    LYS    THR  
 VAL    THR    ILE    PHE    GLY    GLU    SER    ALA    GLY    GLY  
 ALA    SER    VAL    GLY    MET    HISE   ILE    LEU    SER    PRO  
 GLY    SER    ARG    ASP    LEU    PHE    ARG    ARG    ALA    ILE  
 LEU    GLN    SER    GLY    SER    PRO    ASN    CYSH   PRO    TRP  
 ALA    SER    VAL    SER    VAL    ALA    GLU    GLY    ARG    ARG  
 ARG    ALA    VAL    GLU    LEU    GLY    ARG    ASN    LEU    ASN  
 CYSS   ASN    LEU    ASN    SER    ASP    GLU    GLU    LEU    ILE  
 HISD   CYSS   LEU    ARG    GLU    LYS    LYS    PRO    GLN    GLU  
 LEU    ILE    ASP    VAL    GLU    TRP    ASN    VAL    LEU    PRO  
 PHE    ASP    SER    ILE    PHE    ARG    PHE    SER    PHE    VAL  
 PRO    VAL    ILE    ASP    GLY    GLU    PHE    PHE    PRO    THR  
 SER    LEU    GLU    SER    MET    LEU    ASN    SER    GLY    ASN  
 PHE    LYS    LYS    THR    GLN    ILE    LEU    LEU    GLY    VAL  
 ASN    LYS    ASP    GLU    GLY    SER    PHE    PHE    LEU    LEU  
 TYR    GLY    ALA    PRO    GLY    PHE    SER    LYS    ASP    SER  
 GLU    SER    LYS    ILE    SER    ARG    GLU    ASP    PHE    MET  
 SER    GLY    VAL    LYS    LEU    SER    VAL    PRO    HISE   ALA  
 ASN    ASP    LEU    GLY    LEU    ASP    ALA    VAL    THR    LEU  
 GLN    TYR    THR    ASP    TRP    MET    ASP    ASP    ASN    ASN  
 GLY    ILE    LYS    ASN    ARG    ASP    GLY    LEU    ASP    ASP  
 ILE    VAL    GLY    ASP    HISD   ASN    VAL    ILE    CYSS   PRO  
 LEU    MET    HISP   PHE    VAL    ASN    LYS    TYR    THR    LYS  
 PHE    GLY    ASN    GLY    THR    TYR    LEU    TYR    PHE    PHE  
 ASN    HISP   ARG    ALA    SER    ASN    LEU    VAL    TRP    PRO  
 GLU    TRP    MET    GLY    VAL    ILE    HISP   GLY    TYR    GLU  
 ILE    GLU    PHE    VAL    PHE    GLY    LEU    PRO    LEU    VAL  
 LYS    GLU    LEU    ASN    TYR    THR    ALA    GLU    GLU    GLU  
 ALA    LEU    SER    ARG    ARG    ILE    MET    HISP   TYR    TRP  
 ALA    THR    PHE    ALA    LYS    THR    GLY    ASN    PRO    ASN  
 GLU    PRO    HISE   SER    GLN    GLU    SER    LYS    TRP    PRO  
 LEU    PHE    THR    THR    LYS    GLU    GLN    LYS    PHE    ILE  
 ASP    LEU    ASN    THR    GLU    PRO    MET    LYS    VAL    HISP 
 GLN    ARG    LEU    ARG    VAL    GLN    MET    CYSS   VAL    PHE  
 TRP    ASN    GLN    PHE    LEU    PRO    LYS    LEU    LEU    ASN  
 ALA    THRT 

NUMERO DE AMINOACIDOS DA CADEIA : 532

RECONSTRUCAO  DO ATOMO    34  CG  DO AMINOACIDO     4 LEU  
RECONSTRUCAO  DO ATOMO    35  CD1 DO AMINOACIDO     4 LEU  
RECONSTRUCAO  DO ATOMO    36  CD2 DO AMINOACIDO     4 LEU  
RECONSTRUCAO  DO ATOMO   338  CG  DO AMINOACIDO    39 ASN  
RECONSTRUCAO  DO ATOMO   339  OD1 DO AMINOACIDO    39 ASN  
RECONSTRUCAO  DO ATOMO   340  ND2 DO AMINOACIDO    39 ASN  
RECONSTRUCAO  DO ATOMO   388  CD  DO AMINOACIDO    43 ARG  
RECONSTRUCAO  DO ATOMO   389  NE  DO AMINOACIDO    43 ARG  
RECONSTRUCAO  DO ATOMO   390  CZ  DO AMINOACIDO    43 ARG  
RECONSTRUCAO  DO ATOMO   392  NH1 DO AMINOACIDO    43 ARG  
RECONSTRUCAO  DO ATOMO   395  NH2 DO AMINOACIDO    43 ARG  
RECONSTRUCAO  DO ATOMO   405  CD  DO AMINOACIDO    44 ARG  
RECONSTRUCAO  DO ATOMO   406  NE  DO AMINOACIDO    44 ARG  
RECONSTRUCAO  DO ATOMO   407  CZ  DO AMINOACIDO    44 ARG  
RECONSTRUCAO  DO ATOMO   409  NH1 DO AMINOACIDO    44 ARG  
RECONSTRUCAO  DO ATOMO   412  NH2 DO AMINOACIDO    44 ARG  
RECONSTRUCAO  DO ATOMO   459  CD  DO AMINOACIDO    49 LYS  
RECONSTRUCAO  DO ATOMO   460  CE  DO AMINOACIDO    49 LYS  
RECONSTRUCAO  DO ATOMO   461  NZ  DO AMINOACIDO    49 LYS  
RECONSTRUCAO  DO ATOMO   831  CD  DO AMINOACIDO    86 GLU  
RECONSTRUCAO  DO ATOMO   832  OE1 DO AMINOACIDO    86 GLU  
RECONSTRUCAO  DO ATOMO   833  OE2 DO AMINOACIDO    86 GLU  
RECONSTRUCAO  DO ATOMO  1515  CD  DO AMINOACIDO   159 GLN  
RECONSTRUCAO  DO ATOMO  1516  OE1 DO AMINOACIDO   159 GLN  
RECONSTRUCAO  DO ATOMO  1517  NE2 DO AMINOACIDO   159 GLN  
RECONSTRUCAO  DO ATOMO  1798  CD  DO AMINOACIDO   189 LYS  
RECONSTRUCAO  DO ATOMO  1799  CE  DO AMINOACIDO   189 LYS  
RECONSTRUCAO  DO ATOMO  1800  NZ  DO AMINOACIDO   189 LYS  
RECONSTRUCAO  DO ATOMO  2362  CG  DO AMINOACIDO   250 ASN  
RECONSTRUCAO  DO ATOMO  2363  OD1 DO AMINOACIDO   250 ASN  
RECONSTRUCAO  DO ATOMO  2364  ND2 DO AMINOACIDO   250 ASN  
RECONSTRUCAO  DO ATOMO  2400  CG  DO AMINOACIDO   254 ASN  
RECONSTRUCAO  DO ATOMO  2401  OD1 DO AMINOACIDO   254 ASN  
RECONSTRUCAO  DO ATOMO  2402  ND2 DO AMINOACIDO   254 ASN  
RECONSTRUCAO  DO ATOMO  2429  CD  DO AMINOACIDO   257 GLU  
RECONSTRUCAO  DO ATOMO  2430  OE1 DO AMINOACIDO   257 GLU  
RECONSTRUCAO  DO ATOMO  2431  OE2 DO AMINOACIDO   257 GLU  
RECONSTRUCAO  DO ATOMO  2511  CG  DO AMINOACIDO   265 GLU  
RECONSTRUCAO  DO ATOMO  2512  CD  DO AMINOACIDO   265 GLU  
RECONSTRUCAO  DO ATOMO  2513  OE1 DO AMINOACIDO   265 GLU  
RECONSTRUCAO  DO ATOMO  2514  OE2 DO AMINOACIDO   265 GLU  
RECONSTRUCAO  DO ATOMO  2536  CE  DO AMINOACIDO   267 LYS  
RECONSTRUCAO  DO ATOMO  2537  NZ  DO AMINOACIDO   267 LYS  
RECONSTRUCAO  DO ATOMO  2818  CD  DO AMINOACIDO   296 GLU  
RECONSTRUCAO  DO ATOMO  2819  OE1 DO AMINOACIDO   296 GLU  
RECONSTRUCAO  DO ATOMO  2820  OE2 DO AMINOACIDO   296 GLU  
RECONSTRUCAO  DO ATOMO  3305  CD  DO AMINOACIDO   347 GLU  
RECONSTRUCAO  DO ATOMO  3306  OE1 DO AMINOACIDO   347 GLU  
RECONSTRUCAO  DO ATOMO  3307  OE2 DO AMINOACIDO   347 GLU  
RECONSTRUCAO  DO ATOMO  3440  OD1 DO AMINOACIDO   362 ASP  
RECONSTRUCAO  DO ATOMO  3441  OD2 DO AMINOACIDO   362 ASP  
RECONSTRUCAO  DO ATOMO  3600  OD1 DO AMINOACIDO   379 ASN  
RECONSTRUCAO  DO ATOMO  3601  ND2 DO AMINOACIDO   379 ASN  
RECONSTRUCAO  DO ATOMO  3901  CD  DO AMINOACIDO   410 LYS  
RECONSTRUCAO  DO ATOMO  3902  CE  DO AMINOACIDO   410 LYS  
RECONSTRUCAO  DO ATOMO  3903  NZ  DO AMINOACIDO   410 LYS  
RECONSTRUCAO  DO ATOMO  4123  CD  DO AMINOACIDO   431 GLU  
RECONSTRUCAO  DO ATOMO  4124  OE1 DO AMINOACIDO   431 GLU  
RECONSTRUCAO  DO ATOMO  4125  OE2 DO AMINOACIDO   431 GLU  
RECONSTRUCAO  DO ATOMO  4311  CD  DO AMINOACIDO   451 LYS  
RECONSTRUCAO  DO ATOMO  4312  CE  DO AMINOACIDO   451 LYS  
RECONSTRUCAO  DO ATOMO  4313  NZ  DO AMINOACIDO   451 LYS  
RECONSTRUCAO  DO ATOMO  4323  CG  DO AMINOACIDO   452 GLU  
RECONSTRUCAO  DO ATOMO  4324  CD  DO AMINOACIDO   452 GLU  
RECONSTRUCAO  DO ATOMO  4325  OE1 DO AMINOACIDO   452 GLU  
RECONSTRUCAO  DO ATOMO  4326  OE2 DO AMINOACIDO   452 GLU  
RECONSTRUCAO  DO ATOMO  4563  CG  DO AMINOACIDO   475 LYS  
RECONSTRUCAO  DO ATOMO  4564  CD  DO AMINOACIDO   475 LYS  
RECONSTRUCAO  DO ATOMO  4565  CE  DO AMINOACIDO   475 LYS  
RECONSTRUCAO  DO ATOMO  4566  NZ  DO AMINOACIDO   475 LYS  
RECONSTRUCAO  DO ATOMO  4636  CG  DO AMINOACIDO   483 HISE 
RECONSTRUCAO  DO ATOMO  4637  CD2 DO AMINOACIDO   483 HISE 
RECONSTRUCAO  DO ATOMO  4638  NE2 DO AMINOACIDO   483 HISE 
RECONSTRUCAO  DO ATOMO  4640  CE1 DO AMINOACIDO   483 HISE 
RECONSTRUCAO  DO ATOMO  4641  ND1 DO AMINOACIDO   483 HISE 
RECONSTRUCAO  DO ATOMO  4657  CD  DO AMINOACIDO   485 GLN  
RECONSTRUCAO  DO ATOMO  4658  OE1 DO AMINOACIDO   485 GLN  
RECONSTRUCAO  DO ATOMO  4659  NE2 DO AMINOACIDO   485 GLN  
RECONSTRUCAO  DO ATOMO  4669  CD  DO AMINOACIDO   486 GLU  
RECONSTRUCAO  DO ATOMO  4670  OE1 DO AMINOACIDO   486 GLU  
RECONSTRUCAO  DO ATOMO  4671  OE2 DO AMINOACIDO   486 GLU  
RECONSTRUCAO  DO ATOMO  4678  OG  DO AMINOACIDO   487 SER  
RECONSTRUCAO  DO ATOMO  4895  CD  DO AMINOACIDO   508 LYS  
RECONSTRUCAO  DO ATOMO  4896  CE  DO AMINOACIDO   508 LYS  
RECONSTRUCAO  DO ATOMO  4897  NZ  DO AMINOACIDO   508 LYS  
RECONSTRUCAO  DO ATOMO  5067  CD  DO AMINOACIDO   523 GLN  
RECONSTRUCAO  DO ATOMO  5068  OE1 DO AMINOACIDO   523 GLN  
RECONSTRUCAO  DO ATOMO  5069  NE2 DO AMINOACIDO   523 GLN  

NUMERO DE ATOMOS DA CADEIA :  5159

FORAM RECONSTRUIDOS    47 ATOMOS DE HIDROGENIO
 SERI   GLU    LEU    LEU    VAL    ASN    THR    LYS    SER    GLY  
 LYS    VAL    MET    GLY    THR    ARG    VAL    PRO    VAL    LEU  
 SER    SER    HISD   ILE    SER    ALA    PHE    LEU    GLY    ILE  
 PRO    PHE    ALA    GLU    PRO    PRO    VAL    GLY    ASN    MET  
 ARG    PHE    ARG    ARG    PRO    GLU    PRO    LYS    LYS    PRO  
 TRP    SER    GLY    VAL    TRP    ASN    ALA    SER    THR    TYR  
 PRO    ASN    ASN    CYSS   GLN    GLN    TYR    VAL    ASP    GLU  
 GLN    PHE    PRO    GLY    PHE    SER    GLY    SER    GLU    MET  
 TRP    ASN    PRO    ASN    ARG    GLU    MET    SER    GLU    ASP  
 CYSS   LEU    TYR    LEU    ASN    ILE    TRP    VAL    PRO    SER  
 PRO    ARG    PRO    LYS    SER    THR    THR    VAL    MET    VAL  
 TRP    ILE    TYR    GLY    GLY    GLY    PHE    TYR    SER    GLY  
 SER    SER    THR    LEU    ASP    VAL    TYR    ASN    GLY    LYS  
 TYR    LEU    ALA    TYR    THR    GLU    GLU    VAL    VAL    LEU  
 VAL    SER    LEU    SER    TYR    ARG    VAL    GLY    ALA    PHE  
 GLY    PHE    LEU    ALA    LEU    HISE   GLY    SER    GLN    GLU  
 ALA    PRO    GLY    ASN    VAL    GLY    LEU    LEU    ASP    GLN  
 ARG    MET    ALA    LEU    GLN    TRP    VAL    HISD   ASP    ASN  
 ILE    GLN    PHE    PHE    GLY    GLY    ASP    PRO    LYS    THR  
 VAL    THR    ILE    PHE    GLY    GLU    SER    ALA    GLY    GLY  
 ALA    SER    VAL    GLY    MET    HISE   ILE    LEU    SER    PRO  
 GLY    SER    ARG    ASP    LEU    PHE    ARG    ARG    ALA    ILE  
 LEU    GLN    SER    GLY    SER    PRO    ASN    CYSH   PRO    TRP  
 ALA    SER    VAL    SER    VAL    ALA    GLU    GLY    ARG    ARG  
 ARG    ALA    VAL    GLU    LEU    GLY    ARG    ASN    LEU    ASN  
 CYSS   ASN    LEU    ASN    SER    ASP    GLU    GLU    LEU    ILE  
 HISD   CYSS   LEU    ARG    GLU    LYS    LYS    PRO    GLN    GLU  
 LEU    ILE    ASP    VAL    GLU    TRP    ASN    VAL    LEU    PRO  
 PHE    ASP    SER    ILE    PHE    ARG    PHE    SER    PHE    VAL  
 PRO    VAL    ILE    ASP    GLY    GLU    PHE    PHE    PRO    THR  
 SER    LEU    GLU    SER    MET    LEU    ASN    SER    GLY    ASN  
 PHE    LYS    LYS    THR    GLN    ILE    LEU    LEU    GLY    VAL  
 ASN    LYS    ASP    GLU    GLY    SER    PHE    PHE    LEU    LEU  
 TYR    GLY    ALA    PRO    GLY    PHE    SER    LYS    ASP    SER  
 GLU    SER    LYS    ILE    SER    ARG    GLU    ASP    PHE    MET  
 SER    GLY    VAL    LYS    LEU    SER    VAL    PRO    HISE   ALA  
 ASN    ASP    LEU    GLY    LEU    ASP    ALA    VAL    THR    LEU  
 GLN    TYR    THR    ASP    TRP    MET    ASP    ASP    ASN    ASN  
 GLY    ILE    LYS    ASN    ARG    ASP    GLY    LEU    ASP    ASP  
 ILE    VAL    GLY    ASP    HISD   ASN    VAL    ILE    CYSS   PRO  
 LEU    MET    HISP   PHE    VAL    ASN    LYS    TYR    THR    LYS  
 PHE    GLY    ASN    GLY    THR    TYR    LEU    TYR    PHE    PHE  
 ASN    HISP   ARG    ALA    SER    ASN    LEU    VAL    TRP    PRO  
 GLU    TRP    MET    GLY    VAL    ILE    HISP   GLY    TYR    GLU  
 ILE    GLU    PHE    VAL    PHE    GLY    LEU    PRO    LEU    VAL  
 LYS    GLU    LEU    ASN    TYR    THR    ALA    GLU    GLU    GLU  
 ALA    LEU    SER    ARG    ARG    ILE    MET    HISP   TYR    TRP  
 ALA    THR    PHE    ALA    LYS    THR    GLY    ASN    PRO    ASN  
 GLU    PRO    HISE   SER    GLN    GLU    SER    LYS    TRP    PRO  
 LEU    PHE    THR    THR    LYS    GLU    GLN    LYS    PHE    ILE  
 ASP    LEU    ASN    THR    GLU    PRO    MET    LYS    VAL    HISP 
 GLN    ARG    LEU    ARG    VAL    GLN    MET    CYSS   VAL    PHE  
 TRP    ASN    GLN    PHE    LEU    PRO    LYS    LEU    LEU    ASN  
 ALA    THRT 

NUMERO DE AMINOACIDOS DA CADEIA : 532

RECONSTRUCAO  DO ATOMO    34  CG  DO AMINOACIDO     4 LEU  
RECONSTRUCAO  DO ATOMO    35  CD1 DO AMINOACIDO     4 LEU  
RECONSTRUCAO  DO ATOMO    36  CD2 DO AMINOACIDO     4 LEU  
RECONSTRUCAO  DO ATOMO   338  CG  DO AMINOACIDO    39 ASN  
RECONSTRUCAO  DO ATOMO   339  OD1 DO AMINOACIDO    39 ASN  
RECONSTRUCAO  DO ATOMO   340  ND2 DO AMINOACIDO    39 ASN  
RECONSTRUCAO  DO ATOMO   388  CD  DO AMINOACIDO    43 ARG  
RECONSTRUCAO  DO ATOMO   389  NE  DO AMINOACIDO    43 ARG  
RECONSTRUCAO  DO ATOMO   390  CZ  DO AMINOACIDO    43 ARG  
RECONSTRUCAO  DO ATOMO   392  NH1 DO AMINOACIDO    43 ARG  
RECONSTRUCAO  DO ATOMO   395  NH2 DO AMINOACIDO    43 ARG  
RECONSTRUCAO  DO ATOMO   405  CD  DO AMINOACIDO    44 ARG  
RECONSTRUCAO  DO ATOMO   406  NE  DO AMINOACIDO    44 ARG  
RECONSTRUCAO  DO ATOMO   407  CZ  DO AMINOACIDO    44 ARG  
RECONSTRUCAO  DO ATOMO   409  NH1 DO AMINOACIDO    44 ARG  
RECONSTRUCAO  DO ATOMO   412  NH2 DO AMINOACIDO    44 ARG  
RECONSTRUCAO  DO ATOMO   459  CD  DO AMINOACIDO    49 LYS  
RECONSTRUCAO  DO ATOMO   460  CE  DO AMINOACIDO    49 LYS  
RECONSTRUCAO  DO ATOMO   461  NZ  DO AMINOACIDO    49 LYS  
RECONSTRUCAO  DO ATOMO   831  CD  DO AMINOACIDO    86 GLU  
RECONSTRUCAO  DO ATOMO   832  OE1 DO AMINOACIDO    86 GLU  
RECONSTRUCAO  DO ATOMO   833  OE2 DO AMINOACIDO    86 GLU  
RECONSTRUCAO  DO ATOMO  1515  CD  DO AMINOACIDO   159 GLN  
RECONSTRUCAO  DO ATOMO  1516  OE1 DO AMINOACIDO   159 GLN  
RECONSTRUCAO  DO ATOMO  1517  NE2 DO AMINOACIDO   159 GLN  
RECONSTRUCAO  DO ATOMO  1798  CD  DO AMINOACIDO   189 LYS  
RECONSTRUCAO  DO ATOMO  1799  CE  DO AMINOACIDO   189 LYS  
RECONSTRUCAO  DO ATOMO  1800  NZ  DO AMINOACIDO   189 LYS  
RECONSTRUCAO  DO ATOMO  2362  CG  DO AMINOACIDO   250 ASN  
RECONSTRUCAO  DO ATOMO  2363  OD1 DO AMINOACIDO   250 ASN  
RECONSTRUCAO  DO ATOMO  2364  ND2 DO AMINOACIDO   250 ASN  
RECONSTRUCAO  DO ATOMO  2400  CG  DO AMINOACIDO   254 ASN  
RECONSTRUCAO  DO ATOMO  2401  OD1 DO AMINOACIDO   254 ASN  
RECONSTRUCAO  DO ATOMO  2402  ND2 DO AMINOACIDO   254 ASN  
RECONSTRUCAO  DO ATOMO  2429  CD  DO AMINOACIDO   257 GLU  
RECONSTRUCAO  DO ATOMO  2430  OE1 DO AMINOACIDO   257 GLU  
RECONSTRUCAO  DO ATOMO  2431  OE2 DO AMINOACIDO   257 GLU  
RECONSTRUCAO  DO ATOMO  2511  CG  DO AMINOACIDO   265 GLU  
RECONSTRUCAO  DO ATOMO  2512  CD  DO AMINOACIDO   265 GLU  
RECONSTRUCAO  DO ATOMO  2513  OE1 DO AMINOACIDO   265 GLU  
RECONSTRUCAO  DO ATOMO  2514  OE2 DO AMINOACIDO   265 GLU  
RECONSTRUCAO  DO ATOMO  2536  CE  DO AMINOACIDO   267 LYS  
RECONSTRUCAO  DO ATOMO  2537  NZ  DO AMINOACIDO   267 LYS  
RECONSTRUCAO  DO ATOMO  2818  CD  DO AMINOACIDO   296 GLU  
RECONSTRUCAO  DO ATOMO  2819  OE1 DO AMINOACIDO   296 GLU  
RECONSTRUCAO  DO ATOMO  2820  OE2 DO AMINOACIDO   296 GLU  
RECONSTRUCAO  DO ATOMO  3305  CD  DO AMINOACIDO   347 GLU  
RECONSTRUCAO  DO ATOMO  3306  OE1 DO AMINOACIDO   347 GLU  
RECONSTRUCAO  DO ATOMO  3307  OE2 DO AMINOACIDO   347 GLU  
RECONSTRUCAO  DO ATOMO  3440  OD1 DO AMINOACIDO   362 ASP  
RECONSTRUCAO  DO ATOMO  3441  OD2 DO AMINOACIDO   362 ASP  
RECONSTRUCAO  DO ATOMO  3600  OD1 DO AMINOACIDO   379 ASN  
RECONSTRUCAO  DO ATOMO  3601  ND2 DO AMINOACIDO   379 ASN  
RECONSTRUCAO  DO ATOMO  3901  CD  DO AMINOACIDO   410 LYS  
RECONSTRUCAO  DO ATOMO  3902  CE  DO AMINOACIDO   410 LYS  
RECONSTRUCAO  DO ATOMO  3903  NZ  DO AMINOACIDO   410 LYS  
RECONSTRUCAO  DO ATOMO  4123  CD  DO AMINOACIDO   431 GLU  
RECONSTRUCAO  DO ATOMO  4124  OE1 DO AMINOACIDO   431 GLU  
RECONSTRUCAO  DO ATOMO  4125  OE2 DO AMINOACIDO   431 GLU  
RECONSTRUCAO  DO ATOMO  4311  CD  DO AMINOACIDO   451 LYS  
RECONSTRUCAO  DO ATOMO  4312  CE  DO AMINOACIDO   451 LYS  
RECONSTRUCAO  DO ATOMO  4313  NZ  DO AMINOACIDO   451 LYS  
RECONSTRUCAO  DO ATOMO  4323  CG  DO AMINOACIDO   452 GLU  
RECONSTRUCAO  DO ATOMO  4324  CD  DO AMINOACIDO   452 GLU  
RECONSTRUCAO  DO ATOMO  4325  OE1 DO AMINOACIDO   452 GLU  
RECONSTRUCAO  DO ATOMO  4326  OE2 DO AMINOACIDO   452 GLU  
RECONSTRUCAO  DO ATOMO  4563  CG  DO AMINOACIDO   475 LYS  
RECONSTRUCAO  DO ATOMO  4564  CD  DO AMINOACIDO   475 LYS  
RECONSTRUCAO  DO ATOMO  4565  CE  DO AMINOACIDO   475 LYS  
RECONSTRUCAO  DO ATOMO  4566  NZ  DO AMINOACIDO   475 LYS  
RECONSTRUCAO  DO ATOMO  4636  CG  DO AMINOACIDO   483 HISE 
RECONSTRUCAO  DO ATOMO  4637  CD2 DO AMINOACIDO   483 HISE 
RECONSTRUCAO  DO ATOMO  4638  NE2 DO AMINOACIDO   483 HISE 
RECONSTRUCAO  DO ATOMO  4640  CE1 DO AMINOACIDO   483 HISE 
RECONSTRUCAO  DO ATOMO  4641  ND1 DO AMINOACIDO   483 HISE 
RECONSTRUCAO  DO ATOMO  4657  CD  DO AMINOACIDO   485 GLN  
RECONSTRUCAO  DO ATOMO  4658  OE1 DO AMINOACIDO   485 GLN  
RECONSTRUCAO  DO ATOMO  4659  NE2 DO AMINOACIDO   485 GLN  
RECONSTRUCAO  DO ATOMO  4669  CD  DO AMINOACIDO   486 GLU  
RECONSTRUCAO  DO ATOMO  4670  OE1 DO AMINOACIDO   486 GLU  
RECONSTRUCAO  DO ATOMO  4671  OE2 DO AMINOACIDO   486 GLU  
RECONSTRUCAO  DO ATOMO  4678  OG  DO AMINOACIDO   487 SER  
RECONSTRUCAO  DO ATOMO  4895  CD  DO AMINOACIDO   508 LYS  
RECONSTRUCAO  DO ATOMO  4896  CE  DO AMINOACIDO   508 LYS  
RECONSTRUCAO  DO ATOMO  4897  NZ  DO AMINOACIDO   508 LYS  
RECONSTRUCAO  DO ATOMO  5067  CD  DO AMINOACIDO   523 GLN  
RECONSTRUCAO  DO ATOMO  5068  OE1 DO AMINOACIDO   523 GLN  
RECONSTRUCAO  DO ATOMO  5069  NE2 DO AMINOACIDO   523 GLN  

NUMERO DE ATOMOS DA CADEIA :  5159

FORAM RECONSTRUIDOS    47 ATOMOS DE HIDROGENIO
