 ALAI   ASN    LYS    THR    VAL    VAL    VAL    THR    THR    ILE  
 LEU    GLUN2  SER    PRO    TYR    VAL    MET    MET    LYS    LYS  
 ASN    HISP   GLU    MET    LEU    GLU    GLY    ASN    GLU    ARG  
 TYR    GLUN2  GLY    TYR    CYSH   VAL    ASP    LEU    ALA    ALA  
 GLU    ILE    ALA    LYS    HISP   CYSH   GLY    PHE    LYS    TYR  
 LYS    LEU    THR    ILE    VAL    GLY    ASP    GLY    LYS    TYR  
 GLY    ALA    ARG    ASP    ALA    ASP    THR    LYS    ILE    TRP  
 ASN    GLY    MET    VAL    GLY    GLU    LEU    VAL    TYR    GLY  
 LYS    ALA    ASP    ILE    ALA    ILE    ALA    PRO    LEU    THR  
 ILE    THR    LEU    VAL    ARG    GLUN2  GLU    VAL    ILE    ASP  
 PHE    SER    LYS    PRO    PHE    MET    SER    LEU    GLY    ILE  
 SER    ILE    MET    ILE    LYS    LYS    GLY    THR    PRO    ILE  
 GLU    SER    ALA    GLU    ASP    LEU    SER    LYS    GLN    THR  
 GLU    ILE    ALA    TYR    GLY    THR    LEU    ASP    SER    GLY  
 SER    THR    LYS    GLU    PHE    PHE    ARG    ARG    SER    LYS  
 ILE    ALA    VAL    PHE    ASP    LYS    MET    TRP    THR    TYR  
 MET    ARG    SER    ALA    GLU    PRO    SER    VAL    PHE    VAL  
 ARG    THR    THR    ALA    GLU    GLY    VAL    ALA    ARG    VAL  
 ARG    LYS    SER    LYS    GLY    LYS    TYR    ALA    TYR    LEU  
 LEU    GLU    SER    THR    MET    ASN    GLUN2  TYR    ILE    GLUN2
 GLN    ARG    LYS    PRO    CYSS   ASP    THR    MET    LYS    VAL  
 GLY    GLY    ASN    LEU    ASP    SER    LYS    GLY    TYR    GLY  
 ILE    ALA    THR    PRO    LYS    GLY    SER    SER    LEU    GLY  
 ASN    ALA    VAL    ASN    LEU    ALA    VAL    LEU    LYS    LEU  
 ASN    GLU    GLN    GLY    LEU    LEU    ASP    LYS    LEU    LYS  
 ASN    LYS    TRP    TRP    TYR    ASP    LYS    GLY    GLU    CYSST


NUMERO DE AMINOACIDOS DA CADEIA : 260

RECONSTRUCAO  DO ATOMO  2508  OXT DO AMINOACIDO   260 CYSST

NUMERO DE ATOMOS DA CADEIA :  2508

FORAM RECONSTRUIDOS     0 ATOMOS DE HIDROGENIO
