 SERI   PRO    GLY    ILE    TRP    GLN    LEU    ASPN2  CYSH   THR  
 HISP   LEU    GLU    GLY    LYS    VAL    ILE    LEU    VAL    ALA  
 VAL    HISE   VAL    ALA    SER    GLY    TYR    ILE    GLU    ALA  
 GLU    VAL    ILE    PRO    ALA    GLUN2  THR    GLY    GLN    GLU  
 THR    ALA    TYR    PHE    LEU    LEU    LYS    LEU    ALA    GLY  
 ARG    TRP    PRO    VAL    LYS    THR    VAL    HISP   THR    ASP  
 ASN    GLY    SER    ASN    PHE    THR    SER    THR    THR    VAL  
 LYS    ALA    ALA    CYSH   TRP    TRP    ALA    GLY    ILE    LYS  
 GLN    GLU    ASP    GLY    ILE    PRO    TYR    ASN    PRO    GLN  
 SER    GLN    GLY    VAL    ILE    GLU    SER    MET    ASN    LYS  
 GLU    LEU    LYS    LYS    ILE    ILE    GLY    GLN    VAL    ARG  
 ASP    GLN    ALA    GLU    HISP   LEU    LYS    THR    ALA    VAL  
 GLN    MET    ALA    VAL    PHE    ILE    HISP   ASN    HISP   LYS  
 ARG    LYS    GLY    TYR    SER    ALA    GLY    GLU    ARG    ILE  
 VAL    ASP    ILE    ILE    ALA    THR    ASP    ILE    GLNT 

NUMERO DE AMINOACIDOS DA CADEIA : 149

RECONSTRUCAO  DO ATOMO  1427  OXT DO AMINOACIDO   149 GLNT 

NUMERO DE ATOMOS DA CADEIA :  1427

FORAM RECONSTRUIDOS     0 ATOMOS DE HIDROGENIO
 SERI   PRO    GLY    ILE    TRP    GLN    LEU    ASPN2  CYSH   THR  
 HISP   LEU    GLU    GLY    LYS    VAL    ILE    LEU    VAL    ALA  
 VAL    HISE   VAL    ALA    SER    GLY    TYR    ILE    GLU    ALA  
 GLU    VAL    ILE    PRO    ALA    GLUN2  THR    GLY    GLN    GLU  
 THR    ALA    TYR    PHE    LEU    LEU    LYS    LEU    ALA    GLY  
 ARG    TRP    PRO    VAL    LYS    THR    VAL    HISP   THR    ASP  
 ASN    GLY    SER    ASN    PHE    THR    SER    THR    THR    VAL  
 LYS    ALA    ALA    CYSH   TRP    TRP    ALA    GLY    ILE    LYS  
 GLN    GLU    ASP    GLY    ILE    PRO    TYR    ASN    PRO    GLN  
 SER    GLN    GLY    VAL    ILE    GLU    SER    MET    ASN    LYS  
 GLU    LEU    LYS    LYS    ILE    ILE    GLY    GLN    VAL    ARG  
 ASP    GLN    ALA    GLU    HISP   LEU    LYS    THR    ALA    VAL  
 GLN    MET    ALA    VAL    PHE    ILE    HISP   ASN    HISP   LYS  
 ARG    LYS    GLY    TYR    SER    ALA    GLY    GLU    ARG    ILE  
 VAL    ASP    ILE    ILE    ALA    THR    ASP    ILE    GLNT 

NUMERO DE AMINOACIDOS DA CADEIA : 149

RECONSTRUCAO  DO ATOMO  1427  OXT DO AMINOACIDO   149 GLNT 

NUMERO DE ATOMOS DA CADEIA :  1427

FORAM RECONSTRUIDOS     0 ATOMOS DE HIDROGENIO
