 GLYI   PRO    VAL    PRO    SER    ARG    ALA    ARG    VAL    TYR  
 THR    ASP    VAL    ASN    THR    HISD   ARG    PRO    ARG    GLU  
 TYR    TRP    ASP    TYR    GLU    SER    HISE   VAL    VAL    GLU  
 TRP    GLY    ASN    GLN    ASP    ASP    TYR    GLN    LEU    VAL  
 ARG    LYS    LEU    GLY    ARG    GLY    LYS    TYR    SER    GLU  
 VAL    PHE    GLU    ALA    ILE    ASN    ILE    THR    ASN    ASN  
 GLU    LYS    VAL    VAL    VAL    LYS    ILE    LEU    LYS    PRO  
 VAL    LYS    LYS    LYS    LYS    ILE    LYS    ARG    GLU    ILE  
 LYS    ILE    LEU    GLU    ASN    LEU    ARG    GLY    GLY    PRO  
 ASN    ILE    ILE    THR    LEU    ALA    ASP    ILE    VAL    LYS  
 ASP    PRO    VAL    SER    ARG    THR    PRO    ALA    LEU    VAL  
 PHE    GLU    HISD   VAL    ASN    ASN    THR    ASP    PHE    LYS  
 GLN    LEU    TYR    GLN    THR    LEU    THR    ASP    TYR    ASP  
 ILE    ARG    PHE    TYR    MET    TYR    GLU    ILE    LEU    LYS  
 ALA    LEU    ASP    TYR    CYSH   HISE   SER    MET    GLY    ILE  
 MET    HISE   ARG    ASP    VAL    LYS    PRO    HISD   ASN    VAL  
 MET    ILE    ASP    HISE   GLU    HISD   ARG    LYS    LEU    ARG  
 LEU    ILE    ASP    TRP    GLY    LEU    ALA    GLU    PHE    TYR  
 HISD   PRO    GLY    GLN    GLU    TYR    ASN    VAL    ARG    VAL  
 ALA    SER    ARG    TYR    PHE    LYS    GLY    PRO    GLU    LEU  
 LEU    VAL    ASP    TYR    GLN    MET    TYR    ASP    TYR    SER  
 LEU    ASP    MET    TRP    SER    LEU    GLY    CYSH   MET    LEU  
 ALA    SER    MET    ILE    PHE    ARG    LYS    GLU    PRO    PHE  
 PHE    HISD   GLY    HISD   ASP    ASN    TYR    ASP    GLN    LEU  
 VAL    ARG    ILE    ALA    LYS    VAL    LEU    GLY    THR    GLU  
 ASP    LEU    TYR    ASP    TYR    ILE    ASP    LYS    TYR    ASN  
 ILE    GLU    LEU    ASP    PRO    ARG    PHE    ASN    ASP    ILE  
 LEU    GLY    ARG    HISE   SER    ARG    LYS    ARG    TRP    GLU  
 ARG    PHE    VAL    HISE   SER    GLU    ASN    GLN    HISE   LEU  
 VAL    SER    PRO    GLU    ALA    LEU    ASP    PHE    LEU    ASP  
 LYS    LEU    LEU    ARG    TYR    ASP    HISE   GLN    SER    ARG  
 LEU    THR    ALA    ARG    GLU    ALA    MET    GLU    HISE   PRO  
 TYR    PHE    TYR    THR    VAL    VAL    LYS    ASPT 

NUMERO DE AMINOACIDOS DA CADEIA : 328

RECONSTRUCAO  DO ATOMO  3402  OXT DO AMINOACIDO   328 ASPT 

NUMERO DE ATOMOS DA CADEIA :  3402

FORAM RECONSTRUIDOS     0 ATOMOS DE HIDROGENIO
