 METI   THR    MET    MET    ASP    MET    ASN    PHE    LYS    TYR  
 CYSH   HISE   LYS    ILE    MET    LYS    LYS    HISE   SER    LYS  
 SER    PHE    SER    TYR    ALA    PHE    ASP    LEU    LEU    PRO  
 GLU    ASP    GLN    ARG    LYS    ALA    VAL    TRP    ALA    ILE  
 TYR    ALA    VAL    CYSH   ARG    LYS    ILE    ASP    ASP    SER  
 ILE    ASP    VAL    TYR    GLY    ASP    ILE    GLN    PHE    LEU  
 ASN    GLN    ILE    LYS    GLU    ASP    ILE    GLN    SER    ILE  
 GLU    LYS    TYR    PRO    TYR    GLU    TYR    HISE   HISE   PHE  
 GLN    SER    ASP    ARG    ARG    ILE    MET    MET    ALA    LEU  
 GLN    HISE   VAL    ALA    GLN    HISD   LYS    ASN    ILE    ALA  
 PHE    GLN    SER    PHE    TYR    ASN    LEU    ILE    ASP    THR  
 VAL    TYR    LYS    ASP    GLN    HISD   PHE    THR    MET    PHE  
 GLU    THR    ASP    ALA    GLU    LEU    PHE    GLY    TYR    CYSH 
 TYR    GLY    VAL    ALA    GLY    THR    VAL    GLY    GLU    VAL  
 LEU    THR    PRO    ILE    LEU    SER    ASP    HISD   GLU    THR  
 HISE   GLN    THR    TYR    ASP    VAL    ALA    ARG    ARG    LEU  
 GLY    GLU    SER    LEU    GLN    LEU    ILE    ASN    ILE    LEU  
 ARG    ASP    VAL    GLY    GLU    ASPN2  PHE    GLU    ASN    GLU  
 ARG    ILE    TYR    PHE    SER    LYS    GLN    ARG    LEU    LYS  
 GLN    TYR    GLU    VAL    ASP    ILE    ALA    GLU    VAL    TYR  
 GLN    ASN    GLY    VAL    ASN    ASN    HISE   TYR    ILE    ASP  
 LEU    TRP    GLU    TYR    TYR    ALA    ALA    ILE    ALA    GLU  
 LYS    ASP    PHE    ARG    ASP    VAL    MET    ASP    GLN    ILE  
 LYS    VAL    PHE    SER    ILE    GLU    ALA    GLN    PRO    ILE  
 ILE    GLU    LEU    ALA    ALA    ARG    ILE    TYR    ILE    GLU  
 ILE    LEU    ASP    GLU    VAL    ARG    GLN    ALA    ASN    TYR  
 THR    LEU    HISE   GLU    ARG    VAL    PHE    VAL    GLU    LYS  
 ARG    LYS    LYS    ALA    LYS    LEU    PHE    HISD   GLU    ILE  
 ASN    SER    LYS    TYRT 

NUMERO DE AMINOACIDOS DA CADEIA : 284

RECONSTRUCAO  DO ATOMO  2921  OXT DO AMINOACIDO   284 TYRT 

NUMERO DE ATOMOS DA CADEIA :  2921

FORAM RECONSTRUIDOS     0 ATOMOS DE HIDROGENIO
