 GLUI   ARG    PRO    THR    PHE    TYR    ARG    GLN    GLU    LEU  
 ASN    LYS    THR    ILE    TRP    GLU    VAL    PRO    GLU    ARG  
 TYR    GLN    ASN    LEU    SER    PRO    VAL    GLY    SER    GLY  
 ALA    TYR    GLY    SER    VAL    CYSH   ALA    ALA    PHE    ASP  
 THR    LYS    THR    GLY    LEU    ARG    VAL    ALA    VAL    LYS  
 LYS    LEU    SER    ARG    PRO    PHE    GLN    SER    ILE    ILE  
 HISE   ALA    LYS    ARG    THR    TYR    ARG    GLU    LEU    ARG  
 LEU    LEU    LYS    HISE   MET    LYS    HISE   GLU    ASN    VAL  
 ILE    GLY    LEU    LEU    ASP    VAL    PHE    THR    PRO    ALA  
 ARG    SER    LEU    GLU    GLU    PHE    ASN    ASP    VAL    TYR  
 LEU    VAL    THR    HISE   LEU    MET    GLY    ALA    ASP    LEU  
 ASN    ASN    ILE    VAL    LYS    CYSH   GLN    LYS    LEU    THR  
 ASP    ASP    HISE   VAL    GLN    PHE    LEU    ILE    TYR    GLN  
 ILE    LEU    ARG    GLY    LEU    LYS    TYR    ILE    HISE   SER  
 ALA    ASP    ILE    ILE    HISE   ARG    ASP    LEU    LYS    PRO  
 SER    ASN    LEU    ALA    VAL    ASN    GLU    ASP    CYSH   GLU  
 LEU    LYS    ILE    LEU    ASP    PHE    GLY    VAL    ALA    THR  
 ARG    TRP    TYR    ARG    ALA    PRO    GLU    ILE    MET    LEU  
 ASN    TRP    MET    HISD   TYR    ASN    GLN    THR    VAL    ASP  
 ILE    TRP    SER    VAL    GLY    CYSH   ILE    MET    ALA    GLU  
 LEU    LEU    THR    GLY    ARG    THR    LEU    PHE    PRO    GLY  
 THR    ASP    HISP   ILE    ASP    GLN    LEU    LYS    LEU    ILE  
 LEU    ARG    LEU    VAL    GLY    THR    PRO    GLY    ALA    GLU  
 LEU    LEU    LYS    LYS    ILE    SER    SER    GLU    SER    ALA  
 ARG    ASN    TYR    ILE    GLN    SER    LEU    THR    GLN    MET  
 PRO    LYS    MET    ASN    PHE    ALA    ASN    VAL    PHE    ILE  
 GLY    ALA    ASN    PRO    LEU    ALA    VAL    ASP    LEU    LEU  
 GLU    LYS    MET    LEU    VAL    LEU    ASP    SER    ASP    LYS  
 ARG    ILE    THR    ALA    ALA    GLN    ALA    LEU    ALA    HISE 
 ALA    TYR    PHE    ALA    GLN    TYR    HISP   ASP    PRO    ASP  
 ASP    GLU    PRO    VAL    ALA    ASP    PRO    TYR    ASP    GLN  
 SER    PHE    GLU    SER    ARG    ASP    LEU    LEU    ILE    ASP  
 GLU    TRP    LYS    SER    LEU    THR    TYR    ASP    GLU    VAL  
 ILE    SER    PHE    VAL    PRO    PRO    PROT 

NUMERO DE AMINOACIDOS DA CADEIA : 337

RECONSTRUCAO  DO ATOMO     4  CG  DO AMINOACIDO     1 GLUI 
RECONSTRUCAO  DO ATOMO     5  CD  DO AMINOACIDO     1 GLUI 
RECONSTRUCAO  DO ATOMO     6  OE1 DO AMINOACIDO     1 GLUI 
RECONSTRUCAO  DO ATOMO     7  OE2 DO AMINOACIDO     1 GLUI 
RECONSTRUCAO  DO ATOMO   124  CG  DO AMINOACIDO    11 ASN  
RECONSTRUCAO  DO ATOMO   125  OD1 DO AMINOACIDO    11 ASN  
RECONSTRUCAO  DO ATOMO   126  ND2 DO AMINOACIDO    11 ASN  
RECONSTRUCAO  DO ATOMO  1680  CG1 DO AMINOACIDO   168 VAL  
RECONSTRUCAO  DO ATOMO  1681  CG2 DO AMINOACIDO   168 VAL  
RECONSTRUCAO  DO ATOMO  1844  CG  DO AMINOACIDO   183 MET  
RECONSTRUCAO  DO ATOMO  1845  SD  DO AMINOACIDO   183 MET  
RECONSTRUCAO  DO ATOMO  1846  CE  DO AMINOACIDO   183 MET  
RECONSTRUCAO  DO ATOMO  3315  OXT DO AMINOACIDO   337 PROT 

NUMERO DE ATOMOS DA CADEIA :  3315

FORAM RECONSTRUIDOS     2 ATOMOS DE HIDROGENIO
