 PROI   ILE    PHE    LEU    ASN    VAL    LEU    GLU    ALA    ILE  
 GLU    PRO    GLY    VAL    VAL    CYSH   ALA    GLY    HISE   ASP  
 ASN    ASN    GLN    PRO    ASP    SER    PHE    ALA    ALA    LEU  
 LEU    SER    SER    LEU    ASN    GLU    LEU    GLY    GLU    ARG  
 GLN    LEU    VAL    HISD   VAL    VAL    LYS    TRP    ALA    LYS  
 ALA    LEU    PRO    GLY    PHE    ARG    ASN    LEU    HISE   VAL  
 ASP    ASP    GLN    MET    ALA    VAL    ILE    GLN    TYR    SER  
 TRP    MET    GLY    LEU    MET    VAL    PHE    ALA    MET    GLY  
 TRP    ARG    SER    PHE    THR    ASN    VAL    ASN    SER    ARG  
 MET    LEU    TYR    PHE    ALA    PRO    ASP    LEU    VAL    PHE  
 ASN    GLU    TYR    ARG    MET    HISD   LYS    SER    ARG    MET  
 TYR    SER    GLN    CYSH   VAL    ARG    MET    ARG    HISE   LEU  
 SER    GLN    GLU    PHE    GLY    TRP    LEU    GLN    ILE    THR  
 PRO    GLN    GLU    PHE    LEU    CYSH   MET    LYS    ALA    LEU  
 LEU    LEU    PHE    SER    ILE    ILE    PRO    VAL    ASP    GLY  
 LEU    LYS    ASN    GLN    LYS    PHE    PHE    ASP    GLU    LEU  
 ARG    MET    ASN    TYR    ILE    LYS    GLU    LEU    ASP    ARG  
 ILE    ILE    ALA    CYSH   LYS    ARG    LYS    ASN    PRO    THR  
 SER    CYSH   SER    ARG    ARG    PHE    TYR    GLN    LEU    THR  
 LYS    LEU    LEU    ASP    SER    VAL    GLN    PRO    ILE    ALA  
 ARG    GLU    LEU    HISE   GLN    PHE    THR    PHE    ASP    LEU  
 LEU    ILE    LYS    SER    HISE   MET    VAL    SER    VAL    ASP  
 PHE    PRO    GLU    MET    MET    ALA    GLU    ILE    ILE    SER  
 VAL    GLN    VAL    PRO    LYS    ILE    LEU    SER    GLY    LYS  
 VAL    LYS    PRO    ILE    TYR    PHE    HISE 

NUMERO DE AMINOACIDOS DA CADEIA : 247

RECONSTRUCAO  DO ATOMO  1764  CG  DO AMINOACIDO   177 LYS  
RECONSTRUCAO  DO ATOMO  1765  CD  DO AMINOACIDO   177 LYS  
RECONSTRUCAO  DO ATOMO  1766  CE  DO AMINOACIDO   177 LYS  
RECONSTRUCAO  DO ATOMO  1767  NZ  DO AMINOACIDO   177 LYS  
RECONSTRUCAO  DO ATOMO  1777  CG  DO AMINOACIDO   178 ASN  
RECONSTRUCAO  DO ATOMO  1778  OD1 DO AMINOACIDO   178 ASN  
RECONSTRUCAO  DO ATOMO  1779  ND2 DO AMINOACIDO   178 ASN  

NUMERO DE ATOMOS DA CADEIA :  2463

FORAM RECONSTRUIDOS     5 ATOMOS DE HIDROGENIO
