 ILEI   VAL    GLU    GLY    SER    ASP    ALA    GLU    ILE    GLY  
 MET    SER    PRO    TRP  

NUMERO DE AMINOACIDOS DA CADEIA :  14

RECONSTRUCAO  DO ATOMO   140  OXT DO AMINOACIDO    14 ASPT 

NUMERO DE ATOMOS DA CADEIA :   140

FORAM RECONSTRUIDOS     0 ATOMOS DE HIDROGENIO
 ILEI   VAL    GLU    GLY    SER    ASP    ALA    GLU    ILE    GLY  
 MET    SER    PRO    TRP    GLN    VAL    MET    LEU    PHE    ARG  
 LYS    PRO    GLN    GLU    LEU    LEU    CYSS   GLY    ALA    SER  
 LEU    ILE    SER    ASP    ARG    TRP    VAL    LEU    THR    ALA  
 ALA    HISD   CYSS   LEU    LEU    GLU    ASN    ASP    LEU    LEU  
 VAL    ARG    ILE    GLY    LYS    HISE   SER    ARG    THR    ARG  
 TYR    GLU    ASN    ILE    GLU    LYS    ILE    SER    MET    LEU  
 GLU    LYS    ILE    TYR    ILE    HISE   PRO    ARG    TYR    ASN  
 TRP    ARG    ASN    LEU    ASP    ARG    ASP    ILE    ALA    LEU  
 MET    LYS    LEU    LYS    LYS    PRO    VAL    ALA    PHE    SER  
 ASP    TYR    ILE    HISE   PRO    VAL    CYSH   LEU    PRO    ASP  
 ARG    GLU    THR    ALA    LEU    GLN    ALA    GLY    TYR    LYS  
 GLY    ARG    VAL    THR    GLY    TRP    GLY    ASN    LEU    LYS  
 GLU    GLY    GLN    PRO    SER    VAL    LEU    GLN    VAL    VAL  
 ASN    LEU    PRO    ILE    VAL    GLU    ARG    PRO    VAL    CYSS 
 LYS    ASP    SER    THR    ARG    ILE    ARG    ILE    THR    ASP  
 ASN    MET    PHE    CYSS   ALA    GLY    LYS    PRO    ARG    GLY  
 ASP    ALA    CYSS   GLU    GLY    ASP    SER    GLY    GLY    PRO  
 PHE    VAL    MET    LYS    SER    PRO    ASN    ARG    TRP    TYR  
 GLN    MET    GLY    ILE    VAL    SER    TRP    GLY    GLU    GLY  
 CYSS   ASP    ASP    GLY    LYS    TYR    GLY    PHE    TYR    THR  
 HISE   VAL    PHE    ARG    LEU    LYS    LYS    TRP    ILE    GLN  
 LYS    VAL    ILE    ASP    GLN    PHET 

NUMERO DE AMINOACIDOS DA CADEIA : 226

RECONSTRUCAO  DO ATOMO  2235  OXT DO AMINOACIDO   226 PHET 

NUMERO DE ATOMOS DA CADEIA :  2235

FORAM RECONSTRUIDOS     1 ATOMOS DE HIDROGENIO
