 VALI   LYS    LYS    PHE    PRO    GLU    GLY    PHE    LEU    TRP  
 GLY    VAL    ALA    THR    ALA    SER    TYR    GLN    ILE    GLU  
 GLY    SER    PRO    LEU    ALA    ASP    GLY    ALA    GLY    MET  
 SER    ILE    TRP    HISD   THR    PHE    SER    HISE   THR    PRO  
 GLY    ASN    VAL    LYS    ASN    GLY    ASP    THR    GLY    ASP  
 VAL    ALA    CYSH   ASP    HISP   TYR    ASN    ARG    TRP    LYS  
 GLU    ASP    ILE    GLU    ILE    ILE    GLU    LYS    LEU    GLY  
 VAL    LYS    ALA    TYR    ARG    PHE    SER    ILE    SER    TRP  
 PRO    ARG    ILE    LEU    PRO    GLU    GLY    THR    GLY    ARG  
 VAL    ASN    GLN    LYS    GLY    LEU    ASP    PHE    TYR    ASN  
 ARG    ILE    ILE    ASP    THR    LEU    LEU    GLU    LYS    GLY  
 ILE    THR    PRO    PHE    VAL    THR    ILE    TYR    HISE   TRP  
 ASP    LEU    PRO    PHE    ALA    LEU    GLN    LEU    LYS    GLY  
 GLY    TRP    ALA    ASN    ARG    GLU    ILE    ALA    ASP    TRP  
 PHE    ALA    GLU    TYR    SER    ARG    VAL    LEU    PHE    GLU  
 ASN    PHE    GLY    ASP    ARG    VAL    LYS    ASN    TRP    ILE  
 THR    LEU    ASN    GLUN2  PRO    TRP    VAL    VAL    ALA    ILE  
 VAL    GLY    HISD   LEU    TYR    GLY    VAL    HISD   ALA    PRO  
 GLY    MET    ARG    ASP    ILE    TYR    VAL    ALA    PHE    ARG  
 ALA    VAL    HISP   ASN    LEU    LEU    ARG    ALA    HISE   ALA  
 ARG    ALA    VAL    LYS    VAL    PHE    ARG    GLU    THR    VAL  
 LYS    ASP    GLY    LYS    ILE    GLY    ILE    VAL    PHE    ASN  
 ASN    GLY    TYR    PHE    GLU    PRO    ALA    SER    GLU    ARG  
 ALA    VAL    ARG    PHE    MET    HISE   GLN    PHE    ASN    ASN  
 TYR    PRO    LEU    PHE    LEU    ASN    PRO    ILE    TYR    ARG  
 GLY    ASP    TYR    PRO    GLU    LEU    VAL    LEU    GLU    PHE  
 ALA    ARG    GLU    TYR    LEU    PRO    GLU    ASN    TYR    LYS  
 ASP    ASP    MET    SER    GLU    ILE    GLN    GLU    LYS    ILE  
 ASP    PHE    VAL    GLY    LEU    ASN    TYR    TYR    SER    GLY  
 HISD   LEU    VAL    LYS    PHE    ASP    PRO    ALA    LYS    VAL  
 SER    PHE    VAL    GLU    ARG    ASP    LEU    PRO    LYS    THR  
 ALA    MET    GLY    TRP    GLU    ILE    VAL    PRO    GLU    GLY  
 ILE    TYR    TRP    ILE    LEU    LYS    LYS    VAL    LYS    GLU  
 GLU    TYR    ASN    PRO    PRO    GLU    VAL    TYR    ILE    THR  
 GLU    ASN    GLY    ALA    ALA    PHE    ASP    ASP    VAL    VAL  
 SER    GLU    ASP    GLY    ARG    VAL    HISP   ASP    GLN    ASN  
 ARG    ILE    ASP    TYR    LEU    LYS    ALA    HISD   ILE    GLY  
 GLN    ALA    TRP    LYS    ALA    ILE    GLN    GLU    GLY    VAL  
 PRO    LEU    LYS    GLY    TYR    PHE    VAL    TRP    SER    LEU  
 LEU    ASP    ASN    PHE    GLU    TRP    ALA    GLU    GLY    TYR  
 SER    LYS    ARG    PHE    GLY    ILE    VAL    TYR    VAL    ASP  
 TYR    SER    THR    GLN    LYS    ARG    ILE    VAL    LYS    ASP  
 SER    GLY    TYR    TRP    TYR    SER    ASN    VAL    VAL    LYS  
 ASN    ASN    GLY    LEU    GLUT 

NUMERO DE AMINOACIDOS DA CADEIA : 435

RECONSTRUCAO  DO ATOMO    30  CE  DO AMINOACIDO     3 LYS  
RECONSTRUCAO  DO ATOMO    31  NZ  DO AMINOACIDO     3 LYS  
RECONSTRUCAO  DO ATOMO  2968  CD  DO AMINOACIDO   299 LYS  
RECONSTRUCAO  DO ATOMO  2969  CE  DO AMINOACIDO   299 LYS  
RECONSTRUCAO  DO ATOMO  2970  NZ  DO AMINOACIDO   299 LYS  
RECONSTRUCAO  DO ATOMO  3267  CD  DO AMINOACIDO   329 LYS  
RECONSTRUCAO  DO ATOMO  3268  CE  DO AMINOACIDO   329 LYS  
RECONSTRUCAO  DO ATOMO  3269  NZ  DO AMINOACIDO   329 LYS  
RECONSTRUCAO  DO ATOMO  4339  OXT DO AMINOACIDO   435 GLUT 

NUMERO DE ATOMOS DA CADEIA :  4339

FORAM RECONSTRUIDOS     9 ATOMOS DE HIDROGENIO
