 PROI   GLN    ILE    THR    LEU    TRP    LYS    ARG    PRO    LEU  
 VAL    THR    ILE    LYS    ILE    GLY    GLY    GLN    LEU    LYS  
 GLU    ALA    LEU    LEU    ASPN2  THR    GLY    ALA    ASP    ASPN2
 THR    VAL    ILE    GLUN2  GLU    MET    SER    LEU    PRO    GLY  
 ARG    TRP    LYS    PRO    LYS    MET    ILE    GLY    GLY    ILE  
 GLY    GLY    PHE    ILE    LYS    VAL    ARG    GLN    TYR    ASP  
 GLN    ILE    ILE    ILE    GLUN2  ILE    CYSH   GLY    HISP   LYS  
 ALA    ILE    GLY    THR    VAL    LEU    VAL    GLY    PRO    THR  
 PRO    VAL    ASN    ILE    ILE    GLY    ARG    ASN    LEU    LEU  
 THR    GLN    ILE    GLY    CYSH   THR    LEU    ASN    PHET 

NUMERO DE AMINOACIDOS DA CADEIA :  99

RECONSTRUCAO  DO ATOMO   375  CG  DO AMINOACIDO    41 ARG  
RECONSTRUCAO  DO ATOMO   376  CD  DO AMINOACIDO    41 ARG  
RECONSTRUCAO  DO ATOMO   377  NE  DO AMINOACIDO    41 ARG  
RECONSTRUCAO  DO ATOMO   378  CZ  DO AMINOACIDO    41 ARG  
RECONSTRUCAO  DO ATOMO   380  NH1 DO AMINOACIDO    41 ARG  
RECONSTRUCAO  DO ATOMO   383  NH2 DO AMINOACIDO    41 ARG  

NUMERO DE ATOMOS DA CADEIA :   929

FORAM RECONSTRUIDOS     5 ATOMOS DE HIDROGENIO
 PROI   GLN    ILE    THR    LEU    TRP    LYS    ARG    PRO    LEU  
 VAL    THR    ILE    LYS    ILE    GLY    GLY    GLN    LEU    LYS  
 GLU    ALA    LEU    LEU    ASPN2  THR    GLY    ALA    ASP    ASPN2
 THR    VAL    ILE    GLUN2  GLU    MET    SER    LEU    PRO    GLY  
 ARG    TRP    LYS    PRO    LYS    MET    ILE    GLY    GLY    ILE  
 GLY    GLY    PHE    ILE    LYS    VAL    ARG    GLN    TYR    ASP  
 GLN    ILE    ILE    ILE    GLUN2  ILE    CYSH   GLY    HISP   LYS  
 ALA    ILE    GLY    THR    VAL    LEU    VAL    GLY    PRO    THR  
 PRO    VAL    ASN    ILE    ILE    GLY    ARG    ASN    LEU    LEU  
 THR    GLN    ILE    GLY    CYSH   THR    LEU    ASN    PHET 

NUMERO DE AMINOACIDOS DA CADEIA :  99


NUMERO DE ATOMOS DA CADEIA :   929

