 ALAI   MET    ASP    PRO    SER    SER    PRO    ASN    TYR    ASP  
 LYS    TRP    GLU    MET    GLU    ARG    THR    ASP    ILE    THR  
 MET    LYS    HISP   LYS    LEU    GLY    GLY    GLY    GLN    TYR  
 GLY    GLU    VAL    TYR    GLU    GLY    VAL    TRP    LYS    LYS  
 TYR    SER    LEU    THR    VAL    ALA    VAL    LYS    THR    LEU  
 LYS    GLU    ASP    MET    GLU    VAL    GLU    GLU    PHE    LEU  
 LYS    GLU    ALA    ALA    VAL    MET    LYS    GLU    ILE    LYS  
 HISE   PRO    ASN    LEU    VAL    GLN    LEU    LEU    GLY    VAL  
 CYSH   THR    ARG    GLU    PRO    PRO    PHE    TYR    ILE    ILE  
 THR    GLU    PHE    MET    THR    TYR    GLY    ASN    LEU    LEU  
 ASP    TYR    LEU    ARG    GLU    CYSH   ASN    ARG    GLN    GLU  
 VAL    SER    ALA    VAL    VAL    LEU    LEU    TYR    MET    ALA  
 THR    GLN    ILE    SER    SER    ALA    MET    GLU    TYR    LEU  
 GLU    LYS    LYS    ASN    PHE    ILE    HISE   ARG    ASP    LEU  
 ALA    ALA    ARG    ASN    CYSH   LEU    VAL    GLY    GLU    ASN  
 HISP   LEU    VAL    LYS    VAL    ALA    ASP    PHE    GLY    LEU  
 SER    ARG    LEU    MET    THR    GLY    ASP    THR    TYR    THR  
 ALA    HISP   ALA    GLY    ALA    LYS    PHE    PRO    ILE    LYS  
 TRP    THR    ALA    PRO    GLU    SER    LEU    ALA    TYR    ASN  
 LYS    PHE    SER    ILE    LYS    SER    ASP    VAL    TRP    ALA  
 PHE    GLY    VAL    LEU    LEU    TRP    GLUN2  ILE    ALA    THR  
 TYR    GLY    MET    SER    PRO    TYR    PRO    GLY    ILE    ASP  
 LEU    SER    GLN    VAL    TYR    GLU    LEU    LEU    GLU    LYS  
 ASP    TYR    ARG    MET    GLU    ARG    PRO    GLU    GLY    CYSH 
 PRO    GLU    LYS    VAL    TYR    GLU    LEU    MET    ARG    ALA  
 CYSH   TRP    GLN    TRP    ASN    PRO    SER    ASP    ARG    PRO  
 SER    PHE    ALA    GLU    ILE    HISP   GLN    ALA    PHE    GLU  
 THR    MET    PHE    GLN    GLU    SER    SER    ILE    SER    ASP  
 GLU    VAL    GLU    LYS    GLU    LEUT 

NUMERO DE AMINOACIDOS DA CADEIA : 286

RECONSTRUCAO  DO ATOMO  2816  OXT DO AMINOACIDO   286 LEUT 

NUMERO DE ATOMOS DA CADEIA :  2816

FORAM RECONSTRUIDOS     0 ATOMOS DE HIDROGENIO
