 GLUI   VAL    GLN    LEU    GLN    GLN    SER    GLY    PRO    GLUN2
 LEU    VAL    LYS    PRO    GLY    ALA    SER    VAL    LYS    MET  
 SER    CYSS   LYS    ALA    SER    GLY    TYR    THR    PHE    THR  
 ASP    TYR    TYR    ILE    HISE   TRP    ASN    LYS    GLN    SER  
 HISP   GLY    LYS    SER    LEU    GLU    TRP    ILE    GLY    TYR  
 ILE    TYR    ASN    ASN    GLY    GLY    ASN    GLY    TYR    ASN  
 HISE   LYS    PHE    LYS    GLY    LYS    ALA    THR    LEU    THR  
 VAL    ASP    LYS    SER    SER    SER    THR    ALA    TYR    MET  
 ASP    VAL    THR    SER    GLU    ASP    SER    ALA    VAL    TYR  
 TYR    CYSS   GLY    ARG    SER    THR    TRP    ASP    ASP    PHE  
 ASP    TYR    TRP    GLY    GLN    GLY    THR    THR    LEU    THR  
 VAL    SER    SER    ALA    LYS    THR    THR    PRO    PRO    SER  
 VAL    TYR    PRO    LEU    ALA    PRO    GLY    SER    ALA    ALA  
 GLN    THR    ASN    SER    MET    VAL    THR    LEU    GLY    CYSS 
 LEU    VAL    LYS    GLY    TYR    PHE    PRO    GLUN2  PRO    VAL  
 THR    LEU    THR    TRP    ASN    SER    GLY    SER    LEU    SER  
 SER    GLY    VAL    HISP   THR    PHE    PRO    ALA    VAL    LEU  
 GLN    SER    ASP    LEU    TYR    THR    LEU    SER    SER    SER  
 VAL    THR    VAL    THR    SER    SER    PRO    ARG    PRO    SER  
 GLU    THR    VAL    THR    CYSS   ASN    VAL    ALA    HISP   PRO  
 ALA    SER    SER    THR    LYS    VAL    ASP    LYS    LYS    ILE  
 VALT 

NUMERO DE AMINOACIDOS DA CADEIA : 211


NUMERO DE ATOMOS DA CADEIA :  2029

 GLUI   VAL    GLN    LEU    GLN    GLN    SER    GLY    PRO    GLUN2
 LEU    VAL    LYS    PRO    GLY    ALA    SER    VAL    LYS    MET  
 SER    CYSS   LYS    ALA    SER    GLY    TYR    THR    PHE    THR  
 ASP    TYR    TYR    ILE    HISE   TRP    ASN    LYS    GLN    SER  
 HISP   GLY    LYS    SER    LEU    GLU    TRP    ILE    GLY    TYR  
 ILE    TYR    ASN    ASN    GLY    GLY    ASN    GLY    TYR    ASN  
 HISE   LYS    PHE    LYS    GLY    LYS    ALA    THR    LEU    THR  
 VAL    ASP    LYS    SER    SER    SER    THR    ALA    TYR    MET  
 ASP    VAL    THR    SER    GLU    ASP    SER    ALA    VAL    TYR  
 TYR    CYSS   GLY    ARG    SER    THR    TRP    ASP    ASP    PHE  
 ASP    TYR    TRP    GLY    GLN    GLY    THR    THR    LEU    THR  
 VAL    SER    SER    ALA    LYS    THR    THR    PRO    PRO    SER  
 VAL    TYR    PRO    LEU    ALA    PRO    GLY    SER    ALA    ALA  
 GLN    THR    ASN    SER    MET    VAL    THR    LEU    GLY    CYSS 
 LEU    VAL    LYS    GLY    TYR    PHE    PRO    GLUN2  PRO    VAL  
 THR    LEU    THR    TRP    ASN    SER    GLY    SER    LEU    SER  
 SER    GLY    VAL    HISP   THR    PHE    PRO    ALA    VAL    LEU  
 GLN    SER    ASP    LEU    TYR    THR    LEU    SER    SER    SER  
 VAL    THR    VAL    THR    SER    SER    PRO    ARG    PRO    SER  
 GLU    THR    VAL    THR    CYSS   ASN    VAL    ALA    HISP   PRO  
 ALA    SER    SER    THR    LYS    VAL    ASP    LYS    LYS    ILE  
 VALT 

NUMERO DE AMINOACIDOS DA CADEIA : 211


NUMERO DE ATOMOS DA CADEIA :  1967

