 METI   ALA    SER    GLU    THR    PHE    GLU    PHE    GLN    ALA  
 GLU    ILE    THR    GLN    LEU    MET    SER    LEU    ILE    ILE  
 ASN    THR    VAL    TYR    SER    ASN    LYS    GLU    ILE    PHE  
 LEU    ARG    GLU    LEU    ILE    SER    ASN    ALA    SER    ASP  
 ALA    LEU    ASP    ARG    ILE    ARG    TYR    LYS    SER    LEU  
 SER    ASP    PRO    LYS    GLN    LEU    GLU    THR    GLU    PRO  
 ASP    LEU    PHE    ILE    ARG    ILE    THR    PRO    LYS    PRO  
 GLU    GLN    LYS    VAL    LEU    GLU    ILE    ARG    ASP    SER  
 GLY    ILE    GLY    MET    THR    LYS    ALA    GLU    LEU    ILE  
 ASN    ASN    LEU    GLY    THR    ILE    ALA    ASN    SER    GLY  
 THR    LYS    ALA    PHE    MET    GLU    ALA    LEU    SER    ALA  
 GLY    ALA    ASP    VAL    SER    MET    ILE    GLY    GLN    PHE  
 GLY    VAL    GLY    PHE    TYR    SER    LEU    PHE    LEU    VAL  
 ALA    ASP    ARG    VAL    GLN    VAL    ILE    SER    LYS    SER  
 ASN    ASP    ASP    GLU    GLN    TYR    ILE    TRP    GLU    SER  
 ASN    ALA    GLY    GLY    SER    PHE    THR    VAL    THR    LEU  
 ASP    GLU    VAL    ASN    GLU    ARG    ILE    GLY    ARG    GLY  
 THR    ILE    LEU    ARG    LEU    PHE    LEU    LYS    ASP    ASP  
 GLN    LEU    GLU    TYR    LEU    GLU    GLU    LYS    ARG    ILE  
 LYS    GLU    VAL    ILE    LYS    ARG    HISE   SER    GLU    PHE  
 VAL    ALA    TYR    PRO    ILE    GLN    LEU    VAL    VAL    THR  
 LYS    GLU    VAL    GLUT 

NUMERO DE AMINOACIDOS DA CADEIA : 214

RECONSTRUCAO  DO ATOMO     4  CG  DO AMINOACIDO     1 METI 
RECONSTRUCAO  DO ATOMO     5  SD  DO AMINOACIDO     1 METI 
RECONSTRUCAO  DO ATOMO     6  CE  DO AMINOACIDO     1 METI 
RECONSTRUCAO  DO ATOMO   531  CD  DO AMINOACIDO    54 LYS  
RECONSTRUCAO  DO ATOMO   532  CE  DO AMINOACIDO    54 LYS  
RECONSTRUCAO  DO ATOMO   533  NZ  DO AMINOACIDO    54 LYS  
RECONSTRUCAO  DO ATOMO  2081  OXT DO AMINOACIDO   214 GLUT 

NUMERO DE ATOMOS DA CADEIA :  2081

FORAM RECONSTRUIDOS     3 ATOMOS DE HIDROGENIO
