 SERI   VAL    VAL    GLU    GLU    HISE   GLY    GLN    LEU    SER  
 ILE    SER    ASN    GLY    GLU    LEU    VAL    ASN    GLU    ARG  
 GLY    GLU    GLN    VAL    GLN    LEU    LYS    GLY    MET    SER  
 SER    HISE   GLY    LEU    GLN    TRP    TYR    GLY    GLN    PHE  
 VAL    ASN    TYR    GLU    SER    MET    LYS    TRP    LEU    ARG  
 ASP    ASP    TRP    GLY    ILE    ASN    VAL    PHE    ARG    ALA  
 ALA    MET    TYR    THR    SER    SER    GLY    GLY    TYR    ILE  
 ASP    ASP    PRO    SER    VAL    LYS    GLU    LYS    VAL    LYS  
 GLU    ALA    VAL    GLU    ALA    ALA    ILE    ASP    LEU    ASP  
 ILE    TYR    VAL    ILE    ILE    ASP    TRP    HISP   ILE    LEU  
 SER    ASP    ASN    ASP    PRO    ASN    ILE    TYR    LYS    GLU  
 GLU    ALA    LYS    ASP    PHE    PHE    ASP    GLU    MET    SER  
 GLU    LEU    TYR    GLY    ASP    TYR    PRO    ASN    VAL    ILE  
 TYR    GLU    ILE    ALA    ASN    GLUN2  PRO    ASN    GLY    SER  
 ASP    VAL    THR    TRP    GLY    ASN    GLN    ILE    LYS    PRO  
 TYR    ALA    GLU    GLU    VAL    ILE    PRO    ILE    ILE    ARG  
 ASN    ASN    ASP    PRO    ASN    ASN    ILE    ILE    ILE    VAL  
 GLY    THR    GLY    THR    TRP    SER    GLN    ASP    VAL    HISP 
 HISP   ALA    ALA    ASP    ASN    GLN    LEU    ALA    ASP    PRO  
 ASN    VAL    MET    TYR    ALA    PHE    HISP   PHE    TYR    ALA  
 GLY    THR    HISP   GLY    GLN    ASN    LEU    ARG    ASP    GLN  
 VAL    ASP    TYR    ALA    LEU    ASP    GLN    GLY    ALA    ALA  
 ILE    PHE    VAL    SER    GLU    TRP    GLY    THR    SER    ALA  
 ALA    THR    GLY    ASP    GLY    GLY    VAL    PHE    LEU    ASP  
 GLU    ALA    GLN    VAL    TRP    ILE    ASP    PHE    MET    ASP  
 GLU    ARG    ASN    LEU    SER    TRP    ALA    ASN    TRP    SER  
 LEU    THR    HISP   LYS    ASP    GLU    SER    SER    ALA    ALA  
 LEU    MET    PRO    GLY    ALA    ASN    PRO    THR    GLY    GLY  
 TRP    THR    GLU    ALA    GLU    LEU    SER    PRO    SER    GLY  
 THR    PHE    VAL    ARG    GLU    LYS    ILE    ARG    GLU    SERT 


NUMERO DE AMINOACIDOS DA CADEIA : 300


NUMERO DE ATOMOS DA CADEIA :  2874

