 GLUI   MET    GLU    LYS    GLU    PHE    GLU    GLN    ILE    ASP  
 LYS    SER    GLY    SER    TRP    ALA    ALA    ILE    TYR    GLN  
 ASP    ILE    ARG    HISD   GLU    ALA    SER    ASP    PHE    PRO  
 CYSH   ARG    VAL    ALA    LYS    LEU    PRO    LYS    ASN    LYS  
 ASN    ARG    ASN    ARG    TYR    ARG    ASP    VAL    SER    PRO  
 PHE    ASP    HISE   SER    ARG    ILE    LYS    LEU    HISD   GLN  
 GLU    ASP    ASN    ASP    TYR    ILE    ASN    ALA    SER    LEU  
 ILE    LYS    MET    GLU    GLU    ALA    GLN    ARG    SER    TYR  
 ILE    LEU    THR    GLN    GLY    PRO    LEU    PRO    ASN    THR  
 CYSH   GLY    HISE   PHE    TRP    GLU    MET    VAL    TRP    GLU  
 GLN    LYS    SER    ARG    GLY    VAL    VAL    MET    LEU    ASN  
 ARG    VAL    MET    GLU    LYS    GLY    SER    LEU    LYS    CYSH 
 ALA    GLN    TYR    TRP    PRO    GLN    LYS    GLU    GLU    LYS  
 GLU    MET    ILE    PHE    GLU    ASP    THR    ASN    LEU    LYS  
 LEU    THR    LEU    ILE    SER    GLU    ASP    ILE    LYS    SER  
 TYR    TYR    THR    VAL    ARG    GLN    LEU    GLU    LEU    GLU  
 ASN    LEU    THR    THR    GLN    GLU    THR    ARG    GLU    ILE  
 LEU    HISE   PHE    HISE   TYR    THR    THR    TRP    PRO    ASP  
 PHE    GLY    VAL    PRO    GLU    SER    PRO    ALA    SER    PHE  
 LEU    ASN    PHE    LEU    PHE    LYS    VAL    ARG    GLU    SER  
 GLY    SER    LEU    SER    PRO    GLU    HISD   GLY    PRO    VAL  
 VAL    VAL    HISD   CYSH   SER    ALA    GLY    ILE    GLY    ARG  
 SER    GLY    THR    PHE    CYSH   LEU    ALA    ASP    THR    CYSH 
 LEU    LEU    LEU    MET    ASP    LYS    ARG    LYS    ASP    PRO  
 SER    SER    VAL    ASP    ILE    LYS    LYS    VAL    LEU    LEU  
 GLU    MET    ARG    LYS    PHE    ARG    MET    GLY    LEU    ILE  
 GLN    THR    ALA    ASP    GLN    LEU    ARG    PHE    SER    TYR  
 LEU    ALA    VAL    ILE    GLU    GLY    ALA    LYS    PHE    ILE  
 MET    GLY    ASP    SER    SER    VAL    GLN    ASP    GLN    TRP  
 LYS    GLU    LEU    SER    HISD   GLU    ASPT 

NUMERO DE AMINOACIDOS DA CADEIA : 297

RECONSTRUCAO  DO ATOMO  2980  OXT DO AMINOACIDO   297 ASPT 

NUMERO DE ATOMOS DA CADEIA :  2980

FORAM RECONSTRUIDOS     0 ATOMOS DE HIDROGENIO
