 VALI   GLN    LEU    GLN    GLN    SER    GLY    PRO    GLU    LEU  
 VAL    LYS    PRO    GLY    ALA    SER    VAL    ARG    MET    SER  
 CYSS   LYS    SER    SER    GLY    TYR    ILE    PHE    THR    ASP  
 PHE    TYR    MET    ASN    TRP    VAL    ARG    GLN    SER    HISE 
 GLY    LYS    SER    LEU    ASP    TYR    ILE    GLY    TYR    ILE  
 SER    TYR    SER    GLY    VAL    THR    GLY    TYR    ASN    GLN  
 LYS    PHE    LYS    GLY    LYS    ALA    THR    LEU    THR    VAL  
 ASP    LYS    SER    SER    SER    THR    ALA    TYR    MET    GLU  
 LEU    THR    SER    GLU    ASP    SER    ALA    VAL    TYR    TYR  
 CYSS   ALA    GLY    SER    SER    GLY    ASN    LYS    TRP    ASP  
 TYR    TRP    GLY    HISE   GLY    ALA    SER    VAL    THR    VAL  
 SER    SER    ALA    LYS    THR    THR    ALA    PRO    SER    VAL  
 TYR    PRO    LEU    ALA    PRO    VAL    CYSH   GLY    ASP    THR  
 THR    GLY    SER    SER    VAL    THR    LEU    GLY    CYSS   LEU  
 VAL    LYS    GLY    TYR    PHE    PRO    GLU    PRO    VAL    THR  
 LEU    THR    TRP    ASN    SER    GLY    SER    LEU    SER    SER  
 GLY    VAL    HISD   THR    PHE    PRO    ALA    VAL    LEU    GLN  
 SER    ASP    LEU    TYR    THR    LEU    SER    SER    SER    VAL  
 THR    VAL    THR    SER    SER    THR    TRP    PRO    SER    GLN  
 SER    ILE    THR    CYSS   ASN    VAL    ALA    HISE   PRO    ALA  
 SER    SER    THR    LYS    VAL    ASP    LYS    LYS    ILE    GLU  
 PROT 

NUMERO DE AMINOACIDOS DA CADEIA : 211

RECONSTRUCAO  DO ATOMO  2017  OXT DO AMINOACIDO   211 ARGT 

NUMERO DE ATOMOS DA CADEIA :  2017

FORAM RECONSTRUIDOS     0 ATOMOS DE HIDROGENIO
 VALI   GLN    LEU    GLN    GLN    SER    GLY    PRO    GLU    LEU  
 VAL    LYS    PRO    GLY    ALA    SER    VAL    ARG    MET    SER  
 CYSS   LYS    SER    SER    GLY    TYR    ILE    PHE    THR    ASP  
 PHE    TYR    MET    ASN    TRP    VAL    ARG    GLN    SER    HISE 
 GLY    LYS    SER    LEU    ASP    TYR    ILE    GLY    TYR    ILE  
 SER    TYR    SER    GLY    VAL    THR    GLY    TYR    ASN    GLN  
 LYS    PHE    LYS    GLY    LYS    ALA    THR    LEU    THR    VAL  
 ASP    LYS    SER    SER    SER    THR    ALA    TYR    MET    GLU  
 LEU    THR    SER    GLU    ASP    SER    ALA    VAL    TYR    TYR  
 CYSS   ALA    GLY    SER    SER    GLY    ASN    LYS    TRP    ASP  
 TYR    TRP    GLY    HISE   GLY    ALA    SER    VAL    THR    VAL  
 SER    SER    ALA    LYS    THR    THR    ALA    PRO    SER    VAL  
 TYR    PRO    LEU    ALA    PRO    VAL    CYSH   GLY    ASP    THR  
 THR    GLY    SER    SER    VAL    THR    LEU    GLY    CYSS   LEU  
 VAL    LYS    GLY    TYR    PHE    PRO    GLU    PRO    VAL    THR  
 LEU    THR    TRP    ASN    SER    GLY    SER    LEU    SER    SER  
 GLY    VAL    HISD   THR    PHE    PRO    ALA    VAL    LEU    GLN  
 SER    ASP    LEU    TYR    THR    LEU    SER    SER    SER    VAL  
 THR    VAL    THR    SER    SER    THR    TRP    PRO    SER    GLN  
 SER    ILE    THR    CYSS   ASN    VAL    ALA    HISE   PRO    ALA  
 SER    SER    THR    LYS    VAL    ASP    LYS    LYS    ILE    GLU  
 PROT 

NUMERO DE AMINOACIDOS DA CADEIA : 211

RECONSTRUCAO  DO ATOMO  1926  CG  DO AMINOACIDO   210 GLU  
RECONSTRUCAO  DO ATOMO  1927  CD  DO AMINOACIDO   210 GLU  
RECONSTRUCAO  DO ATOMO  1928  OE1 DO AMINOACIDO   210 GLU  
RECONSTRUCAO  DO ATOMO  1929  OE2 DO AMINOACIDO   210 GLU  
RECONSTRUCAO  DO ATOMO  1935  CG  DO AMINOACIDO   211 PROT 
RECONSTRUCAO  DO ATOMO  1936  CD  DO AMINOACIDO   211 PROT 

NUMERO DE ATOMOS DA CADEIA :  1939

FORAM RECONSTRUIDOS     0 ATOMOS DE HIDROGENIO
 VALI   GLN    LEU    GLN    GLN    SER    GLY    PRO    GLU    LEU  
 VAL    LYS    PRO    GLY    ALA    SER    VAL    ARG    MET    SER  
 CYSS   LYS    SER    SER    GLY    TYR    ILE    PHE    THR    ASP  
 PHE    TYR    MET    ASN    TRP    VAL    ARG    GLN    SER    HISE 
 GLY    LYS    SER    LEU    ASP    TYR    ILE    GLY    TYR    ILE  
 SER    TYR    SER    GLY    VAL    THR    GLY    TYR    ASN    GLN  
 LYS    PHE    LYS    GLY    LYS    ALA    THR    LEU    THR    VAL  
 ASP    LYS    SER    SER    SER    THR    ALA    TYR    MET    GLU  
 LEU    THR    SER    GLU    ASP    SER    ALA    VAL    TYR    TYR  
 CYSS   ALA    GLY    SER    SER    GLY    ASN    LYS    TRP    ASP  
 TYR    TRP    GLY    HISE   GLY    ALA    SER    VAL    THR    VAL  
 SER    SER    ALA    LYS    THR    THR    ALA    PRO    SER    VAL  
 TYR    PRO    LEU    ALA    PRO    VAL    CYSH   GLY    ASP    THR  
 THR    GLY    SER    SER    VAL    THR    LEU    GLY    CYSS   LEU  
 VAL    LYS    GLY    TYR    PHE    PRO    GLU    PRO    VAL    THR  
 LEU    THR    TRP    ASN    SER    GLY    SER    LEU    SER    SER  
 GLY    VAL    HISD   THR    PHE    PRO    ALA    VAL    LEU    GLN  
 SER    ASP    LEU    TYR    THR    LEU    SER    SER    SER    VAL  
 THR    VAL    THR    SER    SER    THR    TRP    PRO    SER    GLN  
 SER    ILE    THR    CYSS   ASN    VAL    ALA    HISE   PRO    ALA  
 SER    SER    THR    LYS    VAL    ASP    LYS    LYS    ILE    GLU  
 PROT 

NUMERO DE AMINOACIDOS DA CADEIA : 211

RECONSTRUCAO  DO ATOMO  2016  OXT DO AMINOACIDO   211 ARGT 

NUMERO DE ATOMOS DA CADEIA :  2016

FORAM RECONSTRUIDOS     0 ATOMOS DE HIDROGENIO
 VALI   GLN    LEU    GLN    GLN    SER    GLY    PRO    GLU    LEU  
 VAL    LYS    PRO    GLY    ALA    SER    VAL    ARG    MET    SER  
 CYSS   LYS    SER    SER    GLY    TYR    ILE    PHE    THR    ASP  
 PHE    TYR    MET    ASN    TRP    VAL    ARG    GLN    SER    HISE 
 GLY    LYS    SER    LEU    ASP    TYR    ILE    GLY    TYR    ILE  
 SER    TYR    SER    GLY    VAL    THR    GLY    TYR    ASN    GLN  
 LYS    PHE    LYS    GLY    LYS    ALA    THR    LEU    THR    VAL  
 ASP    LYS    SER    SER    SER    THR    ALA    TYR    MET    GLU  
 LEU    THR    SER    GLU    ASP    SER    ALA    VAL    TYR    TYR  
 CYSS   ALA    GLY    SER    SER    GLY    ASN    LYS    TRP    ASP  
 TYR    TRP    GLY    HISE   GLY    ALA    SER    VAL    THR    VAL  
 SER    SER    ALA    LYS    THR    THR    ALA    PRO    SER    VAL  
 TYR    PRO    LEU    ALA    PRO    VAL    CYSH   GLY    ASP    THR  
 THR    GLY    SER    SER    VAL    THR    LEU    GLY    CYSS   LEU  
 VAL    LYS    GLY    TYR    PHE    PRO    GLU    PRO    VAL    THR  
 LEU    THR    TRP    ASN    SER    GLY    SER    LEU    SER    SER  
 GLY    VAL    HISD   THR    PHE    PRO    ALA    VAL    LEU    GLN  
 SER    ASP    LEU    TYR    THR    LEU    SER    SER    SER    VAL  
 THR    VAL    THR    SER    SER    THR    TRP    PRO    SER    GLN  
 SER    ILE    THR    CYSS   ASN    VAL    ALA    HISE   PRO    ALA  
 SER    SER    THR    LYS    VAL    ASP    LYS    LYS    ILE    GLU  
 PROT 

NUMERO DE AMINOACIDOS DA CADEIA : 211

RECONSTRUCAO  DO ATOMO  1925  CG  DO AMINOACIDO   210 GLU  
RECONSTRUCAO  DO ATOMO  1926  CD  DO AMINOACIDO   210 GLU  
RECONSTRUCAO  DO ATOMO  1927  OE1 DO AMINOACIDO   210 GLU  
RECONSTRUCAO  DO ATOMO  1928  OE2 DO AMINOACIDO   210 GLU  
RECONSTRUCAO  DO ATOMO  1934  CG  DO AMINOACIDO   211 PROT 
RECONSTRUCAO  DO ATOMO  1935  CD  DO AMINOACIDO   211 PROT 

NUMERO DE ATOMOS DA CADEIA :  1938

FORAM RECONSTRUIDOS     0 ATOMOS DE HIDROGENIO
