 PROI   GLN    ILE    THR    LEU    TRP    LYS    ARG    PRO    LEU  
 VAL    THR    ILE    ARG    ILE    GLY    GLY    GLN    LEU    LYS  
 GLU    ALA    LEU    LEU    ASP    THR    GLY    ALA    ASP    ASP  
 THR    VAL    LEU    GLU    GLU    MET    ASN    LEU    PRO    GLY  
 LYS    TRP    LYS    PRO    LYS    MET    ILE    GLY    GLY    ILE  
 GLY    GLY    PHE    ILE    LYS    VAL    ARG    GLN    TYR    ASP  
 GLN    ILE    PRO    ILE    GLU    ILE    CYSH   GLY    HISP   LYS  
 ALA    ILE    GLY    THR    VAL    LEU    VAL    GLY    PRO    THR  
 PRO    VAL    ASN    ILE    ILE    GLY    ARG    ASN    LEU    LEU  
 THR    GLN    ILE    GLY    CYSH   THR    LEU    ASN    PHET 

NUMERO DE AMINOACIDOS DA CADEIA :  99

RECONSTRUCAO  DO ATOMO   379  CG  DO AMINOACIDO    41 LYS  
RECONSTRUCAO  DO ATOMO   380  CD  DO AMINOACIDO    41 LYS  
RECONSTRUCAO  DO ATOMO   381  CE  DO AMINOACIDO    41 LYS  
RECONSTRUCAO  DO ATOMO   382  NZ  DO AMINOACIDO    41 LYS  
RECONSTRUCAO  DO ATOMO   408  CG  DO AMINOACIDO    43 LYS  
RECONSTRUCAO  DO ATOMO   409  CD  DO AMINOACIDO    43 LYS  
RECONSTRUCAO  DO ATOMO   410  CE  DO AMINOACIDO    43 LYS  
RECONSTRUCAO  DO ATOMO   411  NZ  DO AMINOACIDO    43 LYS  

NUMERO DE ATOMOS DA CADEIA :   927

FORAM RECONSTRUIDOS     6 ATOMOS DE HIDROGENIO
 PROI   GLN    ILE    THR    LEU    TRP    LYS    ARG    PRO    LEU  
 VAL    THR    ILE    ARG    ILE    GLY    GLY    GLN    LEU    LYS  
 GLU    ALA    LEU    LEU    ASP    THR    GLY    ALA    ASP    ASP  
 THR    VAL    LEU    GLU    GLU    MET    ASN    LEU    PRO    GLY  
 LYS    TRP    LYS    PRO    LYS    MET    ILE    GLY    GLY    ILE  
 GLY    GLY    PHE    ILE    LYS    VAL    ARG    GLN    TYR    ASP  
 GLN    ILE    PRO    ILE    GLU    ILE    CYSH   GLY    HISP   LYS  
 ALA    ILE    GLY    THR    VAL    LEU    VAL    GLY    PRO    THR  
 PRO    VAL    ASN    ILE    ILE    GLY    ARG    ASN    LEU    LEU  
 THR    GLN    ILE    GLY    CYSH   THR    LEU    ASN    PHET 

NUMERO DE AMINOACIDOS DA CADEIA :  99

RECONSTRUCAO  DO ATOMO   378  CG  DO AMINOACIDO    41 LYS  
RECONSTRUCAO  DO ATOMO   379  CD  DO AMINOACIDO    41 LYS  
RECONSTRUCAO  DO ATOMO   380  CE  DO AMINOACIDO    41 LYS  
RECONSTRUCAO  DO ATOMO   381  NZ  DO AMINOACIDO    41 LYS  
RECONSTRUCAO  DO ATOMO   407  CG  DO AMINOACIDO    43 LYS  
RECONSTRUCAO  DO ATOMO   408  CD  DO AMINOACIDO    43 LYS  
RECONSTRUCAO  DO ATOMO   409  CE  DO AMINOACIDO    43 LYS  
RECONSTRUCAO  DO ATOMO   410  NZ  DO AMINOACIDO    43 LYS  

NUMERO DE ATOMOS DA CADEIA :   926

FORAM RECONSTRUIDOS     6 ATOMOS DE HIDROGENIO
