 SERI   GLU    LEU    LEU    VAL    ASN    THR    LYS    SER    GLY  
 LYS    VAL    MET    GLY    THR    ARG    VAL    PRO    VAL    LEU  
 SER    SER    HISD   ILE    SER    ALA    PHE    LEU    GLY    ILE  
 PRO    PHE    ALA    GLU    PRO    PRO    VAL    GLY    ASN    MET  
 ARG    PHE    ARG    ARG    PRO    GLU    PRO    LYS    LYS    PRO  
 TRP    SER    GLY    VAL    TRP    ASN    ALA    SER    THR    TYR  
 PRO    ASN    ASN    CYSS   GLN    GLN    TYR    VAL    ASP    GLU  
 GLN    PHE    PRO    GLY    PHE    SER    GLY    SER    GLU    MET  
 TRP    ASN    PRO    ASN    ARG    GLU    MET    SER    GLU    ASP  
 CYSS   LEU    TYR    LEU    ASN    ILE    TRP    VAL    PRO    SER  
 PRO    ARG    PRO    LYS    SER    THR    THR    VAL    MET    VAL  
 TRP    ILE    TYR    GLY    GLY    GLY    PHE    TYR    SER    GLY  
 SER    SER    THR    LEU    ASP    VAL    TYR    ASN    GLY    LYS  
 TYR    LEU    ALA    TYR    THR    GLU    GLU    VAL    VAL    LEU  
 VAL    SER    LEU    SER    TYR    ARG    VAL    GLY    ALA    PHE  
 GLY    PHE    LEU    ALA    LEU    HISE   GLY    SER    GLN    GLU  
 ALA    PRO    GLY    ASN    VAL    GLY    LEU    LEU    ASP    GLN  
 ARG    MET    ALA    LEU    GLN    TRP    VAL    HISD   ASP    ASN  
 ILE    GLN    PHE    PHE    GLY    GLY    ASP    PRO    LYS    THR  
 VAL    THR    ILE    PHE    GLY    GLU    SER    ALA    GLY    GLY  
 ALA    SER    VAL    GLY    MET    HISE   ILE    LEU    SER    PRO  
 GLY    SER    ARG    ASP    LEU    PHE    ARG    ARG    ALA    ILE  
 LEU    GLN    SER    GLY    SER    PRO    ASN    CYSH   PRO    TRP  
 ALA    SER    VAL    SER    VAL    ALA    GLU    GLY    ARG    ARG  
 ARG    ALA    VAL    GLU    LEU    GLY    ARG    ASN    LEU    ASN  
 CYSS   ASN    LEU    ASN    SER    ASP    GLU    GLU    LEU    ILE  
 HISE   CYSS   LEU    ARG    GLU    LYS    LYS    PRO    GLN    GLU  
 LEU    ILE    ASP    VAL    GLU    TRP    ASN    VAL    LEU    PRO  
 PHE    ASP    SER    ILE    PHE    ARG    PHE    SER    PHE    VAL  
 PRO    VAL    ILE    ASP    GLY    GLU    PHE    PHE    PRO    THR  
 SER    LEU    GLU    SER    MET    LEU    ASN    SER    GLY    ASN  
 PHE    LYS    LYS    THR    GLN    ILE    LEU    LEU    GLY    VAL  
 ASN    LYS    ASP    GLU    GLY    SER    PHE    PHE    LEU    LEU  
 TYR    GLY    ALA    PRO    GLY    PHE    SER    LYS    ASP    SER  
 GLU    SER    LYS    ILE    SER    ARG    GLU    ASP    PHE    MET  
 SER    GLY    VAL    LYS    LEU    SER    VAL    PRO    HISE   ALA  
 ASN    ASP    LEU    GLY    LEU    ASP    ALA    VAL    THR    LEU  
 GLN    TYR    THR    ASP    TRP    MET    ASP    ASP    ASN    ASN  
 GLY    ILE    LYS    ASN    ARG    ASP    GLY    LEU    ASP    ASP  
 ILE    VAL    GLY    ASP    HISD   ASN    VAL    ILE    CYSS   PRO  
 LEU    MET    HISP   PHE    VAL    ASN    LYS    TYR    THR    LYS  
 PHE    GLY    ASN    GLY    THR    TYR    LEU    TYR    PHE    PHE  
 ASN    HISP   ARG    ALA    SER    ASN    LEU    VAL    TRP    PRO  
 GLU    TRP    MET    GLY    VAL    ILE    HISP   GLY    TYR    GLU  
 ILE    GLU    PHE    VAL    PHE    GLY    LEU    PRO    LEU    VAL  
 LYS    GLU    LEU    ASN    TYR    THR    ALA    GLU    GLU    GLU  
 ALA    LEU    SER    ARG    ARG    ILE    MET    HISP   TYR    TRP  
 ALA    THR    PHE    ALA    LYS    THR    GLY    ASN    PRO    ASN  
 GLU    PRO    SER    LYS    TRP    PRO    LEU    PHE    THR    THR  
 LYS    GLU    GLN    LYS    PHE    ILE    ASP    LEU    ASN    THR  
 GLU    PRO    MET    LYS    VAL    HISP   GLN    ARG    LEU    ARG  
 VAL    GLN    MET    CYSS   VAL    PHE    TRP    ASN    GLN    PHE  
 LEU    PRO    LYS    LEU    LEU    ASN    ALA    THRT 

NUMERO DE AMINOACIDOS DA CADEIA : 528

RECONSTRUCAO  DO ATOMO   340  ND2 DO AMINOACIDO    39 ASN  
RECONSTRUCAO  DO ATOMO   395  NH2 DO AMINOACIDO    43 ARG  
RECONSTRUCAO  DO ATOMO   459  CD  DO AMINOACIDO    49 LYS  
RECONSTRUCAO  DO ATOMO   460  CE  DO AMINOACIDO    49 LYS  
RECONSTRUCAO  DO ATOMO   461  NZ  DO AMINOACIDO    49 LYS  
RECONSTRUCAO  DO ATOMO  2431  OE2 DO AMINOACIDO   257 GLU  
RECONSTRUCAO  DO ATOMO  2535  CD  DO AMINOACIDO   267 LYS  
RECONSTRUCAO  DO ATOMO  2536  CE  DO AMINOACIDO   267 LYS  
RECONSTRUCAO  DO ATOMO  2537  NZ  DO AMINOACIDO   267 LYS  
RECONSTRUCAO  DO ATOMO  3901  CD  DO AMINOACIDO   410 LYS  
RECONSTRUCAO  DO ATOMO  3902  CE  DO AMINOACIDO   410 LYS  
RECONSTRUCAO  DO ATOMO  3903  NZ  DO AMINOACIDO   410 LYS  
RECONSTRUCAO  DO ATOMO  4310  CG  DO AMINOACIDO   451 LYS  
RECONSTRUCAO  DO ATOMO  4311  CD  DO AMINOACIDO   451 LYS  
RECONSTRUCAO  DO ATOMO  4312  CE  DO AMINOACIDO   451 LYS  
RECONSTRUCAO  DO ATOMO  4313  NZ  DO AMINOACIDO   451 LYS  
RECONSTRUCAO  DO ATOMO  4719  CG  DO AMINOACIDO   491 LYS  
RECONSTRUCAO  DO ATOMO  4720  CD  DO AMINOACIDO   491 LYS  
RECONSTRUCAO  DO ATOMO  4721  CE  DO AMINOACIDO   491 LYS  
RECONSTRUCAO  DO ATOMO  4722  NZ  DO AMINOACIDO   491 LYS  
RECONSTRUCAO  DO ATOMO  4901  CZ  DO AMINOACIDO   508 ARG  
RECONSTRUCAO  DO ATOMO  4903  NH1 DO AMINOACIDO   508 ARG  
RECONSTRUCAO  DO ATOMO  4906  NH2 DO AMINOACIDO   508 ARG  
RECONSTRUCAO  DO ATOMO  5025  CD  DO AMINOACIDO   519 GLN  
RECONSTRUCAO  DO ATOMO  5026  OE1 DO AMINOACIDO   519 GLN  
RECONSTRUCAO  DO ATOMO  5027  NE2 DO AMINOACIDO   519 GLN  
RECONSTRUCAO  DO ATOMO  5117  OXT DO AMINOACIDO   528 THRT 

NUMERO DE ATOMOS DA CADEIA :  5117

FORAM RECONSTRUIDOS    23 ATOMOS DE HIDROGENIO
