 SERI   THR    GLY    SER    ALA    THR    THR    THR    PRO    ILE  
 ASP    SER    LEU    ASP    ASPN2  ALA    TYR    ILE    THR    PRO  
 VAL    GLN    ILE    GLY    THR    PRO    ALA    GLN    THR    LEU  
 ASN    LEU    ASPN2  PHE    ASPN2  THR    GLY    SER    SER    ASP  
 LEU    TRP    VAL    PHE    SER    SER    GLU    THR    THR    ALA  
 SER    GLU    VAL    ASP    GLY    GLN    THR    ILE    TYR    THR  
 PRO    SER    LYS    SER    THR    THR    ALA    LYS    LEU    LEU  
 SER    GLY    ALA    THR    TRP    SER    ILE    SER    TYR    GLY  
 ASP    GLY    SER    SER    SER    SER    GLY    ASPN2  VAL    TYR  
 THR    ASP    THR    VAL    SER    VAL    GLY    GLY    LEU    THR  
 VAL    THR    GLY    GLN    ALA    VAL    GLUN2  SER    ALA    LYS  
 LYS    VAL    SER    SER    SER    PHE    THR    GLU    ASP    SER  
 THR    ILE    ASPN2  GLY    LEU    LEU    GLY    LEU    ALA    PHE  
 SER    THR    LEU    ASN    THR    VAL    SER    PRO    THR    GLN  
 GLN    LYS    THR    PHE    PHE    ASP    ASN    ALA    LYS    ALA  
 SER    LEU    ASP    SER    PRO    VAL    PHE    THR    ALA    ASP  
 LEU    GLY    TYR    HISP   ALA    PRO    GLY    THR    TYR    ASN  
 PHE    GLY    PHE    ILE    ASP    THR    THR    ALA    TYR    THR  
 GLY    SER    ILE    THR    TYR    THR    ALA    VAL    SER    THR  
 LYS    GLN    GLY    PHE    TRP    GLU    TRP    THR    SER    THR  
 GLY    TYR    ALA    VAL    GLY    SER    GLY    THR    PHE    LYS  
 SER    THR    SER    ILE    ASPN2  GLY    ILE    ALA    ASP    THR  
 GLY    THR    THR    LEU    LEU    TYR    LEU    PRO    ALA    THR  
 VAL    VAL    SER    ALA    TYR    TRP    ALA    GLN    VAL    SER  
 GLY    ALA    LYS    SER    SER    SER    SER    VAL    GLY    GLY  
 TYR    VAL    PHE    PRO    CYSS   SER    ALA    THR    LEU    PRO  
 SER    PHE    THR    PHE    GLY    VAL    GLY    SER    ALA    ARG  
 ILE    VAL    ILE    PRO    GLY    ASP    TYR    ILE    ASP    PHE  
 GLY    PRO    ILE    SER    THR    GLY    SER    SER    SER    CYSS 
 PHE    GLY    GLY    ILE    GLN    SER    SER    ALA    GLY    ILE  
 GLY    ILE    ASN    ILE    PHE    GLY    ASPN2  VAL    ALA    LEU  
 LYS    ALA    ALA    PHE    VAL    VAL    PHE    ASN    GLY    ALA  
 THR    THR    PRO    THR    LEU    GLY    PHE    ALA    SER    LYSNT


NUMERO DE AMINOACIDOS DA CADEIA : 330

RECONSTRUCAO  DO ATOMO   968  CG  DO AMINOACIDO   111 LYS  
RECONSTRUCAO  DO ATOMO   969  CD  DO AMINOACIDO   111 LYS  
RECONSTRUCAO  DO ATOMO   970  CE  DO AMINOACIDO   111 LYS  
RECONSTRUCAO  DO ATOMO   971  NZ  DO AMINOACIDO   111 LYS  
RECONSTRUCAO  DO ATOMO  1246  CG  DO AMINOACIDO   142 LYS  
RECONSTRUCAO  DO ATOMO  1247  CD  DO AMINOACIDO   142 LYS  
RECONSTRUCAO  DO ATOMO  1248  CE  DO AMINOACIDO   142 LYS  
RECONSTRUCAO  DO ATOMO  1249  NZ  DO AMINOACIDO   142 LYS  
RECONSTRUCAO  DO ATOMO  1318  CG  DO AMINOACIDO   149 LYS  
RECONSTRUCAO  DO ATOMO  1319  CD  DO AMINOACIDO   149 LYS  
RECONSTRUCAO  DO ATOMO  1320  CE  DO AMINOACIDO   149 LYS  
RECONSTRUCAO  DO ATOMO  1321  NZ  DO AMINOACIDO   149 LYS  
RECONSTRUCAO  DO ATOMO  1694  CG  DO AMINOACIDO   191 LYS  
RECONSTRUCAO  DO ATOMO  1695  CD  DO AMINOACIDO   191 LYS  
RECONSTRUCAO  DO ATOMO  1696  CE  DO AMINOACIDO   191 LYS  
RECONSTRUCAO  DO ATOMO  1697  NZ  DO AMINOACIDO   191 LYS  
RECONSTRUCAO  DO ATOMO  2162  CG  DO AMINOACIDO   243 LYS  
RECONSTRUCAO  DO ATOMO  2163  CD  DO AMINOACIDO   243 LYS  
RECONSTRUCAO  DO ATOMO  2164  CE  DO AMINOACIDO   243 LYS  
RECONSTRUCAO  DO ATOMO  2165  NZ  DO AMINOACIDO   243 LYS  

NUMERO DE ATOMOS DA CADEIA :  2899

FORAM RECONSTRUIDOS    15 ATOMOS DE HIDROGENIO
