 VALI   LYS    LYS    PHE    PRO    GLU    GLY    PHE    LEU    TRP  
 GLY    VAL    ALA    THR    ALA    SER    TYR    GLN    ILE    GLU  
 GLY    SER    PRO    LEU    ALA    ASP    GLY    ALA    GLY    MET  
 SER    ILE    TRP    HISD   THR    PHE    SER    HISE   THR    PRO  
 GLY    ASN    VAL    LYS    ASN    GLY    ASP    THR    GLY    ASP  
 VAL    ALA    CYSH   ASP    HISD   TYR    ASN    ARG    TRP    LYS  
 GLU    ASP    ILE    GLU    ILE    ILE    GLU    LYS    LEU    GLY  
 VAL    LYS    ALA    TYR    ARG    PHE    SER    ILE    SER    TRP  
 PRO    ARG    ILE    LEU    PRO    GLU    GLY    THR    GLY    ARG  
 VAL    ASN    GLN    LYS    GLY    LEU    ASP    PHE    TYR    ASN  
 ARG    ILE    ILE    ASP    THR    LEU    LEU    GLU    LYS    GLY  
 ILE    THR    PRO    PHE    VAL    THR    ILE    TYR    HISD   TRP  
 ASPN2  LEU    PRO    PHE    ALA    LEU    GLN    LEU    LYS    GLY  
 GLY    TRP    ALA    ASN    ARG    GLU    ILE    ALA    ASP    TRP  
 PHE    ALA    GLU    TYR    SER    ARG    VAL    LEU    PHE    GLU  
 ASN    PHE    GLY    ASP    ARG    VAL    LYS    ASN    TRP    ILE  
 THR    LEU    ASN    GLUN2  PRO    TRP    VAL    VAL    ALA    ILE  
 VAL    GLY    HISD   LEU    TYR    GLY    VAL    HISD   ALA    PRO  
 GLY    MET    ARG    ASP    ILE    TYR    VAL    ALA    PHE    ARG  
 ALA    VAL    HISE   ASN    LEU    LEU    ARG    ALA    HISE   ALA  
 ARG    ALA    VAL    LYS    VAL    PHE    ARG    GLU    THR    VAL  
 LYS    ASP    GLY    LYS    ILE    GLY    ILE    VAL    PHE    ASN  
 ASN    GLY    TYR    PHE    GLU    PRO    ALA    SER    GLU    LYS  
 GLU    GLU    ASP    ILE    ARG    ALA    VAL    ARG    PHE    MET  
 HISE   GLN    PHE    ASN    ASN    TYR    PRO    LEU    PHE    LEU  
 ASN    PRO    ILE    TYR    ARG    GLY    ASP    TYR    PRO    GLU  
 LEU    VAL    LEU    GLU    PHE    ALA    ARG    GLU    TYR    LEU  
 PRO    GLU    ASN    TYR    LYS    ASP    ASP    MET    SER    GLU  
 ILE    GLN    GLU    LYS    ILE    ASP    PHE    VAL    GLY    LEU  
 ASN    TYR    TYR    SER    GLY    HISE   LEU    VAL    LYS    PHE  
 ASP    PRO    ASP    ALA    PRO    ALA    LYS    VAL    SER    PHE  
 VAL    GLU    ARG    ASP    LEU    PRO    LYS    THR    ALA    MET  
 GLY    TRP    GLU    ILE    VAL    PRO    GLU    GLY    ILE    TYR  
 TRP    ILE    LEU    LYS    LYS    VAL    LYS    GLU    GLU    TYR  
 ASN    PRO    PRO    GLU    VAL    TYR    ILE    THR    GLU    ASN  
 GLY    ALA    ALA    PHE    ASP    ASP    VAL    VAL    SER    GLU  
 ASP    GLY    ARG    VAL    HISP   ASP    GLN    ASN    ARG    ILE  
 ASP    TYR    LEU    LYS    ALA    HISD   ILE    GLY    GLN    ALA  
 TRP    LYS    ALA    ILE    GLN    GLU    GLY    VAL    PRO    LEU  
 LYS    GLY    TYR    PHE    VAL    TRP    SER    LEU    LEU    ASP  
 ASN    PHE    GLUN2  TRP    ALA    GLU    GLY    TYR    SER    LYS  
 ARG    PHE    GLY    ILE    VAL    TYR    VAL    ASP    TYR    SER  
 THR    GLN    LYS    ARG    ILE    VAL    LYS    ASP    SER    GLY  
 TYR    TRP    TYR    SER    ASN    VAL    VAL    LYS    ASN    ASN  
 GLY    LEU    GLUT 

NUMERO DE AMINOACIDOS DA CADEIA : 443

RECONSTRUCAO  DO ATOMO   638  CE  DO AMINOACIDO    68 LYS  
RECONSTRUCAO  DO ATOMO   639  NZ  DO AMINOACIDO    68 LYS  
RECONSTRUCAO  DO ATOMO  2246  CG  DO AMINOACIDO   229 GLU  
RECONSTRUCAO  DO ATOMO  2247  CD  DO AMINOACIDO   229 GLU  
RECONSTRUCAO  DO ATOMO  2248  OE1 DO AMINOACIDO   229 GLU  
RECONSTRUCAO  DO ATOMO  2249  OE2 DO AMINOACIDO   229 GLU  
RECONSTRUCAO  DO ATOMO  2268  CB  DO AMINOACIDO   231 GLU  
RECONSTRUCAO  DO ATOMO  2269  CG  DO AMINOACIDO   231 GLU  
RECONSTRUCAO  DO ATOMO  2270  CD  DO AMINOACIDO   231 GLU  
RECONSTRUCAO  DO ATOMO  2271  OE1 DO AMINOACIDO   231 GLU  
RECONSTRUCAO  DO ATOMO  2272  OE2 DO AMINOACIDO   231 GLU  
RECONSTRUCAO  DO ATOMO  2824  CD  DO AMINOACIDO   284 LYS  
RECONSTRUCAO  DO ATOMO  2825  CE  DO AMINOACIDO   284 LYS  
RECONSTRUCAO  DO ATOMO  2826  NZ  DO AMINOACIDO   284 LYS  
RECONSTRUCAO  DO ATOMO  3086  CB  DO AMINOACIDO   312 GLU  
RECONSTRUCAO  DO ATOMO  3087  CG  DO AMINOACIDO   312 GLU  
RECONSTRUCAO  DO ATOMO  3088  CD  DO AMINOACIDO   312 GLU  
RECONSTRUCAO  DO ATOMO  3089  OE1 DO AMINOACIDO   312 GLU  
RECONSTRUCAO  DO ATOMO  3090  OE2 DO AMINOACIDO   312 GLU  
RECONSTRUCAO  DO ATOMO  4356  CD  DO AMINOACIDO   438 LYS  
RECONSTRUCAO  DO ATOMO  4357  CE  DO AMINOACIDO   438 LYS  
RECONSTRUCAO  DO ATOMO  4358  NZ  DO AMINOACIDO   438 LYS  
RECONSTRUCAO  DO ATOMO  4404  CG  DO AMINOACIDO   443 GLUT 
RECONSTRUCAO  DO ATOMO  4405  CD  DO AMINOACIDO   443 GLUT 
RECONSTRUCAO  DO ATOMO  4406  OE1 DO AMINOACIDO   443 GLUT 
RECONSTRUCAO  DO ATOMO  4407  OE2 DO AMINOACIDO   443 GLUT 
RECONSTRUCAO  DO ATOMO  4410  OXT DO AMINOACIDO   443 GLUT 

NUMERO DE ATOMOS DA CADEIA :  4410

FORAM RECONSTRUIDOS     9 ATOMOS DE HIDROGENIO
 VALI   LYS    LYS    PHE    PRO    GLU    GLY    PHE    LEU    TRP  
 GLY    VAL    ALA    THR    ALA    SER    TYR    GLN    ILE    GLU  
 GLY    SER    PRO    LEU    ALA    ASP    GLY    ALA    GLY    MET  
 SER    ILE    TRP    HISD   THR    PHE    SER    HISE   THR    PRO  
 GLY    ASN    VAL    LYS    ASN    GLY    ASP    THR    GLY    ASP  
 VAL    ALA    CYSH   ASP    HISD   TYR    ASN    ARG    TRP    LYS  
 GLU    ASP    ILE    GLU    ILE    ILE    GLU    LYS    LEU    GLY  
 VAL    LYS    ALA    TYR    ARG    PHE    SER    ILE    SER    TRP  
 PRO    ARG    ILE    LEU    PRO    GLU    GLY    THR    GLY    ARG  
 VAL    ASN    GLN    LYS    GLY    LEU    ASP    PHE    TYR    ASN  
 ARG    ILE    ILE    ASP    THR    LEU    LEU    GLU    LYS    GLY  
 ILE    THR    PRO    PHE    VAL    THR    ILE    TYR    HISD   TRP  
 ASPN2  LEU    PRO    PHE    ALA    LEU    GLN    LEU    LYS    GLY  
 GLY    TRP    ALA    ASN    ARG    GLU    ILE    ALA    ASP    TRP  
 PHE    ALA    GLU    TYR    SER    ARG    VAL    LEU    PHE    GLU  
 ASN    PHE    GLY    ASP    ARG    VAL    LYS    ASN    TRP    ILE  
 THR    LEU    ASN    GLUN2  PRO    TRP    VAL    VAL    ALA    ILE  
 VAL    GLY    HISD   LEU    TYR    GLY    VAL    HISD   ALA    PRO  
 GLY    MET    ARG    ASP    ILE    TYR    VAL    ALA    PHE    ARG  
 ALA    VAL    HISE   ASN    LEU    LEU    ARG    ALA    HISE   ALA  
 ARG    ALA    VAL    LYS    VAL    PHE    ARG    GLU    THR    VAL  
 LYS    ASP    GLY    LYS    ILE    GLY    ILE    VAL    PHE    ASN  
 ASN    GLY    TYR    PHE    GLU    PRO    ALA    SER    GLU    LYS  
 GLU    GLU    ASP    ILE    ARG    ALA    VAL    ARG    PHE    MET  
 HISE   GLN    PHE    ASN    ASN    TYR    PRO    LEU    PHE    LEU  
 ASN    PRO    ILE    TYR    ARG    GLY    ASP    TYR    PRO    GLU  
 LEU    VAL    LEU    GLU    PHE    ALA    ARG    GLU    TYR    LEU  
 PRO    GLU    ASN    TYR    LYS    ASP    ASP    MET    SER    GLU  
 ILE    GLN    GLU    LYS    ILE    ASP    PHE    VAL    GLY    LEU  
 ASN    TYR    TYR    SER    GLY    HISE   LEU    VAL    LYS    PHE  
 ASP    PRO    ASP    ALA    PRO    ALA    LYS    VAL    SER    PHE  
 VAL    GLU    ARG    ASP    LEU    PRO    LYS    THR    ALA    MET  
 GLY    TRP    GLU    ILE    VAL    PRO    GLU    GLY    ILE    TYR  
 TRP    ILE    LEU    LYS    LYS    VAL    LYS    GLU    GLU    TYR  
 ASN    PRO    PRO    GLU    VAL    TYR    ILE    THR    GLU    ASN  
 GLY    ALA    ALA    PHE    ASP    ASP    VAL    VAL    SER    GLU  
 ASP    GLY    ARG    VAL    HISP   ASP    GLN    ASN    ARG    ILE  
 ASP    TYR    LEU    LYS    ALA    HISD   ILE    GLY    GLN    ALA  
 TRP    LYS    ALA    ILE    GLN    GLU    GLY    VAL    PRO    LEU  
 LYS    GLY    TYR    PHE    VAL    TRP    SER    LEU    LEU    ASP  
 ASN    PHE    GLUN2  TRP    ALA    GLU    GLY    TYR    SER    LYS  
 ARG    PHE    GLY    ILE    VAL    TYR    VAL    ASP    TYR    SER  
 THR    GLN    LYS    ARG    ILE    VAL    LYS    ASP    SER    GLY  
 TYR    TRP    TYR    SER    ASN    VAL    VAL    LYS    ASN    ASN  
 GLY    LEU    GLUT 

NUMERO DE AMINOACIDOS DA CADEIA : 443

RECONSTRUCAO  DO ATOMO  2080  CG  DO AMINOACIDO   211 LYS  
RECONSTRUCAO  DO ATOMO  2081  CD  DO AMINOACIDO   211 LYS  
RECONSTRUCAO  DO ATOMO  2082  CE  DO AMINOACIDO   211 LYS  
RECONSTRUCAO  DO ATOMO  2083  NZ  DO AMINOACIDO   211 LYS  
RECONSTRUCAO  DO ATOMO  3040  CD  DO AMINOACIDO   307 LYS  
RECONSTRUCAO  DO ATOMO  3041  CE  DO AMINOACIDO   307 LYS  
RECONSTRUCAO  DO ATOMO  3042  NZ  DO AMINOACIDO   307 LYS  
RECONSTRUCAO  DO ATOMO  3706  CE  DO AMINOACIDO   374 LYS  
RECONSTRUCAO  DO ATOMO  3707  NZ  DO AMINOACIDO   374 LYS  
RECONSTRUCAO  DO ATOMO  4359  CE  DO AMINOACIDO   438 LYS  
RECONSTRUCAO  DO ATOMO  4360  NZ  DO AMINOACIDO   438 LYS  
RECONSTRUCAO  DO ATOMO  4412  OXT DO AMINOACIDO   443 GLUT 

NUMERO DE ATOMOS DA CADEIA :  4412

FORAM RECONSTRUIDOS    12 ATOMOS DE HIDROGENIO
