 ASNI   ASP    THR    SER    GLU    VAL    MET    LEU    LEU    ASP  
 THR    GLY    TRP    GLU    PHE    SER    GLN    SER    GLY    THR  
 GLU    LYS    TRP    MET    PRO    ALA    THR    VAL    PRO    GLY  
 THR    VAL    HISE   GLN    ASP    LEU    ILE    SER    HISP   GLU  
 LEU    LEU    PRO    ASN    PRO    PHE    TYR    GLY    MET    ASN  
 GLU    LYS    LYS    ILE    GLN    TRP    VAL    GLU    ASN    GLU  
 ASP    TRP    GLU    TYR    ARG    THR    SER    PHE    ILE    VAL  
 SER    GLU    GLU    GLN    LEU    ASN    ARG    ASP    GLY    ILE  
 GLN    LEU    ILE    PHE    GLU    GLY    LEU    ASP    THR    TYR  
 ALA    ASP    VAL    TYR    LEU    ASN    GLY    SER    LEU    LEU  
 LEU    LYS    ALA    ASP    ASN    MET    PHE    VAL    GLY    TYR  
 THR    LEU    PRO    VAL    LYS    SER    VAL    LEU    ARG    LYS  
 GLY    GLU    ASN    HISE   LEU    TYR    ILE    TYR    PHE    HISE 
 SER    PRO    ILE    ARG    GLN    THR    LEU    PRO    GLN    TYR  
 ALA    SER    ASN    GLY    PHE    ASN    TYR    PRO    ALA    ASP  
 ASN    ASP    HISD   HISE   GLU    LYS    HISD   LEU    SER    VAL  
 PHE    SER    ARG    LYS    ALA    PRO    TYR    SER    TYR    GLY  
 TRP    ASP    TRP    GLY    ILE    ARG    MET    VAL    THR    SER  
 GLY    VAL    TRP    ARG    PRO    VAL    THR    LEU    ARG    PHE  
 TYR    ASP    ILE    ALA    THR    ILE    SER    ASP    TYR    TYR  
 VAL    ARG    GLN    LEU    SER    LEU    THR    ASP    GLU    ASN  
 ALA    ARG    LEU    SER    ASN    GLU    LEU    ILE    VAL    ASN  
 GLN    ILE    VAL    PRO    GLN    LYS    ILE    PRO    ALA    GLU  
 VAL    ARG    VAL    ASN    VAL    SER    LEU    ASN    GLY    THR  
 THR    VAL    THR    GLU    VAL    LYS    GLN    GLN    VAL    THR  
 LEU    GLN    PRO    GLY    ILE    ASN    HISE   ILE    THR    LEU  
 PRO    ALA    GLU    VAL    THR    ASN    PRO    VAL    ARG    TRP  
 MET    PRO    ASN    GLY    TRP    GLY    THR    PRO    THR    LEU  
 TYR    ASP    PHE    SER    ALA    GLN    ILE    ALA    CYSH   GLY  
 ASP    ARG    ILE    VAL    ALA    GLU    GLN    SER    HISE   ARG  
 ILE    GLY    LEU    ARG    THR    ILE    ARG    VAL    VAL    ASN  
 GLU    LYS    ASP    LYS    ASP    GLY    GLU    SER    PHE    TYR  
 PHE    GLU    VAL    ASN    GLY    ILE    PRO    MET    PHE    ALA  
 LYS    GLY    ALA    ASN    TYR    ILE    PRO    GLN    ASP    ALA  
 LEU    LEU    PRO    ASN    VAL    THR    THR    GLU    ARG    TYR  
 GLN    THR    LEU    PHE    ARG    ASP    MET    LYS    GLU    ALA  
 ASN    MET    ASN    MET    VAL    ARG    ILE    TRP    GLY    GLY  
 GLY    THR    TYR    GLU    ASN    ASN    LEU    PHE    TYR    ASP  
 LEU    ALA    ASP    GLU    ASN    GLY    ILE    LEU    VAL    TRP  
 GLN    ASP    PHE    MET    PHE    ALA    CYSH   THR    PRO    TYR  
 PRO    SER    ASP    PRO    THR    PHE    LEU    LYS    ARG    VAL  
 GLU    ALA    GLU    ALA    VAL    TYR    ASN    ILE    ARG    ARG  
 LEU    ARG    ASN    HISP   ALA    SER    LEU    ALA    MET    TRP  
 CYSH   GLY    ASN    ASN    GLU    ILE    LEU    GLUN2  ALA    LEU  
 LYS    TYR    TRP    GLY    PHE    GLU    LYS    LYS    PHE    THR  
 PRO    GLU    VAL    TYR    GLN    GLY    LEU    MET    HISD   GLY  
 TYR    ASP    LYS    LEU    PHE    ARG    GLU    LEU    LEU    PRO  
 SER    THR    VAL    LYS    GLU    PHE    ASP    SER    ASP    ARG  
 PHE    TYR    VAL    HISD   SER    SER    PRO    TYR    LEU    ALA  
 ASN    TRP    GLY    ARG    PRO    GLU    SER    TRP    GLY    THR  
 GLY    ASP    SER    HISD   ASN    TRP    GLY    VAL    TRP    TYR  
 GLY    LYS    LYS    PRO    PHE    GLU    SER    LEU    ASP    THR  
 ASP    LEU    PRO    ARG    PHE    MET    SER    GLU    PHE    GLY  
 PHE    GLN    SER    PHE    PRO    GLUN2  MET    LYS    THR    ILE  
 ALA    ALA    PHE    ALA    ALA    PRO    GLU    ASP    TYR    GLN  
 ILE    GLU    SER    GLU    VAL    MET    ASN    ALA    HISP   GLN  
 LYS    SER    SER    ILE    GLY    ASN    SER    LEU    ILE    ARG  
 THR    TYR    MET    GLU    ARG    ASP    TYR    ILE    ILE    PRO  
 GLU    SER    PHE    GLU    ASP    PHE    VAL    TYR    VAL    GLY  
 LEU    VAL    LEU    GLN    GLY    GLN    GLY    MET    ARG    HISP 
 GLY    LEU    GLU    ALA    HISD   ARG    ARG    ASN    ARG    PRO  
 TYR    CYSH   MET    GLY    THR    LEU    TYR    TRP    GLN    LEU  
 ASN    ASP    SER    TRP    PRO    VAL    VAL    SER    TRP    SER  
 SER    ILE    ASP    TYR    TYR    GLY    ASN    TRP    LYS    ALA  
 LEU    HISE   TYR    GLN    ALA    LYS    ARG    ALA    PHE    ALA  
 PRO    VAL    LEU    ILE    ASN    PRO    ILE    GLN    GLN    ASN  
 ASP    SER    LEU    SER    VAL    TYR    LEU    ILE    SER    ASP  
 ARG    LEU    ASP    THR    MET    GLU    GLN    MET    THR    LEU  
 GLU    MET    LYS    VAL    VAL    ASP    PHE    ASP    GLY    LYS  
 THR    LEU    GLY    LYS    LYS    ILE    GLN    VAL    HISD   SER  
 LEU    GLU    VAL    PRO    ALA    ASN    THR    SER    LYS    CYSH 
 VAL    TYR    ARG    ALA    LYS    LEU    ASP    GLY    TRP    LEU  
 THR    PRO    GLU    ASP    CYSH   ARG    ARG    SER    PHE    LEU  
 LYS    LEU    ILE    LEU    LYS    ASP    LYS    SER    GLY    HISD 
 GLN    VAL    ALA    GLU    SER    VAL    HISE   PHE    PHE    ARG  
 LYS    THR    LYS    ASP    LEU    GLN    LEU    PRO    PRO    THR  
 SER    VAL    SER    TYR    GLN    MET    LYS    GLN    THR    ASP  
 GLY    LYS    CYSH   GLU    LEU    THR    LEU    PHE    SER    SER  
 MET    LEU    ALA    LYS    ASP    ILE    PHE    ILE    GLU    THR  
 PRO    LEU    GLN    GLY    ALA    ARG    TYR    SER    ASP    ASN  
 PHE    PHE    ASP    LEU    LEU    PRO    GLY    GLU    ARG    LYS  
 LYS    VAL    ILE    ILE    THR    SER    PRO    ARG    ILE    LYS  
 LEU    PRO    VAL    ASN    ILE    LYS    HISE   ILE    ARG    GLU  
 THR    TYR    LYST 

NUMERO DE AMINOACIDOS DA CADEIA : 833

RECONSTRUCAO  DO ATOMO   500  CE  DO AMINOACIDO    53 LYS  
RECONSTRUCAO  DO ATOMO   501  NZ  DO AMINOACIDO    53 LYS  
RECONSTRUCAO  DO ATOMO  2439  CE  DO AMINOACIDO   246 LYS  
RECONSTRUCAO  DO ATOMO  2440  NZ  DO AMINOACIDO   246 LYS  
RECONSTRUCAO  DO ATOMO  4425  CG  DO AMINOACIDO   447 LYS  
RECONSTRUCAO  DO ATOMO  4426  CD  DO AMINOACIDO   447 LYS  
RECONSTRUCAO  DO ATOMO  4427  CE  DO AMINOACIDO   447 LYS  
RECONSTRUCAO  DO ATOMO  4428  NZ  DO AMINOACIDO   447 LYS  
RECONSTRUCAO  DO ATOMO  4440  CE  DO AMINOACIDO   448 LYS  
RECONSTRUCAO  DO ATOMO  4441  NZ  DO AMINOACIDO   448 LYS  
RECONSTRUCAO  DO ATOMO  4698  CD  DO AMINOACIDO   474 LYS  
RECONSTRUCAO  DO ATOMO  4699  CE  DO AMINOACIDO   474 LYS  
RECONSTRUCAO  DO ATOMO  4700  NZ  DO AMINOACIDO   474 LYS  
RECONSTRUCAO  DO ATOMO  6892  CB  DO AMINOACIDO   694 LYS  
RECONSTRUCAO  DO ATOMO  6893  CG  DO AMINOACIDO   694 LYS  
RECONSTRUCAO  DO ATOMO  6894  CD  DO AMINOACIDO   694 LYS  
RECONSTRUCAO  DO ATOMO  6895  CE  DO AMINOACIDO   694 LYS  
RECONSTRUCAO  DO ATOMO  6896  NZ  DO AMINOACIDO   694 LYS  
RECONSTRUCAO  DO ATOMO  7104  CE  DO AMINOACIDO   715 LYS  
RECONSTRUCAO  DO ATOMO  7105  NZ  DO AMINOACIDO   715 LYS  
RECONSTRUCAO  DO ATOMO  7180  CD  DO AMINOACIDO   723 GLU  
RECONSTRUCAO  DO ATOMO  7181  OE1 DO AMINOACIDO   723 GLU  
RECONSTRUCAO  DO ATOMO  7182  OE2 DO AMINOACIDO   723 GLU  
RECONSTRUCAO  DO ATOMO  7226  CZ  DO AMINOACIDO   727 ARG  
RECONSTRUCAO  DO ATOMO  7228  NH1 DO AMINOACIDO   727 ARG  
RECONSTRUCAO  DO ATOMO  7231  NH2 DO AMINOACIDO   727 ARG  
RECONSTRUCAO  DO ATOMO  7477  NZ  DO AMINOACIDO   751 LYS  
RECONSTRUCAO  DO ATOMO  7680  CE  DO AMINOACIDO   772 LYS  
RECONSTRUCAO  DO ATOMO  7681  NZ  DO AMINOACIDO   772 LYS  
RECONSTRUCAO  DO ATOMO  8030  CG  DO AMINOACIDO   809 ARG  
RECONSTRUCAO  DO ATOMO  8031  CD  DO AMINOACIDO   809 ARG  
RECONSTRUCAO  DO ATOMO  8032  NE  DO AMINOACIDO   809 ARG  
RECONSTRUCAO  DO ATOMO  8033  CZ  DO AMINOACIDO   809 ARG  
RECONSTRUCAO  DO ATOMO  8035  NH1 DO AMINOACIDO   809 ARG  
RECONSTRUCAO  DO ATOMO  8038  NH2 DO AMINOACIDO   809 ARG  
RECONSTRUCAO  DO ATOMO  8063  NZ  DO AMINOACIDO   811 LYS  
RECONSTRUCAO  DO ATOMO  8126  CZ  DO AMINOACIDO   818 ARG  
RECONSTRUCAO  DO ATOMO  8128  NH1 DO AMINOACIDO   818 ARG  
RECONSTRUCAO  DO ATOMO  8131  NH2 DO AMINOACIDO   818 ARG  
RECONSTRUCAO  DO ATOMO  8293  NZ  DO AMINOACIDO   833 LYST 
RECONSTRUCAO  DO ATOMO  8299  OXT DO AMINOACIDO   833 LYST 

NUMERO DE ATOMOS DA CADEIA :  8299

FORAM RECONSTRUIDOS    44 ATOMOS DE HIDROGENIO
