 METI   LYS    PRO    HISE   PRO    TRP    PHE    PHE    GLY    LYS  
 ILE    PRO    ARG    ALA    LYS    ALA    GLU    GLU    MET    LEU  
 SER    LYS    GLN    ARG    HISD   ASP    GLY    ALA    PHE    LEU  
 ILE    ARG    GLU    SER    GLU    SER    ALA    PRO    GLY    ASP  
 PHE    SER    LEU    SER    VAL    LYS    PHE    GLY    ASN    ASP  
 VAL    GLN    HISE   PHE    LYS    VAL    LEU    ARG    ASP    GLY  
 ALA    GLY    LYS    TYR    PHE    LEU    TRP    VAL    VAL    LYS  
 PHE    ASN    SER    LEU    ASN    GLU    LEU    VAL    ASP    TYR  
 HISD   ARG    SER    THR    SER    VAL    SER    ARG    ASN    GLN  
 GLN    ILE    PHE    LEU    ARG    ASP    ILE    GLU    GLN    VAL  
 PRO    GLNT 

NUMERO DE AMINOACIDOS DA CADEIA : 102

RECONSTRUCAO  DO ATOMO  1028  CA  DO AMINOACIDO   102 GLNT 
RECONSTRUCAO  DO ATOMO  1029  CB  DO AMINOACIDO   102 GLNT 
RECONSTRUCAO  DO ATOMO  1030  CG  DO AMINOACIDO   102 GLNT 
RECONSTRUCAO  DO ATOMO  1031  CD  DO AMINOACIDO   102 GLNT 
RECONSTRUCAO  DO ATOMO  1032  OE1 DO AMINOACIDO   102 GLNT 
RECONSTRUCAO  DO ATOMO  1033  NE2 DO AMINOACIDO   102 GLNT 
RECONSTRUCAO  DO ATOMO  1036  C   DO AMINOACIDO   102 GLNT 
RECONSTRUCAO  DO ATOMO  1037  O   DO AMINOACIDO   102 GLNT 
RECONSTRUCAO  DO ATOMO  1038  OXT DO AMINOACIDO   102 GLNT 

NUMERO DE ATOMOS DA CADEIA :  1038

FORAM RECONSTRUIDOS     1 ATOMOS DE HIDROGENIO
