 GLUI   ARG    PRO    THR    PHE    TYR    ARG    GLN    GLU    LEU  
 ASN    LYS    THR    ILE    TRP    GLU    VAL    PRO    GLU    ARG  
 TYR    GLN    ASN    LEU    SER    PRO    VAL    GLY    SER    GLY  
 ALA    TYR    GLY    SER    VAL    CYSH   ALA    ALA    PHE    ASP  
 THR    LYS    THR    GLY    LEU    ARG    VAL    ALA    VAL    LYS  
 LYS    LEU    SER    ARG    PRO    PHE    GLN    SER    ILE    ILE  
 HISE   ALA    LYS    ARG    THR    TYR    ARG    GLU    LEU    ARG  
 LEU    LEU    LYS    HISE   MET    LYS    HISE   GLU    ASN    VAL  
 ILE    GLY    LEU    LEU    ASP    VAL    PHE    THR    PRO    ALA  
 ARG    SER    LEU    GLU    GLU    PHE    ASN    ASP    VAL    TYR  
 LEU    VAL    THR    HISE   LEU    MET    GLY    ALA    ASP    LEU  
 ASN    ASN    ILE    VAL    LYS    CYSH   GLN    LYS    LEU    THR  
 ASP    ASP    HISE   VAL    GLN    PHE    LEU    ILE    TYR    GLN  
 ILE    LEU    ARG    GLY    LEU    LYS    TYR    ILE    HISP   SER  
 ALA    ASP    ILE    ILE    HISE   ARG    ASP    LEU    LYS    PRO  
 SER    ASN    LEU    ALA    VAL    ASN    GLU    ASP    CYSH   GLU  
 LEU    LYS    ILE    LEU    ASP    PHE    GLY    LEU    THR    ASP  
 ASP    GLU    MET    THR    GLY    TYR    VAL    ALA    THR    ARG  
 TRP    TYR    ARG    ALA    PRO    GLU    ILE    MET    LEU    ASN  
 TRP    MET    HISD   TYR    ASN    GLN    THR    VAL    ASP    ILE  
 TRP    SER    VAL    GLY    CYSH   ILE    MET    ALA    GLU    LEU  
 LEU    THR    GLY    ARG    THR    LEU    PHE    PRO    GLY    THR  
 ASP    HISD   ILE    ASP    GLN    LEU    LYS    LEU    ILE    LEU  
 ARG    LEU    VAL    GLY    THR    PRO    GLY    ALA    GLU    LEU  
 LEU    LYS    LYS    ILE    SER    SER    GLU    SER    ALA    ARG  
 ASN    TYR    ILE    GLN    SER    LEU    THR    GLN    MET    PRO  
 LYS    MET    ASN    PHE    ALA    ASN    VAL    PHE    ILE    GLY  
 ALA    ASN    PRO    LEU    ALA    VAL    ASP    LEU    LEU    GLU  
 LYS    MET    LEU    VAL    LEU    ASP    SER    ASP    LYS    ARG  
 ILE    THR    ALA    ALA    GLN    ALA    LEU    ALA    HISE   ALA  
 TYR    PHE    ALA    GLN    TYR    HISP   ASP    PRO    ASP    ASP  
 GLU    PRO    VAL    ALA    ASP    PRO    TYR    ASP    GLN    SER  
 PHE    GLU    SER    ARG    ASP    LEU    LEU    ILE    ASP    GLU  
 TRP    LYS    SER    LEU    THR    TYR    ASP    GLU    VAL    ILE  
 SER    PHE    VAL    PRO    PRO    PRO    LEUT 

NUMERO DE AMINOACIDOS DA CADEIA : 347

RECONSTRUCAO  DO ATOMO  3407  OXT DO AMINOACIDO   347 LEUT 

NUMERO DE ATOMOS DA CADEIA :  3407

FORAM RECONSTRUIDOS     0 ATOMOS DE HIDROGENIO
